#
# There is insufficient memory for the Java Runtime Environment to continue.
# Native memory allocation (malloc) failed to allocate 97376 bytes for Chunk::new
# Possible reasons:
#   The system is out of physical RAM or swap space
#   The process is running with CompressedOops enabled, and the Java Heap may be blocking the growth of the native heap
# Possible solutions:
#   Reduce memory load on the system
#   Increase physical memory or swap space
#   Check if swap backing store is full
#   Decrease Java heap size (-Xmx/-Xms)
#   Decrease number of Java threads
#   Decrease Java thread stack sizes (-Xss)
#   Set larger code cache with -XX:ReservedCodeCacheSize=
#   JVM is running with Zero Based Compressed Oops mode in which the Java heap is
#     placed in the first 32GB address space. The Java Heap base address is the
#     maximum limit for the native heap growth. Please use -XX:HeapBaseMinAddress
#     to set the Java Heap base and to place the Java Heap above 32GB virtual address.
# This output file may be truncated or incomplete.
#
#  Out of Memory Error (arena.cpp:168), pid=29852, tid=41228
#
# JRE version: OpenJDK Runtime Environment (21.0.1+12) (build 21.0.1+12-29)
# Java VM: OpenJDK 64-Bit Server VM (21.0.1+12-29, mixed mode, tiered, compressed oops, compressed class ptrs, g1 gc, windows-amd64)
# No core dump will be written. Minidumps are not enabled by default on client versions of Windows
#

---------------  S U M M A R Y ------------

Command Line: -Dmaven.multiModuleProjectDirectory=C:\Users\samir\Downloads\7_webapp-jsf3[layouts]\webapp-jsf3 -Djansi.passthrough=true -Dmaven.home=C:\Program Files\JetBrains\IntelliJ IDEA 2023.2.5\plugins\maven\lib\maven3 -Dclassworlds.conf=C:\Program Files\JetBrains\IntelliJ IDEA 2023.2.5\plugins\maven\lib\maven3\bin\m2.conf -Dmaven.ext.class.path=C:\Program Files\JetBrains\IntelliJ IDEA 2023.2.5\plugins\maven\lib\maven-event-listener.jar -javaagent:C:\Program Files\JetBrains\IntelliJ IDEA 2023.2.5\lib\idea_rt.jar=51147:C:\Program Files\JetBrains\IntelliJ IDEA 2023.2.5\bin -Dfile.encoding=UTF-8 -Dsun.stdout.encoding=UTF-8 -Dsun.stderr.encoding=UTF-8 org.codehaus.classworlds.Launcher -Didea.version=2023.2.5 clean

Host: 11th Gen Intel(R) Core(TM) i5-11400H @ 2.70GHz, 12 cores, 23G,  Windows 11 , 64 bit Build 22621 (10.0.22621.3374)
Time: Sun Apr 28 17:47:25 2024 Hora est. Pacífico, Sudamérica elapsed time: 0.245839 seconds (0d 0h 0m 0s)

---------------  T H R E A D  ---------------

Current thread (0x000002a50d0d1010):  JavaThread "C2 CompilerThread0" daemon [_thread_in_native, id=41228, stack(0x000000fb7fe00000,0x000000fb7ff00000) (1024K)]


Current CompileTask:
C2:    245  346   !   4       java.util.zip.ZipFile$Source::checkAndAddEntry (295 bytes)

Stack: [0x000000fb7fe00000,0x000000fb7ff00000]
Native frames: (J=compiled Java code, j=interpreted, Vv=VM code, C=native code)
V  [jvm.dll+0x6c9029]
V  [jvm.dll+0x854b81]
V  [jvm.dll+0x856e5e]
V  [jvm.dll+0x857543]
V  [jvm.dll+0x280c06]
V  [jvm.dll+0xc3ead]
V  [jvm.dll+0xc43c3]
V  [jvm.dll+0x2f3f3f]
V  [jvm.dll+0x5f40a6]
V  [jvm.dll+0x252bef]
V  [jvm.dll+0x252fbf]
V  [jvm.dll+0x24b734]
V  [jvm.dll+0x248fa3]
V  [jvm.dll+0x1c9ca1]
V  [jvm.dll+0x2586b9]
V  [jvm.dll+0x256c9a]
V  [jvm.dll+0x3ef1b6]
V  [jvm.dll+0x7fd728]
V  [jvm.dll+0x6c777d]
C  [ucrtbase.dll+0x29333]
C  [KERNEL32.DLL+0x1257d]
C  [ntdll.dll+0x5aa48]


---------------  P R O C E S S  ---------------

Threads class SMR info:
_java_thread_list=0x000002a50d59e800, length=13, elements={
0x000002a5672e67c0, 0x000002a50d08e270, 0x000002a50d06d480, 0x000002a50d079bc0,
0x000002a50d07c720, 0x000002a50d071000, 0x000002a50d0a6fe0, 0x000002a50d0d1010,
0x000002a50d074a80, 0x000002a50d20c710, 0x000002a50d351530, 0x000002a50d390ea0,
0x000002a50d59c610
}

Java Threads: ( => current thread )
  0x000002a5672e67c0 JavaThread "main"                              [_thread_in_Java, id=9740, stack(0x000000fb7f000000,0x000000fb7f100000) (1024K)]
  0x000002a50d08e270 JavaThread "Reference Handler"          daemon [_thread_blocked, id=38280, stack(0x000000fb7f800000,0x000000fb7f900000) (1024K)]
  0x000002a50d06d480 JavaThread "Finalizer"                  daemon [_thread_blocked, id=3580, stack(0x000000fb7f900000,0x000000fb7fa00000) (1024K)]
  0x000002a50d079bc0 JavaThread "Signal Dispatcher"          daemon [_thread_blocked, id=5828, stack(0x000000fb7fa00000,0x000000fb7fb00000) (1024K)]
  0x000002a50d07c720 JavaThread "Attach Listener"            daemon [_thread_blocked, id=37380, stack(0x000000fb7fb00000,0x000000fb7fc00000) (1024K)]
  0x000002a50d071000 JavaThread "Service Thread"             daemon [_thread_blocked, id=22828, stack(0x000000fb7fc00000,0x000000fb7fd00000) (1024K)]
  0x000002a50d0a6fe0 JavaThread "Monitor Deflation Thread"   daemon [_thread_blocked, id=30988, stack(0x000000fb7fd00000,0x000000fb7fe00000) (1024K)]
=>0x000002a50d0d1010 JavaThread "C2 CompilerThread0"         daemon [_thread_in_native, id=41228, stack(0x000000fb7fe00000,0x000000fb7ff00000) (1024K)]
  0x000002a50d074a80 JavaThread "C1 CompilerThread0"         daemon [_thread_in_native, id=25248, stack(0x000000fb7ff00000,0x000000fb80000000) (1024K)]
  0x000002a50d20c710 JavaThread "Common-Cleaner"             daemon [_thread_blocked, id=6692, stack(0x000000fb00000000,0x000000fb00100000) (1024K)]
  0x000002a50d351530 JavaThread "Monitor Ctrl-Break"         daemon [_thread_in_native, id=26452, stack(0x000000fb00100000,0x000000fb00200000) (1024K)]
  0x000002a50d390ea0 JavaThread "Notification Thread"        daemon [_thread_blocked, id=22748, stack(0x000000fb00200000,0x000000fb00300000) (1024K)]
  0x000002a50d59c610 JavaThread "C2 CompilerThread1"         daemon [_thread_blocked, id=38340, stack(0x000000fb00300000,0x000000fb00400000) (1024K)]
Total: 13

Other Threads:
  0x000002a50d008840 VMThread "VM Thread"                           [id=12764, stack(0x000000fb7f700000,0x000000fb7f800000) (1024K)]
  0x000002a508f84aa0 WatcherThread "VM Periodic Task Thread"        [id=32816, stack(0x000000fb7f600000,0x000000fb7f700000) (1024K)]
  0x000002a56736a860 WorkerThread "GC Thread#0"                     [id=20024, stack(0x000000fb7f100000,0x000000fb7f200000) (1024K)]
  0x000002a567377610 ConcurrentGCThread "G1 Main Marker"            [id=13452, stack(0x000000fb7f200000,0x000000fb7f300000) (1024K)]
  0x000002a5673792d0 WorkerThread "G1 Conc#0"                       [id=9192, stack(0x000000fb7f300000,0x000000fb7f400000) (1024K)]
  0x000002a508e55df0 ConcurrentGCThread "G1 Refine#0"               [id=24316, stack(0x000000fb7f400000,0x000000fb7f500000) (1024K)]
  0x000002a508e56960 ConcurrentGCThread "G1 Service"                [id=26324, stack(0x000000fb7f500000,0x000000fb7f600000) (1024K)]
Total: 7

Threads with active compile tasks:
C2 CompilerThread0      254  346   !   4       java.util.zip.ZipFile$Source::checkAndAddEntry (295 bytes)
C1 CompilerThread0      254  388       3       java.io.WinNTFileSystem::normalize (224 bytes)
Total: 2

VM state: not at safepoint (normal execution)

VM Mutex/Monitor currently owned by a thread: None

Heap address: 0x0000000684400000, size: 6076 MB, Compressed Oops mode: Zero based, Oop shift amount: 3

CDS archive(s) not mapped
Compressed class space mapped at: 0x0000000800000000-0x0000000840000000, reserved size: 1073741824
Narrow klass base: 0x0000000800000000, Narrow klass shift: 0, Narrow klass range: 0x40000000

GC Precious Log:
 CardTable entry size: 512
 Card Set container configuration: InlinePtr #cards 4 size 8 Array Of Cards #cards 32 size 80 Howl #buckets 8 coarsen threshold 7372 Howl Bitmap #cards 1024 size 144 coarsen threshold 921 Card regions per heap region 1 cards per card region 8192
 CPUs: 12 total, 12 available
 Memory: 24298M
 Large Page Support: Disabled
 NUMA Support: Disabled
 Compressed Oops: Enabled (Zero based)
 Heap Region Size: 4M
 Heap Min Capacity: 8M
 Heap Initial Capacity: 380M
 Heap Max Capacity: 6076M
 Pre-touch: Disabled
 Parallel Workers: 10
 Concurrent Workers: 3
 Concurrent Refinement Workers: 10
 Periodic GC: Disabled

Heap:
 garbage-first heap   total 389120K, used 4096K [0x0000000684400000, 0x0000000800000000)
  region size 4096K, 2 young (8192K), 0 survivors (0K)
 Metaspace       used 8349K, committed 8512K, reserved 1114112K
  class space    used 696K, committed 768K, reserved 1048576K

Heap Regions: E=young(eden), S=young(survivor), O=old, HS=humongous(starts), HC=humongous(continues), CS=collection set, F=free, TAMS=top-at-mark-start, PB=parsable bottom
|   0|0x0000000684400000, 0x0000000684400000, 0x0000000684800000|  0%| F|  |TAMS 0x0000000684400000| PB 0x0000000684400000| Untracked 
|   1|0x0000000684800000, 0x0000000684800000, 0x0000000684c00000|  0%| F|  |TAMS 0x0000000684800000| PB 0x0000000684800000| Untracked 
|   2|0x0000000684c00000, 0x0000000684c00000, 0x0000000685000000|  0%| F|  |TAMS 0x0000000684c00000| PB 0x0000000684c00000| Untracked 
|   3|0x0000000685000000, 0x0000000685000000, 0x0000000685400000|  0%| F|  |TAMS 0x0000000685000000| PB 0x0000000685000000| Untracked 
|   4|0x0000000685400000, 0x0000000685400000, 0x0000000685800000|  0%| F|  |TAMS 0x0000000685400000| PB 0x0000000685400000| Untracked 
|   5|0x0000000685800000, 0x0000000685800000, 0x0000000685c00000|  0%| F|  |TAMS 0x0000000685800000| PB 0x0000000685800000| Untracked 
|   6|0x0000000685c00000, 0x0000000685c00000, 0x0000000686000000|  0%| F|  |TAMS 0x0000000685c00000| PB 0x0000000685c00000| Untracked 
|   7|0x0000000686000000, 0x0000000686000000, 0x0000000686400000|  0%| F|  |TAMS 0x0000000686000000| PB 0x0000000686000000| Untracked 
|   8|0x0000000686400000, 0x0000000686400000, 0x0000000686800000|  0%| F|  |TAMS 0x0000000686400000| PB 0x0000000686400000| Untracked 
|   9|0x0000000686800000, 0x0000000686800000, 0x0000000686c00000|  0%| F|  |TAMS 0x0000000686800000| PB 0x0000000686800000| Untracked 
|  10|0x0000000686c00000, 0x0000000686c00000, 0x0000000687000000|  0%| F|  |TAMS 0x0000000686c00000| PB 0x0000000686c00000| Untracked 
|  11|0x0000000687000000, 0x0000000687000000, 0x0000000687400000|  0%| F|  |TAMS 0x0000000687000000| PB 0x0000000687000000| Untracked 
|  12|0x0000000687400000, 0x0000000687400000, 0x0000000687800000|  0%| F|  |TAMS 0x0000000687400000| PB 0x0000000687400000| Untracked 
|  13|0x0000000687800000, 0x0000000687800000, 0x0000000687c00000|  0%| F|  |TAMS 0x0000000687800000| PB 0x0000000687800000| Untracked 
|  14|0x0000000687c00000, 0x0000000687c00000, 0x0000000688000000|  0%| F|  |TAMS 0x0000000687c00000| PB 0x0000000687c00000| Untracked 
|  15|0x0000000688000000, 0x0000000688000000, 0x0000000688400000|  0%| F|  |TAMS 0x0000000688000000| PB 0x0000000688000000| Untracked 
|  16|0x0000000688400000, 0x0000000688400000, 0x0000000688800000|  0%| F|  |TAMS 0x0000000688400000| PB 0x0000000688400000| Untracked 
|  17|0x0000000688800000, 0x0000000688800000, 0x0000000688c00000|  0%| F|  |TAMS 0x0000000688800000| PB 0x0000000688800000| Untracked 
|  18|0x0000000688c00000, 0x0000000688c00000, 0x0000000689000000|  0%| F|  |TAMS 0x0000000688c00000| PB 0x0000000688c00000| Untracked 
|  19|0x0000000689000000, 0x0000000689000000, 0x0000000689400000|  0%| F|  |TAMS 0x0000000689000000| PB 0x0000000689000000| Untracked 
|  20|0x0000000689400000, 0x0000000689400000, 0x0000000689800000|  0%| F|  |TAMS 0x0000000689400000| PB 0x0000000689400000| Untracked 
|  21|0x0000000689800000, 0x0000000689800000, 0x0000000689c00000|  0%| F|  |TAMS 0x0000000689800000| PB 0x0000000689800000| Untracked 
|  22|0x0000000689c00000, 0x0000000689c00000, 0x000000068a000000|  0%| F|  |TAMS 0x0000000689c00000| PB 0x0000000689c00000| Untracked 
|  23|0x000000068a000000, 0x000000068a000000, 0x000000068a400000|  0%| F|  |TAMS 0x000000068a000000| PB 0x000000068a000000| Untracked 
|  24|0x000000068a400000, 0x000000068a400000, 0x000000068a800000|  0%| F|  |TAMS 0x000000068a400000| PB 0x000000068a400000| Untracked 
|  25|0x000000068a800000, 0x000000068a800000, 0x000000068ac00000|  0%| F|  |TAMS 0x000000068a800000| PB 0x000000068a800000| Untracked 
|  26|0x000000068ac00000, 0x000000068ac00000, 0x000000068b000000|  0%| F|  |TAMS 0x000000068ac00000| PB 0x000000068ac00000| Untracked 
|  27|0x000000068b000000, 0x000000068b000000, 0x000000068b400000|  0%| F|  |TAMS 0x000000068b000000| PB 0x000000068b000000| Untracked 
|  28|0x000000068b400000, 0x000000068b400000, 0x000000068b800000|  0%| F|  |TAMS 0x000000068b400000| PB 0x000000068b400000| Untracked 
|  29|0x000000068b800000, 0x000000068b800000, 0x000000068bc00000|  0%| F|  |TAMS 0x000000068b800000| PB 0x000000068b800000| Untracked 
|  30|0x000000068bc00000, 0x000000068bc00000, 0x000000068c000000|  0%| F|  |TAMS 0x000000068bc00000| PB 0x000000068bc00000| Untracked 
|  31|0x000000068c000000, 0x000000068c000000, 0x000000068c400000|  0%| F|  |TAMS 0x000000068c000000| PB 0x000000068c000000| Untracked 
|  32|0x000000068c400000, 0x000000068c400000, 0x000000068c800000|  0%| F|  |TAMS 0x000000068c400000| PB 0x000000068c400000| Untracked 
|  33|0x000000068c800000, 0x000000068c800000, 0x000000068cc00000|  0%| F|  |TAMS 0x000000068c800000| PB 0x000000068c800000| Untracked 
|  34|0x000000068cc00000, 0x000000068cc00000, 0x000000068d000000|  0%| F|  |TAMS 0x000000068cc00000| PB 0x000000068cc00000| Untracked 
|  35|0x000000068d000000, 0x000000068d000000, 0x000000068d400000|  0%| F|  |TAMS 0x000000068d000000| PB 0x000000068d000000| Untracked 
|  36|0x000000068d400000, 0x000000068d400000, 0x000000068d800000|  0%| F|  |TAMS 0x000000068d400000| PB 0x000000068d400000| Untracked 
|  37|0x000000068d800000, 0x000000068d800000, 0x000000068dc00000|  0%| F|  |TAMS 0x000000068d800000| PB 0x000000068d800000| Untracked 
|  38|0x000000068dc00000, 0x000000068dc00000, 0x000000068e000000|  0%| F|  |TAMS 0x000000068dc00000| PB 0x000000068dc00000| Untracked 
|  39|0x000000068e000000, 0x000000068e000000, 0x000000068e400000|  0%| F|  |TAMS 0x000000068e000000| PB 0x000000068e000000| Untracked 
|  40|0x000000068e400000, 0x000000068e400000, 0x000000068e800000|  0%| F|  |TAMS 0x000000068e400000| PB 0x000000068e400000| Untracked 
|  41|0x000000068e800000, 0x000000068e800000, 0x000000068ec00000|  0%| F|  |TAMS 0x000000068e800000| PB 0x000000068e800000| Untracked 
|  42|0x000000068ec00000, 0x000000068ec00000, 0x000000068f000000|  0%| F|  |TAMS 0x000000068ec00000| PB 0x000000068ec00000| Untracked 
|  43|0x000000068f000000, 0x000000068f000000, 0x000000068f400000|  0%| F|  |TAMS 0x000000068f000000| PB 0x000000068f000000| Untracked 
|  44|0x000000068f400000, 0x000000068f400000, 0x000000068f800000|  0%| F|  |TAMS 0x000000068f400000| PB 0x000000068f400000| Untracked 
|  45|0x000000068f800000, 0x000000068f800000, 0x000000068fc00000|  0%| F|  |TAMS 0x000000068f800000| PB 0x000000068f800000| Untracked 
|  46|0x000000068fc00000, 0x000000068fc00000, 0x0000000690000000|  0%| F|  |TAMS 0x000000068fc00000| PB 0x000000068fc00000| Untracked 
|  47|0x0000000690000000, 0x0000000690000000, 0x0000000690400000|  0%| F|  |TAMS 0x0000000690000000| PB 0x0000000690000000| Untracked 
|  48|0x0000000690400000, 0x0000000690400000, 0x0000000690800000|  0%| F|  |TAMS 0x0000000690400000| PB 0x0000000690400000| Untracked 
|  49|0x0000000690800000, 0x0000000690800000, 0x0000000690c00000|  0%| F|  |TAMS 0x0000000690800000| PB 0x0000000690800000| Untracked 
|  50|0x0000000690c00000, 0x0000000690c00000, 0x0000000691000000|  0%| F|  |TAMS 0x0000000690c00000| PB 0x0000000690c00000| Untracked 
|  51|0x0000000691000000, 0x0000000691000000, 0x0000000691400000|  0%| F|  |TAMS 0x0000000691000000| PB 0x0000000691000000| Untracked 
|  52|0x0000000691400000, 0x0000000691400000, 0x0000000691800000|  0%| F|  |TAMS 0x0000000691400000| PB 0x0000000691400000| Untracked 
|  53|0x0000000691800000, 0x0000000691800000, 0x0000000691c00000|  0%| F|  |TAMS 0x0000000691800000| PB 0x0000000691800000| Untracked 
|  54|0x0000000691c00000, 0x0000000691c00000, 0x0000000692000000|  0%| F|  |TAMS 0x0000000691c00000| PB 0x0000000691c00000| Untracked 
|  55|0x0000000692000000, 0x0000000692000000, 0x0000000692400000|  0%| F|  |TAMS 0x0000000692000000| PB 0x0000000692000000| Untracked 
|  56|0x0000000692400000, 0x0000000692400000, 0x0000000692800000|  0%| F|  |TAMS 0x0000000692400000| PB 0x0000000692400000| Untracked 
|  57|0x0000000692800000, 0x0000000692800000, 0x0000000692c00000|  0%| F|  |TAMS 0x0000000692800000| PB 0x0000000692800000| Untracked 
|  58|0x0000000692c00000, 0x0000000692c00000, 0x0000000693000000|  0%| F|  |TAMS 0x0000000692c00000| PB 0x0000000692c00000| Untracked 
|  59|0x0000000693000000, 0x0000000693000000, 0x0000000693400000|  0%| F|  |TAMS 0x0000000693000000| PB 0x0000000693000000| Untracked 
|  60|0x0000000693400000, 0x0000000693400000, 0x0000000693800000|  0%| F|  |TAMS 0x0000000693400000| PB 0x0000000693400000| Untracked 
|  61|0x0000000693800000, 0x0000000693800000, 0x0000000693c00000|  0%| F|  |TAMS 0x0000000693800000| PB 0x0000000693800000| Untracked 
|  62|0x0000000693c00000, 0x0000000693c00000, 0x0000000694000000|  0%| F|  |TAMS 0x0000000693c00000| PB 0x0000000693c00000| Untracked 
|  63|0x0000000694000000, 0x0000000694000000, 0x0000000694400000|  0%| F|  |TAMS 0x0000000694000000| PB 0x0000000694000000| Untracked 
|  64|0x0000000694400000, 0x0000000694400000, 0x0000000694800000|  0%| F|  |TAMS 0x0000000694400000| PB 0x0000000694400000| Untracked 
|  65|0x0000000694800000, 0x0000000694800000, 0x0000000694c00000|  0%| F|  |TAMS 0x0000000694800000| PB 0x0000000694800000| Untracked 
|  66|0x0000000694c00000, 0x0000000694c00000, 0x0000000695000000|  0%| F|  |TAMS 0x0000000694c00000| PB 0x0000000694c00000| Untracked 
|  67|0x0000000695000000, 0x0000000695000000, 0x0000000695400000|  0%| F|  |TAMS 0x0000000695000000| PB 0x0000000695000000| Untracked 
|  68|0x0000000695400000, 0x0000000695400000, 0x0000000695800000|  0%| F|  |TAMS 0x0000000695400000| PB 0x0000000695400000| Untracked 
|  69|0x0000000695800000, 0x0000000695800000, 0x0000000695c00000|  0%| F|  |TAMS 0x0000000695800000| PB 0x0000000695800000| Untracked 
|  70|0x0000000695c00000, 0x0000000695c00000, 0x0000000696000000|  0%| F|  |TAMS 0x0000000695c00000| PB 0x0000000695c00000| Untracked 
|  71|0x0000000696000000, 0x0000000696000000, 0x0000000696400000|  0%| F|  |TAMS 0x0000000696000000| PB 0x0000000696000000| Untracked 
|  72|0x0000000696400000, 0x0000000696400000, 0x0000000696800000|  0%| F|  |TAMS 0x0000000696400000| PB 0x0000000696400000| Untracked 
|  73|0x0000000696800000, 0x0000000696800000, 0x0000000696c00000|  0%| F|  |TAMS 0x0000000696800000| PB 0x0000000696800000| Untracked 
|  74|0x0000000696c00000, 0x0000000696c00000, 0x0000000697000000|  0%| F|  |TAMS 0x0000000696c00000| PB 0x0000000696c00000| Untracked 
|  75|0x0000000697000000, 0x0000000697000000, 0x0000000697400000|  0%| F|  |TAMS 0x0000000697000000| PB 0x0000000697000000| Untracked 
|  76|0x0000000697400000, 0x0000000697400000, 0x0000000697800000|  0%| F|  |TAMS 0x0000000697400000| PB 0x0000000697400000| Untracked 
|  77|0x0000000697800000, 0x0000000697800000, 0x0000000697c00000|  0%| F|  |TAMS 0x0000000697800000| PB 0x0000000697800000| Untracked 
|  78|0x0000000697c00000, 0x0000000697c00000, 0x0000000698000000|  0%| F|  |TAMS 0x0000000697c00000| PB 0x0000000697c00000| Untracked 
|  79|0x0000000698000000, 0x0000000698000000, 0x0000000698400000|  0%| F|  |TAMS 0x0000000698000000| PB 0x0000000698000000| Untracked 
|  80|0x0000000698400000, 0x0000000698400000, 0x0000000698800000|  0%| F|  |TAMS 0x0000000698400000| PB 0x0000000698400000| Untracked 
|  81|0x0000000698800000, 0x0000000698800000, 0x0000000698c00000|  0%| F|  |TAMS 0x0000000698800000| PB 0x0000000698800000| Untracked 
|  82|0x0000000698c00000, 0x0000000698c00000, 0x0000000699000000|  0%| F|  |TAMS 0x0000000698c00000| PB 0x0000000698c00000| Untracked 
|  83|0x0000000699000000, 0x0000000699000000, 0x0000000699400000|  0%| F|  |TAMS 0x0000000699000000| PB 0x0000000699000000| Untracked 
|  84|0x0000000699400000, 0x0000000699400000, 0x0000000699800000|  0%| F|  |TAMS 0x0000000699400000| PB 0x0000000699400000| Untracked 
|  85|0x0000000699800000, 0x0000000699800000, 0x0000000699c00000|  0%| F|  |TAMS 0x0000000699800000| PB 0x0000000699800000| Untracked 
|  86|0x0000000699c00000, 0x0000000699c00000, 0x000000069a000000|  0%| F|  |TAMS 0x0000000699c00000| PB 0x0000000699c00000| Untracked 
|  87|0x000000069a000000, 0x000000069a000000, 0x000000069a400000|  0%| F|  |TAMS 0x000000069a000000| PB 0x000000069a000000| Untracked 
|  88|0x000000069a400000, 0x000000069a400000, 0x000000069a800000|  0%| F|  |TAMS 0x000000069a400000| PB 0x000000069a400000| Untracked 
|  89|0x000000069a800000, 0x000000069a800000, 0x000000069ac00000|  0%| F|  |TAMS 0x000000069a800000| PB 0x000000069a800000| Untracked 
|  90|0x000000069ac00000, 0x000000069ac00000, 0x000000069b000000|  0%| F|  |TAMS 0x000000069ac00000| PB 0x000000069ac00000| Untracked 
|  91|0x000000069b000000, 0x000000069b000000, 0x000000069b400000|  0%| F|  |TAMS 0x000000069b000000| PB 0x000000069b000000| Untracked 
|  92|0x000000069b400000, 0x000000069b400000, 0x000000069b800000|  0%| F|  |TAMS 0x000000069b400000| PB 0x000000069b400000| Untracked 
|  93|0x000000069b800000, 0x000000069ba00b28, 0x000000069bc00000| 50%| E|  |TAMS 0x000000069b800000| PB 0x000000069b800000| Complete 
|  94|0x000000069bc00000, 0x000000069c000000, 0x000000069c000000|100%| E|CS|TAMS 0x000000069bc00000| PB 0x000000069bc00000| Complete 

Card table byte_map: [0x000002a500000000,0x000002a500be0000] _byte_map_base: 0x000002a4fcbde000

Marking Bits: (CMBitMap*) 0x000002a56736af60
 Bits: [0x000002a500be0000, 0x000002a506ad0000)

Polling page: 0x000002a565030000

Metaspace:

Usage:
  Non-class:      7.49 MB used.
      Class:    698.08 KB used.
       Both:      8.17 MB used.

Virtual space:
  Non-class space:       64.00 MB reserved,       7.56 MB ( 12%) committed,  1 nodes.
      Class space:        1.00 GB reserved,     768.00 KB ( <1%) committed,  1 nodes.
             Both:        1.06 GB reserved,       8.31 MB ( <1%) committed. 

Chunk freelists:
   Non-Class:  8.31 MB
       Class:  15.21 MB
        Both:  23.52 MB

MaxMetaspaceSize: unlimited
CompressedClassSpaceSize: 1.00 GB
Initial GC threshold: 21.00 MB
Current GC threshold: 21.00 MB
CDS: off
 - commit_granule_bytes: 65536.
 - commit_granule_words: 8192.
 - virtual_space_node_default_size: 8388608.
 - enlarge_chunks_in_place: 1.
 - use_allocation_guard: 0.


Internal statistics:

num_allocs_failed_limit: 0.
num_arena_births: 30.
num_arena_deaths: 0.
num_vsnodes_births: 2.
num_vsnodes_deaths: 0.
num_space_committed: 133.
num_space_uncommitted: 0.
num_chunks_returned_to_freelist: 0.
num_chunks_taken_from_freelist: 68.
num_chunk_merges: 0.
num_chunk_splits: 32.
num_chunks_enlarged: 15.
num_inconsistent_stats: 0.

CodeHeap 'non-profiled nmethods': size=120000Kb used=129Kb max_used=129Kb free=119870Kb
 bounds [0x000002a577200000, 0x000002a577470000, 0x000002a57e730000]
CodeHeap 'profiled nmethods': size=120000Kb used=497Kb max_used=497Kb free=119502Kb
 bounds [0x000002a56f730000, 0x000002a56f9a0000, 0x000002a576c60000]
CodeHeap 'non-nmethods': size=5760Kb used=1436Kb max_used=1463Kb free=4323Kb
 bounds [0x000002a576c60000, 0x000002a576ed0000, 0x000002a577200000]
 total_blobs=821 nmethods=394 adapters=332
 compilation: enabled
              stopped_count=0, restarted_count=0
 full_count=0

Compilation events (20 events):
Event: 0.243 Thread 0x000002a50d59c610  341       4       java.io.WinNTFileSystem::isSlash (18 bytes)
Event: 0.243 Thread 0x000002a50d074a80 nmethod 340 0x000002a56f797210 code [0x000002a56f7973c0, 0x000002a56f797640]
Event: 0.243 Thread 0x000002a50d074a80  342       3       java.io.WinNTFileSystem::normalize (143 bytes)
Event: 0.243 Thread 0x000002a50d0d1010  343       4       java.util.zip.ZipFile$Source::zipCoderForPos (39 bytes)
Event: 0.243 Thread 0x000002a50d59c610 nmethod 341 0x000002a57721d310 code [0x000002a57721d4a0, 0x000002a57721d540]
Event: 0.243 Thread 0x000002a50d59c610  344       4       java.util.zip.ZipUtils::CENHOW (9 bytes)
Event: 0.243 Thread 0x000002a50d074a80 nmethod 342 0x000002a56f797710 code [0x000002a56f7979a0, 0x000002a56f798488]
Event: 0.243 Thread 0x000002a50d0d1010 nmethod 343 0x000002a57721d610 code [0x000002a57721d7a0, 0x000002a57721d870]
Event: 0.244 Thread 0x000002a50d59c610 nmethod 344 0x000002a57721d910 code [0x000002a57721daa0, 0x000002a57721db80]
Event: 0.244 Thread 0x000002a50d074a80  345       3       sun.nio.fs.WindowsPathParser::nextNonSlash (24 bytes)
Event: 0.244 Thread 0x000002a50d0d1010  346   !   4       java.util.zip.ZipFile$Source::checkAndAddEntry (295 bytes)
Event: 0.244 Thread 0x000002a50d59c610  347       4       java.util.zip.ZipCoder$UTF8ZipCoder::checkedHash (79 bytes)
Event: 0.244 Thread 0x000002a50d074a80 nmethod 345 0x000002a56f798890 code [0x000002a56f798aa0, 0x000002a56f799200]
Event: 0.244 Thread 0x000002a50d074a80  348   !   3       java.util.zip.ZipFile$Source::readFullyAt (74 bytes)
Event: 0.244 Thread 0x000002a50d074a80 nmethod 348 0x000002a56f799510 code [0x000002a56f799700, 0x000002a56f799b68]
Event: 0.244 Thread 0x000002a50d074a80  349       1       java.lang.Integer::intValue (5 bytes)
Event: 0.244 Thread 0x000002a50d074a80 nmethod 349 0x000002a57721dc90 code [0x000002a57721de20, 0x000002a57721dee8]
Event: 0.245 Thread 0x000002a50d59c610 nmethod 347 0x000002a57721df90 code [0x000002a57721e160, 0x000002a57721e560]
Event: 0.245 Thread 0x000002a50d59c610  350       4       java.lang.CharacterDataLatin1::toLowerCase (44 bytes)
Event: 0.245 Thread 0x000002a50d074a80  351       3       java.util.zip.ZipFile$Source::getEntryHash (7 bytes)

GC Heap History (0 events):
No events

Dll operation events (9 events):
Event: 0.005 Loaded shared library C:\Users\samir\.jdks\openjdk-21.0.1\bin\java.dll
Event: 0.082 Loaded shared library C:\Users\samir\.jdks\openjdk-21.0.1\bin\jsvml.dll
Event: 0.166 Loaded shared library C:\Users\samir\.jdks\openjdk-21.0.1\bin\zip.dll
Event: 0.170 Loaded shared library C:\Users\samir\.jdks\openjdk-21.0.1\bin\instrument.dll
Event: 0.183 Loaded shared library C:\Users\samir\.jdks\openjdk-21.0.1\bin\net.dll
Event: 0.184 Loaded shared library C:\Users\samir\.jdks\openjdk-21.0.1\bin\nio.dll
Event: 0.193 Loaded shared library C:\Users\samir\.jdks\openjdk-21.0.1\bin\zip.dll
Event: 0.204 Loaded shared library C:\Program Files\JetBrains\IntelliJ IDEA 2023.2.5\bin\breakgen64.dll
Event: 0.216 Loaded shared library C:\Users\samir\.jdks\openjdk-21.0.1\bin\extnet.dll

Deoptimization events (4 events):
Event: 0.206 Thread 0x000002a5672e67c0 Uncommon trap: trap_request=0xffffff45 fr.pc=0x000002a57720f864 relative=0x00000000000000c4
Event: 0.206 Thread 0x000002a5672e67c0 Uncommon trap: reason=unstable_if action=reinterpret pc=0x000002a57720f864 method=java.lang.String.isLatin1()Z @ 10 c2
Event: 0.206 Thread 0x000002a5672e67c0 DEOPT PACKING pc=0x000002a57720f864 sp=0x000000fb7f0ff100
Event: 0.206 Thread 0x000002a5672e67c0 DEOPT UNPACKING pc=0x000002a576cb7da2 sp=0x000000fb7f0ff040 mode 2

Classes loaded (20 events):
Event: 0.237 Loading class sun/security/util/FilePermCompat
Event: 0.237 Loading class sun/security/util/FilePermCompat done
Event: 0.237 Loading class sun/security/util/SecurityProperties
Event: 0.237 Loading class sun/security/util/SecurityProperties done
Event: 0.237 Loading class java/security/Security
Event: 0.238 Loading class java/security/Security done
Event: 0.239 Loading class java/util/concurrent/ConcurrentHashMap$EntrySetView
Event: 0.240 Loading class java/util/concurrent/ConcurrentHashMap$EntrySetView done
Event: 0.240 Loading class java/util/concurrent/ConcurrentHashMap$EntryIterator
Event: 0.240 Loading class java/util/concurrent/ConcurrentHashMap$EntryIterator done
Event: 0.240 Loading class java/util/concurrent/ConcurrentHashMap$MapEntry
Event: 0.240 Loading class java/util/concurrent/ConcurrentHashMap$MapEntry done
Event: 0.240 Loading class java/security/Security$1
Event: 0.240 Loading class jdk/internal/access/JavaSecurityPropertiesAccess
Event: 0.240 Loading class jdk/internal/access/JavaSecurityPropertiesAccess done
Event: 0.240 Loading class java/security/Security$1 done
Event: 0.240 Loading class java/io/FilePermissionCollection
Event: 0.240 Loading class java/io/FilePermissionCollection done
Event: 0.240 Loading class java/util/Vector
Event: 0.240 Loading class java/util/Vector done

Classes unloaded (0 events):
No events

Classes redefined (0 events):
No events

Internal exceptions (4 events):
Event: 0.199 Thread 0x000002a5672e67c0 Exception <a 'java/lang/NoSuchMethodError'{0x000000069bee2a08}: 'void java.lang.invoke.DirectMethodHandle$Holder.invokeStatic(java.lang.Object, java.lang.Object, java.lang.Object)'> (0x000000069bee2a08) 
thrown [s\open\src\hotspot\share\interpreter\linkResolver.cpp, line 773]
Event: 0.202 Thread 0x000002a5672e67c0 Exception <a 'java/lang/NoSuchMethodError'{0x000000069bef9df8}: 'java.lang.Object java.lang.invoke.Invokers$Holder.invokeExact_MT(java.lang.Object, java.lang.Object, java.lang.Object, java.lang.Object, java.lang.Object)'> (0x000000069bef9df8) 
thrown [s\open\src\hotspot\share\interpreter\linkResolver.cpp, line 773]
Event: 0.216 Thread 0x000002a50d351530 Exception <a 'java/lang/NoSuchMethodError'{0x000000069bf3b450}: 'void java.lang.invoke.DirectMethodHandle$Holder.invokeStatic(java.lang.Object, java.lang.Object)'> (0x000000069bf3b450) 
thrown [s\open\src\hotspot\share\interpreter\linkResolver.cpp, line 773]
Event: 0.225 Thread 0x000002a5672e67c0 Exception <a 'java/lang/NoSuchMethodError'{0x000000069bfd9660}: 'int java.lang.invoke.DirectMethodHandle$Holder.invokeSpecial(java.lang.Object, java.lang.Object, java.lang.Object)'> (0x000000069bfd9660) 
thrown [s\open\src\hotspot\share\interpreter\linkResolver.cpp, line 773]

ZGC Phase Switch (0 events):
No events

VM Operations (2 events):
Event: 0.157 Executing VM operation: HandshakeAllThreads (Deoptimize)
Event: 0.157 Executing VM operation: HandshakeAllThreads (Deoptimize) done

Events (13 events):
Event: 0.011 Thread 0x000002a5672e67c0 Thread added: 0x000002a5672e67c0
Event: 0.078 Thread 0x000002a50d08e270 Thread added: 0x000002a50d08e270
Event: 0.078 Thread 0x000002a50d06d480 Thread added: 0x000002a50d06d480
Event: 0.080 Thread 0x000002a50d079bc0 Thread added: 0x000002a50d079bc0
Event: 0.080 Thread 0x000002a50d07c720 Thread added: 0x000002a50d07c720
Event: 0.080 Thread 0x000002a50d071000 Thread added: 0x000002a50d071000
Event: 0.080 Thread 0x000002a50d0a6fe0 Thread added: 0x000002a50d0a6fe0
Event: 0.080 Thread 0x000002a50d0d1010 Thread added: 0x000002a50d0d1010
Event: 0.080 Thread 0x000002a50d074a80 Thread added: 0x000002a50d074a80
Event: 0.144 Thread 0x000002a50d20c710 Thread added: 0x000002a50d20c710
Event: 0.205 Thread 0x000002a50d351530 Thread added: 0x000002a50d351530
Event: 0.205 Thread 0x000002a50d390ea0 Thread added: 0x000002a50d390ea0
Event: 0.231 Thread 0x000002a50d59c610 Thread added: 0x000002a50d59c610


Dynamic libraries:
0x00007ff7a90a0000 - 0x00007ff7a90ae000 	C:\Users\samir\.jdks\openjdk-21.0.1\bin\java.exe
0x00007ffeb51d0000 - 0x00007ffeb53e6000 	C:\Windows\SYSTEM32\ntdll.dll
0x00007ffeb38b0000 - 0x00007ffeb3974000 	C:\Windows\System32\KERNEL32.DLL
0x00007ffeb24f0000 - 0x00007ffeb2897000 	C:\Windows\System32\KERNELBASE.dll
0x00007ffeb2a90000 - 0x00007ffeb2ba1000 	C:\Windows\System32\ucrtbase.dll
0x00007ffeaa8e0000 - 0x00007ffeaa8f8000 	C:\Users\samir\.jdks\openjdk-21.0.1\bin\jli.dll
0x00007ffea8b20000 - 0x00007ffea8b3b000 	C:\Users\samir\.jdks\openjdk-21.0.1\bin\VCRUNTIME140.dll
0x00007ffeb4530000 - 0x00007ffeb46de000 	C:\Windows\System32\USER32.dll
0x00007ffeb2990000 - 0x00007ffeb29b6000 	C:\Windows\System32\win32u.dll
0x00007ffe93080000 - 0x00007ffe93313000 	C:\Windows\WinSxS\amd64_microsoft.windows.common-controls_6595b64144ccf1df_6.0.22621.3235_none_270f74e173860f98\COMCTL32.dll
0x00007ffeb3830000 - 0x00007ffeb3859000 	C:\Windows\System32\GDI32.dll
0x00007ffeb2bb0000 - 0x00007ffeb2cc9000 	C:\Windows\System32\gdi32full.dll
0x00007ffeb46e0000 - 0x00007ffeb4787000 	C:\Windows\System32\msvcrt.dll
0x00007ffeb29f0000 - 0x00007ffeb2a8a000 	C:\Windows\System32\msvcp_win.dll
0x00007ffeb37f0000 - 0x00007ffeb3821000 	C:\Windows\System32\IMM32.DLL
0x00007ffeab050000 - 0x00007ffeab05c000 	C:\Users\samir\.jdks\openjdk-21.0.1\bin\vcruntime140_1.dll
0x00007ffe8c6f0000 - 0x00007ffe8c77e000 	C:\Users\samir\.jdks\openjdk-21.0.1\bin\msvcp140.dll
0x00007ffe4aa70000 - 0x00007ffe4b785000 	C:\Users\samir\.jdks\openjdk-21.0.1\bin\server\jvm.dll
0x00007ffeb3610000 - 0x00007ffeb36c2000 	C:\Windows\System32\ADVAPI32.dll
0x00007ffeb36d0000 - 0x00007ffeb3778000 	C:\Windows\System32\sechost.dll
0x00007ffeb29c0000 - 0x00007ffeb29e8000 	C:\Windows\System32\bcrypt.dll
0x00007ffeb34f0000 - 0x00007ffeb3605000 	C:\Windows\System32\RPCRT4.dll
0x00007ffeb3430000 - 0x00007ffeb34a1000 	C:\Windows\System32\WS2_32.dll
0x00007ffeb1360000 - 0x00007ffeb13ad000 	C:\Windows\SYSTEM32\POWRPROF.dll
0x00007ffea7ae0000 - 0x00007ffea7b14000 	C:\Windows\SYSTEM32\WINMM.dll
0x00007ffea5d30000 - 0x00007ffea5d3a000 	C:\Windows\SYSTEM32\VERSION.dll
0x00007ffeb1340000 - 0x00007ffeb1353000 	C:\Windows\SYSTEM32\UMPDC.dll
0x00007ffeb1600000 - 0x00007ffeb1618000 	C:\Windows\SYSTEM32\kernel.appcore.dll
0x00007ffea23a0000 - 0x00007ffea23aa000 	C:\Users\samir\.jdks\openjdk-21.0.1\bin\jimage.dll
0x00007ffeaf950000 - 0x00007ffeafb83000 	C:\Windows\SYSTEM32\DBGHELP.DLL
0x00007ffeb4ae0000 - 0x00007ffeb4e68000 	C:\Windows\System32\combase.dll
0x00007ffeb4e70000 - 0x00007ffeb4f47000 	C:\Windows\System32\OLEAUT32.dll
0x00007ffea1da0000 - 0x00007ffea1dd2000 	C:\Windows\SYSTEM32\dbgcore.DLL
0x00007ffeb2910000 - 0x00007ffeb2989000 	C:\Windows\System32\bcryptPrimitives.dll
0x00007ffea8cb0000 - 0x00007ffea8cbf000 	C:\Users\samir\.jdks\openjdk-21.0.1\bin\instrument.dll
0x00007ffea2320000 - 0x00007ffea233f000 	C:\Users\samir\.jdks\openjdk-21.0.1\bin\java.dll
0x00007ffeb3cd0000 - 0x00007ffeb452c000 	C:\Windows\System32\SHELL32.dll
0x00007ffeb0410000 - 0x00007ffeb0d09000 	C:\Windows\SYSTEM32\windows.storage.dll
0x00007ffeb02d0000 - 0x00007ffeb040e000 	C:\Windows\SYSTEM32\wintypes.dll
0x00007ffeb49e0000 - 0x00007ffeb4ad3000 	C:\Windows\System32\SHCORE.dll
0x00007ffeb3a00000 - 0x00007ffeb3a5e000 	C:\Windows\System32\shlwapi.dll
0x00007ffeb2420000 - 0x00007ffeb2441000 	C:\Windows\SYSTEM32\profapi.dll
0x00007ffe818e0000 - 0x00007ffe819b7000 	C:\Users\samir\.jdks\openjdk-21.0.1\bin\jsvml.dll
0x00007ffe9b090000 - 0x00007ffe9b0a8000 	C:\Users\samir\.jdks\openjdk-21.0.1\bin\zip.dll
0x00007ffea2390000 - 0x00007ffea23a0000 	C:\Users\samir\.jdks\openjdk-21.0.1\bin\net.dll
0x00007ffea9500000 - 0x00007ffea9636000 	C:\Windows\SYSTEM32\WINHTTP.dll
0x00007ffeb1a70000 - 0x00007ffeb1ad9000 	C:\Windows\system32\mswsock.dll
0x00007ffe9b7d0000 - 0x00007ffe9b7e6000 	C:\Users\samir\.jdks\openjdk-21.0.1\bin\nio.dll
0x00007ffe991f0000 - 0x00007ffe9920a000 	C:\Program Files\JetBrains\IntelliJ IDEA 2023.2.5\bin\breakgen64.dll
0x00007ffe9c700000 - 0x00007ffe9c707000 	C:\Users\samir\.jdks\openjdk-21.0.1\bin\extnet.dll

dbghelp: loaded successfully - version: 4.0.5 - missing functions: none
symbol engine: initialized successfully - sym options: 0x614 - pdb path: .;C:\Users\samir\.jdks\openjdk-21.0.1\bin;C:\Windows\SYSTEM32;C:\Windows\WinSxS\amd64_microsoft.windows.common-controls_6595b64144ccf1df_6.0.22621.3235_none_270f74e173860f98;C:\Users\samir\.jdks\openjdk-21.0.1\bin\server;C:\Program Files\JetBrains\IntelliJ IDEA 2023.2.5\bin

VM Arguments:
jvm_args: -Dmaven.multiModuleProjectDirectory=C:\Users\samir\Downloads\7_webapp-jsf3[layouts]\webapp-jsf3 -Djansi.passthrough=true -Dmaven.home=C:\Program Files\JetBrains\IntelliJ IDEA 2023.2.5\plugins\maven\lib\maven3 -Dclassworlds.conf=C:\Program Files\JetBrains\IntelliJ IDEA 2023.2.5\plugins\maven\lib\maven3\bin\m2.conf -Dmaven.ext.class.path=C:\Program Files\JetBrains\IntelliJ IDEA 2023.2.5\plugins\maven\lib\maven-event-listener.jar -javaagent:C:\Program Files\JetBrains\IntelliJ IDEA 2023.2.5\lib\idea_rt.jar=51147:C:\Program Files\JetBrains\IntelliJ IDEA 2023.2.5\bin -Dfile.encoding=UTF-8 -Dsun.stdout.encoding=UTF-8 -Dsun.stderr.encoding=UTF-8 
java_command: org.codehaus.classworlds.Launcher -Didea.version=2023.2.5 clean
java_class_path (initial): C:\Program Files\JetBrains\IntelliJ IDEA 2023.2.5\plugins\maven\lib\maven3\boot\plexus-classworlds-2.7.0.jar;C:\Program Files\JetBrains\IntelliJ IDEA 2023.2.5\plugins\maven\lib\maven3\boot\plexus-classworlds.license
Launcher Type: SUN_STANDARD

[Global flags]
     intx CICompilerCount                          = 4                                         {product} {ergonomic}
     uint ConcGCThreads                            = 3                                         {product} {ergonomic}
     uint G1ConcRefinementThreads                  = 10                                        {product} {ergonomic}
   size_t G1HeapRegionSize                         = 4194304                                   {product} {ergonomic}
    uintx GCDrainStackTargetSize                   = 64                                        {product} {ergonomic}
   size_t InitialHeapSize                          = 398458880                                 {product} {ergonomic}
   size_t MarkStackSize                            = 4194304                                   {product} {ergonomic}
   size_t MaxHeapSize                              = 6371147776                                {product} {ergonomic}
   size_t MaxNewSize                               = 3821010944                                {product} {ergonomic}
   size_t MinHeapDeltaBytes                        = 4194304                                   {product} {ergonomic}
   size_t MinHeapSize                              = 8388608                                   {product} {ergonomic}
    uintx NonNMethodCodeHeapSize                   = 5839372                                {pd product} {ergonomic}
    uintx NonProfiledCodeHeapSize                  = 122909434                              {pd product} {ergonomic}
    uintx ProfiledCodeHeapSize                     = 122909434                              {pd product} {ergonomic}
    uintx ReservedCodeCacheSize                    = 251658240                              {pd product} {ergonomic}
     bool SegmentedCodeCache                       = true                                      {product} {ergonomic}
   size_t SoftMaxHeapSize                          = 6371147776                             {manageable} {ergonomic}
     bool UseCompressedOops                        = true                           {product lp64_product} {ergonomic}
     bool UseG1GC                                  = true                                      {product} {ergonomic}
     bool UseLargePagesIndividualAllocation        = false                                  {pd product} {ergonomic}

Logging:
Log output configuration:
 #0: stdout all=warning uptime,level,tags foldmultilines=false
 #1: stderr all=off uptime,level,tags foldmultilines=false

Environment Variables:
PATH=C:\Program Files\Common Files\Oracle\Java\javapath;C:\Windows\system32;C:\Windows;C:\Windows\System32\Wbem;C:\Windows\System32\WindowsPowerShell\v1.0\;C:\Windows\System32\OpenSSH\;C:\Program Files (x86)\NVIDIA Corporation\PhysX\Common;C:\Program Files\NVIDIA Corporation\NVIDIA NvDLISR;C:\Program Files\dotnet\;C:\Program Files\Microsoft SQL Server\150\Tools\Binn\;C:\Program Files\Microsoft SQL Server\Client SDK\ODBC\170\Tools\Binn\;C:\Program Files\Git\cmd;C:\Program Files\nodejs\;C:\Program Files\MySQL\MySQL Shell 8.0\bin\;C:\Users\samir\AppData\Local\Microsoft\WindowsApps;C:\Users\samir\AppData\Local\Programs\Microsoft VS Code\bin;C:\Users\samir\.dotnet\tools;C:\Users\samir\AppData\Roaming\npm
USERNAME=samir
OS=Windows_NT
PROCESSOR_IDENTIFIER=Intel64 Family 6 Model 141 Stepping 1, GenuineIntel
TMP=C:\Users\samir\AppData\Local\Temp
TEMP=C:\Users\samir\AppData\Local\Temp




Periodic native trim disabled

---------------  S Y S T E M  ---------------

OS:
 Windows 11 , 64 bit Build 22621 (10.0.22621.3374)
OS uptime: 8 days 2:47 hours
Hyper-V role detected

CPU: total 12 (initial active 12) (6 cores per cpu, 2 threads per core) family 6 model 141 stepping 1 microcode 0x34, cx8, cmov, fxsr, ht, mmx, 3dnowpref, sse, sse2, sse3, ssse3, sse4.1, sse4.2, popcnt, lzcnt, tsc, tscinvbit, avx, avx2, aes, erms, clmul, bmi1, bmi2, adx, avx512f, avx512dq, avx512cd, avx512bw, avx512vl, sha, fma, vzeroupper, avx512_vpopcntdq, avx512_vpclmulqdq, avx512_vaes, avx512_vnni, clflush, clflushopt, clwb, avx512_vbmi2, avx512_vbmi, hv, rdtscp, rdpid, fsrm, gfni, avx512_bitalg, f16c, cet_ibt, cet_ss, avx512_ifma
Processor Information for all 12 processors :
  Max Mhz: 2688, Current Mhz: 2688, Mhz Limit: 2688

Memory: 4k page, system-wide physical 24298M (3837M free)
TotalPageFile size 82082M (AvailPageFile size 3M)
current process WorkingSet (physical memory assigned to process): 42M, peak: 42M
current process commit charge ("private bytes"): 471M, peak: 471M

vm_info: OpenJDK 64-Bit Server VM (21.0.1+12-29) for windows-amd64 JRE (21.0.1+12-29), built on 2023-10-05T13:27:09Z by "mach5one" with MS VC++ 17.1 (VS2022)

END.
