#
# There is insufficient memory for the Java Runtime Environment to continue.
# Native memory allocation (malloc) failed to allocate 1326704 bytes for Chunk::new
# Possible reasons:
#   The system is out of physical RAM or swap space
#   The process is running with CompressedOops enabled, and the Java Heap may be blocking the growth of the native heap
# Possible solutions:
#   Reduce memory load on the system
#   Increase physical memory or swap space
#   Check if swap backing store is full
#   Decrease Java heap size (-Xmx/-Xms)
#   Decrease number of Java threads
#   Decrease Java thread stack sizes (-Xss)
#   Set larger code cache with -XX:ReservedCodeCacheSize=
#   JVM is running with Zero Based Compressed Oops mode in which the Java heap is
#     placed in the first 32GB address space. The Java Heap base address is the
#     maximum limit for the native heap growth. Please use -XX:HeapBaseMinAddress
#     to set the Java Heap base and to place the Java Heap above 32GB virtual address.
# This output file may be truncated or incomplete.
#
#  Out of Memory Error (arena.cpp:168), pid=39596, tid=38856
#
# JRE version: OpenJDK Runtime Environment (21.0.1+12) (build 21.0.1+12-29)
# Java VM: OpenJDK 64-Bit Server VM (21.0.1+12-29, mixed mode, sharing, tiered, compressed oops, compressed class ptrs, g1 gc, windows-amd64)
# No core dump will be written. Minidumps are not enabled by default on client versions of Windows
#

---------------  S U M M A R Y ------------

Command Line: -Dmaven.multiModuleProjectDirectory=C:\Users\samir\Downloads\7_webapp-jsf3[layouts]\webapp-jsf3 -Djansi.passthrough=true -Dmaven.home=C:\Program Files\JetBrains\IntelliJ IDEA 2023.2.5\plugins\maven\lib\maven3 -Dclassworlds.conf=C:\Program Files\JetBrains\IntelliJ IDEA 2023.2.5\plugins\maven\lib\maven3\bin\m2.conf -Dmaven.ext.class.path=C:\Program Files\JetBrains\IntelliJ IDEA 2023.2.5\plugins\maven\lib\maven-event-listener.jar -javaagent:C:\Program Files\JetBrains\IntelliJ IDEA 2023.2.5\lib\idea_rt.jar=50984:C:\Program Files\JetBrains\IntelliJ IDEA 2023.2.5\bin -Dfile.encoding=UTF-8 -Dsun.stdout.encoding=UTF-8 -Dsun.stderr.encoding=UTF-8 org.codehaus.classworlds.Launcher -Didea.version=2023.2.5 install

Host: 11th Gen Intel(R) Core(TM) i5-11400H @ 2.70GHz, 12 cores, 23G,  Windows 11 , 64 bit Build 22621 (10.0.22621.3374)
Time: Sun Apr 28 17:45:55 2024 Hora est. Pacífico, Sudamérica elapsed time: 2.310994 seconds (0d 0h 0m 2s)

---------------  T H R E A D  ---------------

Current thread (0x000002c96a23d240):  JavaThread "C2 CompilerThread1" daemon [_thread_in_native, id=38856, stack(0x000000e7b4f00000,0x000000e7b5000000) (1024K)]


Current CompileTask:
C2:   2311 4723   !   4       org.codehaus.plexus.interpolation.StringSearchInterpolator::interpolate (668 bytes)

Stack: [0x000000e7b4f00000,0x000000e7b5000000]
Native frames: (J=compiled Java code, j=interpreted, Vv=VM code, C=native code)
V  [jvm.dll+0x6c9029]
V  [jvm.dll+0x854b81]
V  [jvm.dll+0x856e5e]
V  [jvm.dll+0x857543]
V  [jvm.dll+0x280c06]
V  [jvm.dll+0xc3ead]
V  [jvm.dll+0xc43c3]
V  [jvm.dll+0x3b576c]
V  [jvm.dll+0x1e20b9]
V  [jvm.dll+0x249c22]
V  [jvm.dll+0x2490b1]
V  [jvm.dll+0x1c9ca1]
V  [jvm.dll+0x2586b9]
V  [jvm.dll+0x256c9a]
V  [jvm.dll+0x3ef1b6]
V  [jvm.dll+0x7fd728]
V  [jvm.dll+0x6c777d]
C  [ucrtbase.dll+0x29333]
C  [KERNEL32.DLL+0x1257d]
C  [ntdll.dll+0x5aa48]


---------------  P R O C E S S  ---------------

Threads class SMR info:
_java_thread_list=0x000002c96c0cb650, length=14, elements={
0x000002c9009c31a0, 0x000002c924549ae0, 0x000002c92454aaf0, 0x000002c92454ec80,
0x000002c924551a80, 0x000002c924552850, 0x000002c924550d00, 0x000002c92455e220,
0x000002c9249d0080, 0x000002c924ab4cf0, 0x000002c924c54b50, 0x000002c924c551c0,
0x000002c96a23d240, 0x000002c96aa1e4d0
}

Java Threads: ( => current thread )
  0x000002c9009c31a0 JavaThread "main"                              [_thread_in_native, id=3180, stack(0x000000e7b3c00000,0x000000e7b3d00000) (1024K)]
  0x000002c924549ae0 JavaThread "Reference Handler"          daemon [_thread_blocked, id=40652, stack(0x000000e7b4400000,0x000000e7b4500000) (1024K)]
  0x000002c92454aaf0 JavaThread "Finalizer"                  daemon [_thread_blocked, id=35848, stack(0x000000e7b4500000,0x000000e7b4600000) (1024K)]
  0x000002c92454ec80 JavaThread "Signal Dispatcher"          daemon [_thread_blocked, id=25584, stack(0x000000e7b4600000,0x000000e7b4700000) (1024K)]
  0x000002c924551a80 JavaThread "Attach Listener"            daemon [_thread_blocked, id=20340, stack(0x000000e7b4700000,0x000000e7b4800000) (1024K)]
  0x000002c924552850 JavaThread "Service Thread"             daemon [_thread_blocked, id=32304, stack(0x000000e7b4800000,0x000000e7b4900000) (1024K)]
  0x000002c924550d00 JavaThread "Monitor Deflation Thread"   daemon [_thread_blocked, id=34604, stack(0x000000e7b4900000,0x000000e7b4a00000) (1024K)]
  0x000002c92455e220 JavaThread "C2 CompilerThread0"         daemon [_thread_in_native, id=40280, stack(0x000000e7b4a00000,0x000000e7b4b00000) (1024K)]
  0x000002c9249d0080 JavaThread "C1 CompilerThread0"         daemon [_thread_in_vm, id=18520, stack(0x000000e7b4b00000,0x000000e7b4c00000) (1024K)]
  0x000002c924ab4cf0 JavaThread "Common-Cleaner"             daemon [_thread_blocked, id=30324, stack(0x000000e7b4c00000,0x000000e7b4d00000) (1024K)]
  0x000002c924c54b50 JavaThread "Monitor Ctrl-Break"         daemon [_thread_in_native, id=20500, stack(0x000000e7b4d00000,0x000000e7b4e00000) (1024K)]
  0x000002c924c551c0 JavaThread "Notification Thread"        daemon [_thread_blocked, id=26120, stack(0x000000e7b4e00000,0x000000e7b4f00000) (1024K)]
=>0x000002c96a23d240 JavaThread "C2 CompilerThread1"         daemon [_thread_in_native, id=38856, stack(0x000000e7b4f00000,0x000000e7b5000000) (1024K)]
  0x000002c96aa1e4d0 JavaThread "C2 CompilerThread2"         daemon [_thread_in_native, id=30672, stack(0x000000e7b5800000,0x000000e7b5900000) (1024K)]
Total: 14

Other Threads:
  0x000002c92452b070 VMThread "VM Thread"                           [id=26456, stack(0x000000e7b4300000,0x000000e7b4400000) (1024K)]
  0x000002c924514890 WatcherThread "VM Periodic Task Thread"        [id=13464, stack(0x000000e7b4200000,0x000000e7b4300000) (1024K)]
  0x000002c902c2c2b0 WorkerThread "GC Thread#0"                     [id=24600, stack(0x000000e7b3d00000,0x000000e7b3e00000) (1024K)]
  0x000002c96a7f59c0 WorkerThread "GC Thread#1"                     [id=29500, stack(0x000000e7b5000000,0x000000e7b5100000) (1024K)]
  0x000002c96a7c78c0 WorkerThread "GC Thread#2"                     [id=41408, stack(0x000000e7b5100000,0x000000e7b5200000) (1024K)]
  0x000002c96a7c7c60 WorkerThread "GC Thread#3"                     [id=8600, stack(0x000000e7b5200000,0x000000e7b5300000) (1024K)]
  0x000002c96a7c8000 WorkerThread "GC Thread#4"                     [id=10088, stack(0x000000e7b5300000,0x000000e7b5400000) (1024K)]
  0x000002c96a891d40 WorkerThread "GC Thread#5"                     [id=33376, stack(0x000000e7b5400000,0x000000e7b5500000) (1024K)]
  0x000002c96a99e4b0 WorkerThread "GC Thread#6"                     [id=4332, stack(0x000000e7b5500000,0x000000e7b5600000) (1024K)]
  0x000002c96a99e850 WorkerThread "GC Thread#7"                     [id=16676, stack(0x000000e7b5600000,0x000000e7b5700000) (1024K)]
  0x000002c96a8920e0 WorkerThread "GC Thread#8"                     [id=13016, stack(0x000000e7b5700000,0x000000e7b5800000) (1024K)]
  0x000002c96b20d490 WorkerThread "GC Thread#9"                     [id=41392, stack(0x000000e7b5900000,0x000000e7b5a00000) (1024K)]
  0x000002c902c39060 ConcurrentGCThread "G1 Main Marker"            [id=21632, stack(0x000000e7b3e00000,0x000000e7b3f00000) (1024K)]
  0x000002c902c3ad20 WorkerThread "G1 Conc#0"                       [id=13788, stack(0x000000e7b3f00000,0x000000e7b4000000) (1024K)]
  0x000002c902c6e870 ConcurrentGCThread "G1 Refine#0"               [id=18436, stack(0x000000e7b4000000,0x000000e7b4100000) (1024K)]
  0x000002c9243e75d0 ConcurrentGCThread "G1 Service"                [id=41668, stack(0x000000e7b4100000,0x000000e7b4200000) (1024K)]
Total: 16

Threads with active compile tasks:
C2 CompilerThread0     2319 4878   !   4       sun.net.www.ParseUtil::decode (349 bytes)
C2 CompilerThread1     2319 4723   !   4       org.codehaus.plexus.interpolation.StringSearchInterpolator::interpolate (668 bytes)
C2 CompilerThread2     2319 4726       4       org.codehaus.plexus.util.xml.Xpp3DomBuilder::build (413 bytes)
Total: 3

VM state: not at safepoint (normal execution)

VM Mutex/Monitor currently owned by a thread: None

Heap address: 0x0000000684400000, size: 6076 MB, Compressed Oops mode: Zero based, Oop shift amount: 3

CDS archive(s) mapped at: [0x000002c925000000-0x000002c925c90000-0x000002c925c90000), size 13172736, SharedBaseAddress: 0x000002c925000000, ArchiveRelocationMode: 1.
Compressed class space mapped at: 0x000002c926000000-0x000002c966000000, reserved size: 1073741824
Narrow klass base: 0x000002c925000000, Narrow klass shift: 0, Narrow klass range: 0x100000000

GC Precious Log:
 CardTable entry size: 512
 Card Set container configuration: InlinePtr #cards 4 size 8 Array Of Cards #cards 32 size 80 Howl #buckets 8 coarsen threshold 7372 Howl Bitmap #cards 1024 size 144 coarsen threshold 921 Card regions per heap region 1 cards per card region 8192
 CPUs: 12 total, 12 available
 Memory: 24298M
 Large Page Support: Disabled
 NUMA Support: Disabled
 Compressed Oops: Enabled (Zero based)
 Heap Region Size: 4M
 Heap Min Capacity: 8M
 Heap Initial Capacity: 380M
 Heap Max Capacity: 6076M
 Pre-touch: Disabled
 Parallel Workers: 10
 Concurrent Workers: 3
 Concurrent Refinement Workers: 10
 Periodic GC: Disabled

Heap:
 garbage-first heap   total 389120K, used 144304K [0x0000000684400000, 0x0000000800000000)
  region size 4096K, 36 young (147456K), 1 survivors (4096K)
 Metaspace       used 20037K, committed 20352K, reserved 1114112K
  class space    used 2205K, committed 2368K, reserved 1048576K

Heap Regions: E=young(eden), S=young(survivor), O=old, HS=humongous(starts), HC=humongous(continues), CS=collection set, F=free, TAMS=top-at-mark-start, PB=parsable bottom
|   0|0x0000000684400000, 0x00000006847b5ce0, 0x0000000684800000| 92%| O|  |TAMS 0x0000000684400000| PB 0x0000000684400000| Untracked 
|   1|0x0000000684800000, 0x0000000684800000, 0x0000000684c00000|  0%| F|  |TAMS 0x0000000684800000| PB 0x0000000684800000| Untracked 
|   2|0x0000000684c00000, 0x0000000684c00000, 0x0000000685000000|  0%| F|  |TAMS 0x0000000684c00000| PB 0x0000000684c00000| Untracked 
|   3|0x0000000685000000, 0x0000000685000000, 0x0000000685400000|  0%| F|  |TAMS 0x0000000685000000| PB 0x0000000685000000| Untracked 
|   4|0x0000000685400000, 0x0000000685400000, 0x0000000685800000|  0%| F|  |TAMS 0x0000000685400000| PB 0x0000000685400000| Untracked 
|   5|0x0000000685800000, 0x0000000685800000, 0x0000000685c00000|  0%| F|  |TAMS 0x0000000685800000| PB 0x0000000685800000| Untracked 
|   6|0x0000000685c00000, 0x0000000685c00000, 0x0000000686000000|  0%| F|  |TAMS 0x0000000685c00000| PB 0x0000000685c00000| Untracked 
|   7|0x0000000686000000, 0x0000000686000000, 0x0000000686400000|  0%| F|  |TAMS 0x0000000686000000| PB 0x0000000686000000| Untracked 
|   8|0x0000000686400000, 0x0000000686400000, 0x0000000686800000|  0%| F|  |TAMS 0x0000000686400000| PB 0x0000000686400000| Untracked 
|   9|0x0000000686800000, 0x0000000686800000, 0x0000000686c00000|  0%| F|  |TAMS 0x0000000686800000| PB 0x0000000686800000| Untracked 
|  10|0x0000000686c00000, 0x0000000686c00000, 0x0000000687000000|  0%| F|  |TAMS 0x0000000686c00000| PB 0x0000000686c00000| Untracked 
|  11|0x0000000687000000, 0x0000000687000000, 0x0000000687400000|  0%| F|  |TAMS 0x0000000687000000| PB 0x0000000687000000| Untracked 
|  12|0x0000000687400000, 0x0000000687400000, 0x0000000687800000|  0%| F|  |TAMS 0x0000000687400000| PB 0x0000000687400000| Untracked 
|  13|0x0000000687800000, 0x0000000687800000, 0x0000000687c00000|  0%| F|  |TAMS 0x0000000687800000| PB 0x0000000687800000| Untracked 
|  14|0x0000000687c00000, 0x0000000687c00000, 0x0000000688000000|  0%| F|  |TAMS 0x0000000687c00000| PB 0x0000000687c00000| Untracked 
|  15|0x0000000688000000, 0x0000000688000000, 0x0000000688400000|  0%| F|  |TAMS 0x0000000688000000| PB 0x0000000688000000| Untracked 
|  16|0x0000000688400000, 0x0000000688400000, 0x0000000688800000|  0%| F|  |TAMS 0x0000000688400000| PB 0x0000000688400000| Untracked 
|  17|0x0000000688800000, 0x0000000688800000, 0x0000000688c00000|  0%| F|  |TAMS 0x0000000688800000| PB 0x0000000688800000| Untracked 
|  18|0x0000000688c00000, 0x0000000688c00000, 0x0000000689000000|  0%| F|  |TAMS 0x0000000688c00000| PB 0x0000000688c00000| Untracked 
|  19|0x0000000689000000, 0x0000000689000000, 0x0000000689400000|  0%| F|  |TAMS 0x0000000689000000| PB 0x0000000689000000| Untracked 
|  20|0x0000000689400000, 0x0000000689400000, 0x0000000689800000|  0%| F|  |TAMS 0x0000000689400000| PB 0x0000000689400000| Untracked 
|  21|0x0000000689800000, 0x0000000689800000, 0x0000000689c00000|  0%| F|  |TAMS 0x0000000689800000| PB 0x0000000689800000| Untracked 
|  22|0x0000000689c00000, 0x0000000689c00000, 0x000000068a000000|  0%| F|  |TAMS 0x0000000689c00000| PB 0x0000000689c00000| Untracked 
|  23|0x000000068a000000, 0x000000068a000000, 0x000000068a400000|  0%| F|  |TAMS 0x000000068a000000| PB 0x000000068a000000| Untracked 
|  24|0x000000068a400000, 0x000000068a400000, 0x000000068a800000|  0%| F|  |TAMS 0x000000068a400000| PB 0x000000068a400000| Untracked 
|  25|0x000000068a800000, 0x000000068a800000, 0x000000068ac00000|  0%| F|  |TAMS 0x000000068a800000| PB 0x000000068a800000| Untracked 
|  26|0x000000068ac00000, 0x000000068ac00000, 0x000000068b000000|  0%| F|  |TAMS 0x000000068ac00000| PB 0x000000068ac00000| Untracked 
|  27|0x000000068b000000, 0x000000068b000000, 0x000000068b400000|  0%| F|  |TAMS 0x000000068b000000| PB 0x000000068b000000| Untracked 
|  28|0x000000068b400000, 0x000000068b400000, 0x000000068b800000|  0%| F|  |TAMS 0x000000068b400000| PB 0x000000068b400000| Untracked 
|  29|0x000000068b800000, 0x000000068b800000, 0x000000068bc00000|  0%| F|  |TAMS 0x000000068b800000| PB 0x000000068b800000| Untracked 
|  30|0x000000068bc00000, 0x000000068bc00000, 0x000000068c000000|  0%| F|  |TAMS 0x000000068bc00000| PB 0x000000068bc00000| Untracked 
|  31|0x000000068c000000, 0x000000068c000000, 0x000000068c400000|  0%| F|  |TAMS 0x000000068c000000| PB 0x000000068c000000| Untracked 
|  32|0x000000068c400000, 0x000000068c400000, 0x000000068c800000|  0%| F|  |TAMS 0x000000068c400000| PB 0x000000068c400000| Untracked 
|  33|0x000000068c800000, 0x000000068c800000, 0x000000068cc00000|  0%| F|  |TAMS 0x000000068c800000| PB 0x000000068c800000| Untracked 
|  34|0x000000068cc00000, 0x000000068cc00000, 0x000000068d000000|  0%| F|  |TAMS 0x000000068cc00000| PB 0x000000068cc00000| Untracked 
|  35|0x000000068d000000, 0x000000068d000000, 0x000000068d400000|  0%| F|  |TAMS 0x000000068d000000| PB 0x000000068d000000| Untracked 
|  36|0x000000068d400000, 0x000000068d400000, 0x000000068d800000|  0%| F|  |TAMS 0x000000068d400000| PB 0x000000068d400000| Untracked 
|  37|0x000000068d800000, 0x000000068d800000, 0x000000068dc00000|  0%| F|  |TAMS 0x000000068d800000| PB 0x000000068d800000| Untracked 
|  38|0x000000068dc00000, 0x000000068dc00000, 0x000000068e000000|  0%| F|  |TAMS 0x000000068dc00000| PB 0x000000068dc00000| Untracked 
|  39|0x000000068e000000, 0x000000068e000000, 0x000000068e400000|  0%| F|  |TAMS 0x000000068e000000| PB 0x000000068e000000| Untracked 
|  40|0x000000068e400000, 0x000000068e400000, 0x000000068e800000|  0%| F|  |TAMS 0x000000068e400000| PB 0x000000068e400000| Untracked 
|  41|0x000000068e800000, 0x000000068e800000, 0x000000068ec00000|  0%| F|  |TAMS 0x000000068e800000| PB 0x000000068e800000| Untracked 
|  42|0x000000068ec00000, 0x000000068ec00000, 0x000000068f000000|  0%| F|  |TAMS 0x000000068ec00000| PB 0x000000068ec00000| Untracked 
|  43|0x000000068f000000, 0x000000068f000000, 0x000000068f400000|  0%| F|  |TAMS 0x000000068f000000| PB 0x000000068f000000| Untracked 
|  44|0x000000068f400000, 0x000000068f400000, 0x000000068f800000|  0%| F|  |TAMS 0x000000068f400000| PB 0x000000068f400000| Untracked 
|  45|0x000000068f800000, 0x000000068f800000, 0x000000068fc00000|  0%| F|  |TAMS 0x000000068f800000| PB 0x000000068f800000| Untracked 
|  46|0x000000068fc00000, 0x000000068fc00000, 0x0000000690000000|  0%| F|  |TAMS 0x000000068fc00000| PB 0x000000068fc00000| Untracked 
|  47|0x0000000690000000, 0x0000000690000000, 0x0000000690400000|  0%| F|  |TAMS 0x0000000690000000| PB 0x0000000690000000| Untracked 
|  48|0x0000000690400000, 0x0000000690400000, 0x0000000690800000|  0%| F|  |TAMS 0x0000000690400000| PB 0x0000000690400000| Untracked 
|  49|0x0000000690800000, 0x0000000690800000, 0x0000000690c00000|  0%| F|  |TAMS 0x0000000690800000| PB 0x0000000690800000| Untracked 
|  50|0x0000000690c00000, 0x0000000690c00000, 0x0000000691000000|  0%| F|  |TAMS 0x0000000690c00000| PB 0x0000000690c00000| Untracked 
|  51|0x0000000691000000, 0x0000000691000000, 0x0000000691400000|  0%| F|  |TAMS 0x0000000691000000| PB 0x0000000691000000| Untracked 
|  52|0x0000000691400000, 0x0000000691400000, 0x0000000691800000|  0%| F|  |TAMS 0x0000000691400000| PB 0x0000000691400000| Untracked 
|  53|0x0000000691800000, 0x0000000691800000, 0x0000000691c00000|  0%| F|  |TAMS 0x0000000691800000| PB 0x0000000691800000| Untracked 
|  54|0x0000000691c00000, 0x0000000691c00000, 0x0000000692000000|  0%| F|  |TAMS 0x0000000691c00000| PB 0x0000000691c00000| Untracked 
|  55|0x0000000692000000, 0x0000000692000000, 0x0000000692400000|  0%| F|  |TAMS 0x0000000692000000| PB 0x0000000692000000| Untracked 
|  56|0x0000000692400000, 0x0000000692400000, 0x0000000692800000|  0%| F|  |TAMS 0x0000000692400000| PB 0x0000000692400000| Untracked 
|  57|0x0000000692800000, 0x0000000692800000, 0x0000000692c00000|  0%| F|  |TAMS 0x0000000692800000| PB 0x0000000692800000| Untracked 
|  58|0x0000000692c00000, 0x0000000692c00000, 0x0000000693000000|  0%| F|  |TAMS 0x0000000692c00000| PB 0x0000000692c00000| Untracked 
|  59|0x0000000693000000, 0x0000000693255188, 0x0000000693400000| 58%| E|  |TAMS 0x0000000693000000| PB 0x0000000693000000| Complete 
|  60|0x0000000693400000, 0x0000000693800000, 0x0000000693800000|100%| E|CS|TAMS 0x0000000693400000| PB 0x0000000693400000| Complete 
|  61|0x0000000693800000, 0x0000000693c00000, 0x0000000693c00000|100%| E|CS|TAMS 0x0000000693800000| PB 0x0000000693800000| Complete 
|  62|0x0000000693c00000, 0x0000000694000000, 0x0000000694000000|100%| E|CS|TAMS 0x0000000693c00000| PB 0x0000000693c00000| Complete 
|  63|0x0000000694000000, 0x0000000694400000, 0x0000000694400000|100%| E|CS|TAMS 0x0000000694000000| PB 0x0000000694000000| Complete 
|  64|0x0000000694400000, 0x0000000694800000, 0x0000000694800000|100%| E|CS|TAMS 0x0000000694400000| PB 0x0000000694400000| Complete 
|  65|0x0000000694800000, 0x0000000694c00000, 0x0000000694c00000|100%| E|CS|TAMS 0x0000000694800000| PB 0x0000000694800000| Complete 
|  66|0x0000000694c00000, 0x0000000695000000, 0x0000000695000000|100%| E|CS|TAMS 0x0000000694c00000| PB 0x0000000694c00000| Complete 
|  67|0x0000000695000000, 0x0000000695400000, 0x0000000695400000|100%| E|CS|TAMS 0x0000000695000000| PB 0x0000000695000000| Complete 
|  68|0x0000000695400000, 0x0000000695800000, 0x0000000695800000|100%| E|CS|TAMS 0x0000000695400000| PB 0x0000000695400000| Complete 
|  69|0x0000000695800000, 0x0000000695c00000, 0x0000000695c00000|100%| E|CS|TAMS 0x0000000695800000| PB 0x0000000695800000| Complete 
|  70|0x0000000695c00000, 0x0000000696000000, 0x0000000696000000|100%| E|CS|TAMS 0x0000000695c00000| PB 0x0000000695c00000| Complete 
|  71|0x0000000696000000, 0x0000000696400000, 0x0000000696400000|100%| E|CS|TAMS 0x0000000696000000| PB 0x0000000696000000| Complete 
|  72|0x0000000696400000, 0x0000000696800000, 0x0000000696800000|100%| E|CS|TAMS 0x0000000696400000| PB 0x0000000696400000| Complete 
|  73|0x0000000696800000, 0x0000000696c00000, 0x0000000696c00000|100%| E|CS|TAMS 0x0000000696800000| PB 0x0000000696800000| Complete 
|  74|0x0000000696c00000, 0x0000000697000000, 0x0000000697000000|100%| E|CS|TAMS 0x0000000696c00000| PB 0x0000000696c00000| Complete 
|  75|0x0000000697000000, 0x0000000697400000, 0x0000000697400000|100%| E|CS|TAMS 0x0000000697000000| PB 0x0000000697000000| Complete 
|  76|0x0000000697400000, 0x0000000697800000, 0x0000000697800000|100%| E|CS|TAMS 0x0000000697400000| PB 0x0000000697400000| Complete 
|  77|0x0000000697800000, 0x0000000697c00000, 0x0000000697c00000|100%| E|CS|TAMS 0x0000000697800000| PB 0x0000000697800000| Complete 
|  78|0x0000000697c00000, 0x0000000698000000, 0x0000000698000000|100%| E|CS|TAMS 0x0000000697c00000| PB 0x0000000697c00000| Complete 
|  79|0x0000000698000000, 0x0000000698400000, 0x0000000698400000|100%| E|CS|TAMS 0x0000000698000000| PB 0x0000000698000000| Complete 
|  80|0x0000000698400000, 0x0000000698800000, 0x0000000698800000|100%| E|CS|TAMS 0x0000000698400000| PB 0x0000000698400000| Complete 
|  81|0x0000000698800000, 0x0000000698c00000, 0x0000000698c00000|100%| E|CS|TAMS 0x0000000698800000| PB 0x0000000698800000| Complete 
|  82|0x0000000698c00000, 0x0000000699000000, 0x0000000699000000|100%| E|CS|TAMS 0x0000000698c00000| PB 0x0000000698c00000| Complete 
|  83|0x0000000699000000, 0x0000000699400000, 0x0000000699400000|100%| E|CS|TAMS 0x0000000699000000| PB 0x0000000699000000| Complete 
|  84|0x0000000699400000, 0x0000000699800000, 0x0000000699800000|100%| E|CS|TAMS 0x0000000699400000| PB 0x0000000699400000| Complete 
|  85|0x0000000699800000, 0x0000000699c00000, 0x0000000699c00000|100%| E|CS|TAMS 0x0000000699800000| PB 0x0000000699800000| Complete 
|  86|0x0000000699c00000, 0x000000069a000000, 0x000000069a000000|100%| E|CS|TAMS 0x0000000699c00000| PB 0x0000000699c00000| Complete 
|  87|0x000000069a000000, 0x000000069a136618, 0x000000069a400000| 30%| S|CS|TAMS 0x000000069a000000| PB 0x000000069a000000| Complete 
|  88|0x000000069a400000, 0x000000069a800000, 0x000000069a800000|100%| E|CS|TAMS 0x000000069a400000| PB 0x000000069a400000| Complete 
|  89|0x000000069a800000, 0x000000069ac00000, 0x000000069ac00000|100%| E|CS|TAMS 0x000000069a800000| PB 0x000000069a800000| Complete 
|  90|0x000000069ac00000, 0x000000069b000000, 0x000000069b000000|100%| E|CS|TAMS 0x000000069ac00000| PB 0x000000069ac00000| Complete 
|  91|0x000000069b000000, 0x000000069b400000, 0x000000069b400000|100%| E|CS|TAMS 0x000000069b000000| PB 0x000000069b000000| Complete 
|  92|0x000000069b400000, 0x000000069b800000, 0x000000069b800000|100%| E|CS|TAMS 0x000000069b400000| PB 0x000000069b400000| Complete 
|  93|0x000000069b800000, 0x000000069bc00000, 0x000000069bc00000|100%| E|CS|TAMS 0x000000069b800000| PB 0x000000069b800000| Complete 
|  94|0x000000069bc00000, 0x000000069c000000, 0x000000069c000000|100%| E|CS|TAMS 0x000000069bc00000| PB 0x000000069bc00000| Complete 

Card table byte_map: [0x000002c91b120000,0x000002c91bd00000] _byte_map_base: 0x000002c917cfe000

Marking Bits: (CMBitMap*) 0x000002c902c2c9b0
 Bits: [0x000002c91bd00000, 0x000002c921bf0000)

Polling page: 0x000002c900970000

Metaspace:

Usage:
  Non-class:     17.43 MB used.
      Class:      2.16 MB used.
       Both:     19.59 MB used.

Virtual space:
  Non-class space:       64.00 MB reserved,      17.62 MB ( 28%) committed,  1 nodes.
      Class space:        1.00 GB reserved,       2.31 MB ( <1%) committed,  1 nodes.
             Both:        1.06 GB reserved,      19.94 MB (  2%) committed. 

Chunk freelists:
   Non-Class:  14.09 MB
       Class:  13.61 MB
        Both:  27.70 MB

MaxMetaspaceSize: unlimited
CompressedClassSpaceSize: 1.00 GB
Initial GC threshold: 21.00 MB
Current GC threshold: 21.00 MB
CDS: on
 - commit_granule_bytes: 65536.
 - commit_granule_words: 8192.
 - virtual_space_node_default_size: 8388608.
 - enlarge_chunks_in_place: 1.
 - use_allocation_guard: 0.


Internal statistics:

num_allocs_failed_limit: 0.
num_arena_births: 216.
num_arena_deaths: 0.
num_vsnodes_births: 2.
num_vsnodes_deaths: 0.
num_space_committed: 319.
num_space_uncommitted: 0.
num_chunks_returned_to_freelist: 0.
num_chunks_taken_from_freelist: 883.
num_chunk_merges: 0.
num_chunk_splits: 631.
num_chunks_enlarged: 506.
num_inconsistent_stats: 0.

CodeHeap 'non-profiled nmethods': size=120000Kb used=2495Kb max_used=2495Kb free=117504Kb
 bounds [0x000002c912ac0000, 0x000002c912d30000, 0x000002c919ff0000]
CodeHeap 'profiled nmethods': size=120000Kb used=10425Kb max_used=10425Kb free=109574Kb
 bounds [0x000002c90aff0000, 0x000002c90ba20000, 0x000002c912520000]
CodeHeap 'non-nmethods': size=5760Kb used=1603Kb max_used=1635Kb free=4156Kb
 bounds [0x000002c912520000, 0x000002c912790000, 0x000002c912ac0000]
 total_blobs=5434 nmethods=4901 adapters=437
 compilation: enabled
              stopped_count=0, restarted_count=0
 full_count=0

Compilation events (20 events):
Event: 2.300 Thread 0x000002c9249d0080 4892       3       java.lang.ClassLoader::definePackage (53 bytes)
Event: 2.300 Thread 0x000002c9249d0080 nmethod 4892 0x000002c90ba0f790 code [0x000002c90ba0f9a0, 0x000002c90ba0ff20]
Event: 2.302 Thread 0x000002c9249d0080 4893       3       java.util.stream.ReferencePipeline::forEach (11 bytes)
Event: 2.303 Thread 0x000002c9249d0080 nmethod 4893 0x000002c90ba10190 code [0x000002c90ba10380, 0x000002c90ba10880]
Event: 2.303 Thread 0x000002c9249d0080 4894       3       java.util.stream.ForEachOps::makeRef (15 bytes)
Event: 2.303 Thread 0x000002c9249d0080 nmethod 4894 0x000002c90ba10a90 code [0x000002c90ba10c60, 0x000002c90ba110a8]
Event: 2.303 Thread 0x000002c9249d0080 4895       3       java.util.stream.ForEachOps$ForEachOp$OfRef::<init> (11 bytes)
Event: 2.303 Thread 0x000002c9249d0080 nmethod 4895 0x000002c90ba11290 code [0x000002c90ba11440, 0x000002c90ba11678]
Event: 2.303 Thread 0x000002c9249d0080 4896       3       java.util.stream.ForEachOps$ForEachOp::<init> (10 bytes)
Event: 2.303 Thread 0x000002c9249d0080 nmethod 4896 0x000002c90ba11790 code [0x000002c90ba11940, 0x000002c90ba11ab0]
Event: 2.303 Thread 0x000002c9249d0080 4897       3       java.util.stream.ForEachOps$ForEachOp::getOpFlags (15 bytes)
Event: 2.303 Thread 0x000002c9249d0080 nmethod 4897 0x000002c90ba11b90 code [0x000002c90ba11d40, 0x000002c90ba11ed0]
Event: 2.303 Thread 0x000002c9249d0080 4898       3       java.util.stream.ForEachOps$ForEachOp$OfRef::evaluateSequential (7 bytes)
Event: 2.303 Thread 0x000002c9249d0080 nmethod 4898 0x000002c90ba11f90 code [0x000002c90ba12160, 0x000002c90ba12578]
Event: 2.303 Thread 0x000002c9249d0080 4899       3       java.util.stream.ForEachOps$ForEachOp::evaluateSequential (13 bytes)
Event: 2.303 Thread 0x000002c9249d0080 nmethod 4899 0x000002c90ba12710 code [0x000002c90ba128e0, 0x000002c90ba12c98]
Event: 2.303 Thread 0x000002c9249d0080 4900   !   3       com.google.inject.spi.InjectionPoint::checkForMisplacedBindingAnnotations (61 bytes)
Event: 2.303 Thread 0x000002c9249d0080 nmethod 4900 0x000002c90ba12e10 code [0x000002c90ba13040, 0x000002c90ba137d0]
Event: 2.307 Thread 0x000002c9249d0080 4901       3       java.lang.NamedPackage::<init> (59 bytes)
Event: 2.308 Thread 0x000002c9249d0080 nmethod 4901 0x000002c90ba13a10 code [0x000002c90ba13ca0, 0x000002c90ba14700]

GC Heap History (4 events):
Event: 0.436 GC heap before
{Heap before GC invocations=0 (full 0):
 garbage-first heap   total 389120K, used 16384K [0x0000000684400000, 0x0000000800000000)
  region size 4096K, 5 young (20480K), 0 survivors (0K)
 Metaspace       used 6023K, committed 6144K, reserved 1114112K
  class space    used 682K, committed 768K, reserved 1048576K
}
Event: 0.439 GC heap after
{Heap after GC invocations=1 (full 0):
 garbage-first heap   total 389120K, used 4062K [0x0000000684400000, 0x0000000800000000)
  region size 4096K, 1 young (4096K), 1 survivors (4096K)
 Metaspace       used 6023K, committed 6144K, reserved 1114112K
  class space    used 682K, committed 768K, reserved 1048576K
}
Event: 0.696 GC heap before
{Heap before GC invocations=1 (full 0):
 garbage-first heap   total 389120K, used 24542K [0x0000000684400000, 0x0000000800000000)
  region size 4096K, 7 young (28672K), 1 survivors (4096K)
 Metaspace       used 8721K, committed 8896K, reserved 1114112K
  class space    used 1001K, committed 1088K, reserved 1048576K
}
Event: 0.699 GC heap after
{Heap after GC invocations=2 (full 0):
 garbage-first heap   total 389120K, used 5040K [0x0000000684400000, 0x0000000800000000)
  region size 4096K, 1 young (4096K), 1 survivors (4096K)
 Metaspace       used 8721K, committed 8896K, reserved 1114112K
  class space    used 1001K, committed 1088K, reserved 1048576K
}

Dll operation events (12 events):
Event: 0.006 Loaded shared library C:\Users\samir\.jdks\openjdk-21.0.1\bin\java.dll
Event: 0.031 Loaded shared library C:\Users\samir\.jdks\openjdk-21.0.1\bin\jsvml.dll
Event: 0.055 Loaded shared library C:\Users\samir\.jdks\openjdk-21.0.1\bin\zip.dll
Event: 0.057 Loaded shared library C:\Users\samir\.jdks\openjdk-21.0.1\bin\instrument.dll
Event: 0.061 Loaded shared library C:\Users\samir\.jdks\openjdk-21.0.1\bin\net.dll
Event: 0.062 Loaded shared library C:\Users\samir\.jdks\openjdk-21.0.1\bin\nio.dll
Event: 0.064 Loaded shared library C:\Users\samir\.jdks\openjdk-21.0.1\bin\zip.dll
Event: 0.075 Loaded shared library C:\Program Files\JetBrains\IntelliJ IDEA 2023.2.5\bin\breakgen64.dll
Event: 0.082 Loaded shared library C:\Users\samir\.jdks\openjdk-21.0.1\bin\extnet.dll
Event: 0.139 Loaded shared library C:\Users\samir\.jdks\openjdk-21.0.1\bin\jimage.dll
Event: 0.172 Loaded shared library C:\Users\samir\AppData\Local\Temp\jansi-2.4.0-e84b10dda4573240-jansi.dll
Event: 0.181 Loaded shared library C:\Users\samir\.jdks\openjdk-21.0.1\bin\verify.dll

Deoptimization events (20 events):
Event: 2.146 Thread 0x000002c9009c31a0 DEOPT PACKING pc=0x000002c912bbb058 sp=0x000000e7b3cfdea0
Event: 2.146 Thread 0x000002c9009c31a0 DEOPT UNPACKING pc=0x000002c912577da2 sp=0x000000e7b3cfde30 mode 2
Event: 2.146 Thread 0x000002c9009c31a0 Uncommon trap: trap_request=0xffffffde fr.pc=0x000002c912bbb058 relative=0x0000000000000098
Event: 2.146 Thread 0x000002c9009c31a0 Uncommon trap: reason=class_check action=maybe_recompile pc=0x000002c912bbb058 method=com.google.inject.internal.MoreTypes.getRawType(Ljava/lang/reflect/Type;)Ljava/lang/Class; @ 13 c2
Event: 2.146 Thread 0x000002c9009c31a0 DEOPT PACKING pc=0x000002c912bbb058 sp=0x000000e7b3cfdea0
Event: 2.146 Thread 0x000002c9009c31a0 DEOPT UNPACKING pc=0x000002c912577da2 sp=0x000000e7b3cfde30 mode 2
Event: 2.146 Thread 0x000002c9009c31a0 Uncommon trap: trap_request=0xffffffde fr.pc=0x000002c912bbb058 relative=0x0000000000000098
Event: 2.146 Thread 0x000002c9009c31a0 Uncommon trap: reason=class_check action=maybe_recompile pc=0x000002c912bbb058 method=com.google.inject.internal.MoreTypes.getRawType(Ljava/lang/reflect/Type;)Ljava/lang/Class; @ 13 c2
Event: 2.146 Thread 0x000002c9009c31a0 DEOPT PACKING pc=0x000002c912bbb058 sp=0x000000e7b3cfdea0
Event: 2.147 Thread 0x000002c9009c31a0 DEOPT UNPACKING pc=0x000002c912577da2 sp=0x000000e7b3cfde30 mode 2
Event: 2.160 Thread 0x000002c9009c31a0 Uncommon trap: trap_request=0xffffff45 fr.pc=0x000002c912bbad14 relative=0x0000000000000074
Event: 2.160 Thread 0x000002c9009c31a0 Uncommon trap: reason=unstable_if action=reinterpret pc=0x000002c912bbad14 method=java.lang.invoke.VarHandle.checkAccessModeThenIsDirect(Ljava/lang/invoke/VarHandle$AccessDescriptor;)Z @ 4 c2
Event: 2.160 Thread 0x000002c9009c31a0 DEOPT PACKING pc=0x000002c912bbad14 sp=0x000000e7b3cfddf0
Event: 2.160 Thread 0x000002c9009c31a0 DEOPT UNPACKING pc=0x000002c912577da2 sp=0x000000e7b3cfdd90 mode 2
Event: 2.204 Thread 0x000002c9009c31a0 Uncommon trap: trap_request=0xffffff45 fr.pc=0x000002c912c7ea98 relative=0x0000000000002a98
Event: 2.204 Thread 0x000002c9009c31a0 Uncommon trap: reason=unstable_if action=reinterpret pc=0x000002c912c7ea98 method=org.codehaus.plexus.util.xml.pull.MXParser.parseAttribute()C @ 786 c2
Event: 2.204 Thread 0x000002c9009c31a0 DEOPT PACKING pc=0x000002c912c7ea98 sp=0x000000e7b3cfc2c0
Event: 2.204 Thread 0x000002c9009c31a0 DEOPT UNPACKING pc=0x000002c912577da2 sp=0x000000e7b3cfc248 mode 2
Event: 2.277 Thread 0x000002c9009c31a0 DEOPT PACKING pc=0x000002c90b84d544 sp=0x000000e7b3cfca50
Event: 2.277 Thread 0x000002c9009c31a0 DEOPT UNPACKING pc=0x000002c9125788e2 sp=0x000000e7b3cfbec0 mode 0

Classes loaded (20 events):
Event: 2.159 Loading class sun/security/jca/GetInstance
Event: 2.159 Loading class sun/security/jca/GetInstance done
Event: 2.159 Loading class sun/security/provider/SHA
Event: 2.159 Loading class sun/security/provider/DigestBase
Event: 2.159 Loading class sun/security/provider/DigestBase done
Event: 2.159 Loading class sun/security/provider/SHA done
Event: 2.159 Loading class sun/security/jca/GetInstance$Instance
Event: 2.159 Loading class sun/security/jca/GetInstance$Instance done
Event: 2.160 Loading class java/security/MessageDigest$Delegate
Event: 2.160 Loading class sun/security/util/MessageDigestSpi2
Event: 2.160 Loading class sun/security/util/MessageDigestSpi2 done
Event: 2.160 Loading class java/security/MessageDigest$Delegate done
Event: 2.160 Loading class java/security/MessageDigest$Delegate$CloneableDelegate
Event: 2.160 Loading class java/security/MessageDigest$Delegate$CloneableDelegate done
Event: 2.160 Loading class sun/security/provider/ByteArrayAccess
Event: 2.160 Loading class sun/security/provider/ByteArrayAccess done
Event: 2.160 Loading class sun/security/provider/ByteArrayAccess$BE
Event: 2.160 Loading class sun/security/provider/ByteArrayAccess$BE done
Event: 2.306 Loading class java/util/zip/GZIPInputStream
Event: 2.306 Loading class java/util/zip/GZIPInputStream done

Classes unloaded (0 events):
No events

Classes redefined (0 events):
No events

Internal exceptions (20 events):
Event: 0.867 Thread 0x000002c9009c31a0 Exception <a 'java/lang/NoSuchMethodError'{0x000000069b0f5730}: 'int java.lang.invoke.DirectMethodHandle$Holder.invokeSpecial(java.lang.Object, java.lang.Object, java.lang.Object, int)'> (0x000000069b0f5730) 
thrown [s\open\src\hotspot\share\interpreter\linkResolver.cpp, line 773]
Event: 0.869 Thread 0x000002c9009c31a0 Implicit null exception at 0x000002c912b5e3da to 0x000002c912b5e5b8
Event: 0.870 Thread 0x000002c9009c31a0 Exception <a 'java/lang/NoSuchMethodError'{0x000000069b119a60}: 'java.lang.Object java.lang.invoke.Invokers$Holder.invokeExact_MT(java.lang.Object, int, java.lang.Object)'> (0x000000069b119a60) 
thrown [s\open\src\hotspot\share\interpreter\linkResolver.cpp, line 773]
Event: 0.988 Thread 0x000002c9009c31a0 Exception <a 'java/lang/NoSuchMethodError'{0x000000069a8fa7c8}: 'void java.lang.invoke.Invokers$Holder.invokeExact_MT(java.lang.Object, java.lang.Object, java.lang.Object, java.lang.Object)'> (0x000000069a8fa7c8) 
thrown [s\open\src\hotspot\share\interpreter\linkResolver.cpp, line 773]
Event: 1.000 Thread 0x000002c9009c31a0 Exception <a 'java/lang/NoClassDefFoundError'{0x000000069a98a620}: com/google/inject/servlet/ServletModuleTargetVisitor> (0x000000069a98a620) 
thrown [s\open\src\hotspot\share\classfile\systemDictionary.cpp, line 301]
Event: 1.035 Thread 0x000002c9009c31a0 Exception <a 'java/lang/NoSuchMethodError'{0x000000069a431870}: 'void java.lang.invoke.DirectMethodHandle$Holder.invokeVirtual(java.lang.Object, java.lang.Object)'> (0x000000069a431870) 
thrown [s\open\src\hotspot\share\interpreter\linkResolver.cpp, line 773]
Event: 1.059 Thread 0x000002c9009c31a0 Exception <a 'java/lang/NoSuchMethodError'{0x000000069a4c0af8}: 'java.lang.Object java.lang.invoke.DirectMethodHandle$Holder.invokeStaticInit(java.lang.Object, int, int, int, int)'> (0x000000069a4c0af8) 
thrown [s\open\src\hotspot\share\interpreter\linkResolver.cpp, line 773]
Event: 1.169 Thread 0x000002c9009c31a0 Exception <a 'java/lang/NoSuchMethodError'{0x0000000699fee1a0}: 'void java.lang.invoke.DirectMethodHandle$Holder.invokeVirtual(java.lang.Object, java.lang.Object, int)'> (0x0000000699fee1a0) 
thrown [s\open\src\hotspot\share\interpreter\linkResolver.cpp, line 773]
Event: 1.170 Thread 0x000002c9009c31a0 Exception <a 'java/lang/NoSuchMethodError'{0x0000000699ff5170}: 'void java.lang.invoke.DelegatingMethodHandle$Holder.reinvoke_L(java.lang.Object, java.lang.Object, int)'> (0x0000000699ff5170) 
thrown [s\open\src\hotspot\share\interpreter\linkResolver.cpp, line 773]
Event: 1.441 Thread 0x000002c9009c31a0 Exception <a 'java/lang/NoSuchMethodError'{0x0000000698c90d80}: 'java.lang.Object java.lang.invoke.DirectMethodHandle$Holder.newInvokeSpecial(java.lang.Object, java.lang.Object, java.lang.Object, java.lang.Object, java.lang.Object, java.lang.Object, java.lang.Object)'> (0x0000000698c90d80) 
thrown [s\open\src\hotspot\share\interpreter\linkResolver.cpp, line 773]
Event: 1.552 Thread 0x000002c9009c31a0 Exception <a 'java/lang/NoSuchMethodError'{0x00000006985a59c0}: 'java.lang.Object java.lang.invoke.DirectMethodHandle$Holder.invokeVirtual(java.lang.Object, java.lang.Object, java.lang.Object)'> (0x00000006985a59c0) 
thrown [s\open\src\hotspot\share\interpreter\linkResolver.cpp, line 773]
Event: 1.552 Thread 0x000002c9009c31a0 Exception <a 'java/lang/NoSuchMethodError'{0x00000006985ac238}: 'void java.lang.invoke.DirectMethodHandle$Holder.invokeSpecial(java.lang.Object, java.lang.Object, java.lang.Object, java.lang.Object, java.lang.Object, java.lang.Object)'> (0x00000006985ac238) 
thrown [s\open\src\hotspot\share\interpreter\linkResolver.cpp, line 773]
Event: 1.553 Thread 0x000002c9009c31a0 Exception <a 'java/lang/NoSuchMethodError'{0x00000006985b6498}: 'int java.lang.invoke.DirectMethodHandle$Holder.invokeVirtual(java.lang.Object, java.lang.Object)'> (0x00000006985b6498) 
thrown [s\open\src\hotspot\share\interpreter\linkResolver.cpp, line 773]
Event: 1.563 Thread 0x000002c9009c31a0 Exception <a 'java/lang/NoSuchMethodError'{0x000000069867f0a0}: 'void java.lang.invoke.Invokers$Holder.invokeExact_MT(java.lang.Object, java.lang.Object, int, java.lang.Object)'> (0x000000069867f0a0) 
thrown [s\open\src\hotspot\share\interpreter\linkResolver.cpp, line 773]
Event: 1.748 Thread 0x000002c9009c31a0 Implicit null exception at 0x000002c912b14d24 to 0x000002c912b15408
Event: 2.150 Thread 0x000002c96ba1c3f0 Exception <a 'java/lang/NoSuchMethodError'{0x0000000694be64b8}: 'java.lang.Object java.lang.invoke.DirectMethodHandle$Holder.invokeStatic(java.lang.Object, long, java.lang.Object)'> (0x0000000694be64b8) 
thrown [s\open\src\hotspot\share\interpreter\linkResolver.cpp, line 773]
Event: 2.150 Thread 0x000002c96ba1c3f0 Exception <a 'java/lang/NoSuchMethodError'{0x0000000694be9990}: 'java.lang.Object java.lang.invoke.DirectMethodHandle$Holder.invokeStaticInit(java.lang.Object, long, java.lang.Object)'> (0x0000000694be9990) 
thrown [s\open\src\hotspot\share\interpreter\linkResolver.cpp, line 773]
Event: 2.150 Thread 0x000002c96ba1c3f0 Exception <a 'java/lang/NoSuchMethodError'{0x0000000694beed88}: 'java.lang.Object java.lang.invoke.DirectMethodHandle$Holder.newInvokeSpecial(java.lang.Object, long)'> (0x0000000694beed88) 
thrown [s\open\src\hotspot\share\interpreter\linkResolver.cpp, line 773]
Event: 2.151 Thread 0x000002c96ba1c3f0 Exception <a 'java/lang/NoSuchMethodError'{0x0000000694bf30d0}: 'long java.lang.invoke.DirectMethodHandle$Holder.invokeInterface(java.lang.Object, java.lang.Object)'> (0x0000000694bf30d0) 
thrown [s\open\src\hotspot\share\interpreter\linkResolver.cpp, line 773]
Event: 2.152 Thread 0x000002c96ba1c3f0 Exception <a 'java/lang/NoSuchMethodError'{0x0000000694bf6588}: 'long java.lang.invoke.DelegatingMethodHandle$Holder.reinvoke_L(java.lang.Object, java.lang.Object)'> (0x0000000694bf6588) 
thrown [s\open\src\hotspot\share\interpreter\linkResolver.cpp, line 773]

ZGC Phase Switch (0 events):
No events

VM Operations (20 events):
Event: 1.120 Executing VM operation: HandshakeAllThreads (Deoptimize)
Event: 1.120 Executing VM operation: HandshakeAllThreads (Deoptimize) done
Event: 1.120 Executing VM operation: HandshakeAllThreads (Deoptimize)
Event: 1.120 Executing VM operation: HandshakeAllThreads (Deoptimize) done
Event: 1.191 Executing VM operation: HandshakeAllThreads (Deoptimize)
Event: 1.191 Executing VM operation: HandshakeAllThreads (Deoptimize) done
Event: 1.191 Executing VM operation: HandshakeAllThreads (Deoptimize)
Event: 1.191 Executing VM operation: HandshakeAllThreads (Deoptimize) done
Event: 1.274 Executing VM operation: ICBufferFull
Event: 1.274 Executing VM operation: ICBufferFull done
Event: 1.543 Executing VM operation: ICBufferFull
Event: 1.543 Executing VM operation: ICBufferFull done
Event: 1.870 Executing VM operation: ICBufferFull
Event: 1.870 Executing VM operation: ICBufferFull done
Event: 2.065 Executing VM operation: ICBufferFull
Event: 2.065 Executing VM operation: ICBufferFull done
Event: 2.138 Executing VM operation: HandshakeAllThreads (Deoptimize)
Event: 2.138 Executing VM operation: HandshakeAllThreads (Deoptimize) done
Event: 2.157 Executing VM operation: HandshakeAllThreads (Deoptimize)
Event: 2.157 Executing VM operation: HandshakeAllThreads (Deoptimize) done

Events (16 events):
Event: 0.018 Thread 0x000002c9009c31a0 Thread added: 0x000002c9009c31a0
Event: 0.029 Thread 0x000002c924549ae0 Thread added: 0x000002c924549ae0
Event: 0.029 Thread 0x000002c92454aaf0 Thread added: 0x000002c92454aaf0
Event: 0.029 Thread 0x000002c92454ec80 Thread added: 0x000002c92454ec80
Event: 0.029 Thread 0x000002c924551a80 Thread added: 0x000002c924551a80
Event: 0.029 Thread 0x000002c924552850 Thread added: 0x000002c924552850
Event: 0.029 Thread 0x000002c924550d00 Thread added: 0x000002c924550d00
Event: 0.029 Thread 0x000002c92455e220 Thread added: 0x000002c92455e220
Event: 0.029 Thread 0x000002c9249d0080 Thread added: 0x000002c9249d0080
Event: 0.043 Thread 0x000002c924ab4cf0 Thread added: 0x000002c924ab4cf0
Event: 0.075 Thread 0x000002c924c54b50 Thread added: 0x000002c924c54b50
Event: 0.075 Thread 0x000002c924c551c0 Thread added: 0x000002c924c551c0
Event: 0.307 Thread 0x000002c96a23d240 Thread added: 0x000002c96a23d240
Event: 0.439 Thread 0x000002c96aa1e4d0 Thread added: 0x000002c96aa1e4d0
Event: 2.141 Thread 0x000002c96ba1c3f0 Thread added: 0x000002c96ba1c3f0
Event: 2.153 Thread 0x000002c96ba1c3f0 Thread exited: 0x000002c96ba1c3f0


Dynamic libraries:
0x00007ff7a90a0000 - 0x00007ff7a90ae000 	C:\Users\samir\.jdks\openjdk-21.0.1\bin\java.exe
0x00007ffeb51d0000 - 0x00007ffeb53e6000 	C:\Windows\SYSTEM32\ntdll.dll
0x00007ffeb38b0000 - 0x00007ffeb3974000 	C:\Windows\System32\KERNEL32.DLL
0x00007ffeb24f0000 - 0x00007ffeb2897000 	C:\Windows\System32\KERNELBASE.dll
0x00007ffeb2a90000 - 0x00007ffeb2ba1000 	C:\Windows\System32\ucrtbase.dll
0x00007ffeaa8e0000 - 0x00007ffeaa8f8000 	C:\Users\samir\.jdks\openjdk-21.0.1\bin\jli.dll
0x00007ffea8b20000 - 0x00007ffea8b3b000 	C:\Users\samir\.jdks\openjdk-21.0.1\bin\VCRUNTIME140.dll
0x00007ffeb4530000 - 0x00007ffeb46de000 	C:\Windows\System32\USER32.dll
0x00007ffeb2990000 - 0x00007ffeb29b6000 	C:\Windows\System32\win32u.dll
0x00007ffe93080000 - 0x00007ffe93313000 	C:\Windows\WinSxS\amd64_microsoft.windows.common-controls_6595b64144ccf1df_6.0.22621.3235_none_270f74e173860f98\COMCTL32.dll
0x00007ffeb3830000 - 0x00007ffeb3859000 	C:\Windows\System32\GDI32.dll
0x00007ffeb46e0000 - 0x00007ffeb4787000 	C:\Windows\System32\msvcrt.dll
0x00007ffeb2bb0000 - 0x00007ffeb2cc9000 	C:\Windows\System32\gdi32full.dll
0x00007ffeb29f0000 - 0x00007ffeb2a8a000 	C:\Windows\System32\msvcp_win.dll
0x00007ffeb37f0000 - 0x00007ffeb3821000 	C:\Windows\System32\IMM32.DLL
0x00007ffeab050000 - 0x00007ffeab05c000 	C:\Users\samir\.jdks\openjdk-21.0.1\bin\vcruntime140_1.dll
0x00007ffe8c6f0000 - 0x00007ffe8c77e000 	C:\Users\samir\.jdks\openjdk-21.0.1\bin\msvcp140.dll
0x00007ffe4aa70000 - 0x00007ffe4b785000 	C:\Users\samir\.jdks\openjdk-21.0.1\bin\server\jvm.dll
0x00007ffeb3610000 - 0x00007ffeb36c2000 	C:\Windows\System32\ADVAPI32.dll
0x00007ffeb36d0000 - 0x00007ffeb3778000 	C:\Windows\System32\sechost.dll
0x00007ffeb29c0000 - 0x00007ffeb29e8000 	C:\Windows\System32\bcrypt.dll
0x00007ffeb34f0000 - 0x00007ffeb3605000 	C:\Windows\System32\RPCRT4.dll
0x00007ffeb3430000 - 0x00007ffeb34a1000 	C:\Windows\System32\WS2_32.dll
0x00007ffeb1360000 - 0x00007ffeb13ad000 	C:\Windows\SYSTEM32\POWRPROF.dll
0x00007ffea7ae0000 - 0x00007ffea7b14000 	C:\Windows\SYSTEM32\WINMM.dll
0x00007ffea5d30000 - 0x00007ffea5d3a000 	C:\Windows\SYSTEM32\VERSION.dll
0x00007ffeb1340000 - 0x00007ffeb1353000 	C:\Windows\SYSTEM32\UMPDC.dll
0x00007ffeb1600000 - 0x00007ffeb1618000 	C:\Windows\SYSTEM32\kernel.appcore.dll
0x00007ffea23a0000 - 0x00007ffea23aa000 	C:\Users\samir\.jdks\openjdk-21.0.1\bin\jimage.dll
0x00007ffeaf950000 - 0x00007ffeafb83000 	C:\Windows\SYSTEM32\DBGHELP.DLL
0x00007ffeb4ae0000 - 0x00007ffeb4e68000 	C:\Windows\System32\combase.dll
0x00007ffeb4e70000 - 0x00007ffeb4f47000 	C:\Windows\System32\OLEAUT32.dll
0x00007ffea1da0000 - 0x00007ffea1dd2000 	C:\Windows\SYSTEM32\dbgcore.DLL
0x00007ffeb2910000 - 0x00007ffeb2989000 	C:\Windows\System32\bcryptPrimitives.dll
0x00007ffea8cb0000 - 0x00007ffea8cbf000 	C:\Users\samir\.jdks\openjdk-21.0.1\bin\instrument.dll
0x00007ffea2320000 - 0x00007ffea233f000 	C:\Users\samir\.jdks\openjdk-21.0.1\bin\java.dll
0x00007ffeb3cd0000 - 0x00007ffeb452c000 	C:\Windows\System32\SHELL32.dll
0x00007ffeb0410000 - 0x00007ffeb0d09000 	C:\Windows\SYSTEM32\windows.storage.dll
0x00007ffeb02d0000 - 0x00007ffeb040e000 	C:\Windows\SYSTEM32\wintypes.dll
0x00007ffeb49e0000 - 0x00007ffeb4ad3000 	C:\Windows\System32\SHCORE.dll
0x00007ffeb3a00000 - 0x00007ffeb3a5e000 	C:\Windows\System32\shlwapi.dll
0x00007ffeb2420000 - 0x00007ffeb2441000 	C:\Windows\SYSTEM32\profapi.dll
0x00007ffe818e0000 - 0x00007ffe819b7000 	C:\Users\samir\.jdks\openjdk-21.0.1\bin\jsvml.dll
0x00007ffe9b090000 - 0x00007ffe9b0a8000 	C:\Users\samir\.jdks\openjdk-21.0.1\bin\zip.dll
0x00007ffea2390000 - 0x00007ffea23a0000 	C:\Users\samir\.jdks\openjdk-21.0.1\bin\net.dll
0x00007ffea9500000 - 0x00007ffea9636000 	C:\Windows\SYSTEM32\WINHTTP.dll
0x00007ffeb1a70000 - 0x00007ffeb1ad9000 	C:\Windows\system32\mswsock.dll
0x00007ffe9b7d0000 - 0x00007ffe9b7e6000 	C:\Users\samir\.jdks\openjdk-21.0.1\bin\nio.dll
0x00007ffe991f0000 - 0x00007ffe9920a000 	C:\Program Files\JetBrains\IntelliJ IDEA 2023.2.5\bin\breakgen64.dll
0x00007ffe9c700000 - 0x00007ffe9c707000 	C:\Users\samir\.jdks\openjdk-21.0.1\bin\extnet.dll
0x0000000069ac0000 - 0x0000000069ae4000 	C:\Users\samir\AppData\Local\Temp\jansi-2.4.0-e84b10dda4573240-jansi.dll
0x00007ffe9c680000 - 0x00007ffe9c690000 	C:\Users\samir\.jdks\openjdk-21.0.1\bin\verify.dll

dbghelp: loaded successfully - version: 4.0.5 - missing functions: none
symbol engine: initialized successfully - sym options: 0x614 - pdb path: .;C:\Users\samir\.jdks\openjdk-21.0.1\bin;C:\Windows\SYSTEM32;C:\Windows\WinSxS\amd64_microsoft.windows.common-controls_6595b64144ccf1df_6.0.22621.3235_none_270f74e173860f98;C:\Users\samir\.jdks\openjdk-21.0.1\bin\server;C:\Program Files\JetBrains\IntelliJ IDEA 2023.2.5\bin;C:\Users\samir\AppData\Local\Temp

VM Arguments:
jvm_args: -Dmaven.multiModuleProjectDirectory=C:\Users\samir\Downloads\7_webapp-jsf3[layouts]\webapp-jsf3 -Djansi.passthrough=true -Dmaven.home=C:\Program Files\JetBrains\IntelliJ IDEA 2023.2.5\plugins\maven\lib\maven3 -Dclassworlds.conf=C:\Program Files\JetBrains\IntelliJ IDEA 2023.2.5\plugins\maven\lib\maven3\bin\m2.conf -Dmaven.ext.class.path=C:\Program Files\JetBrains\IntelliJ IDEA 2023.2.5\plugins\maven\lib\maven-event-listener.jar -javaagent:C:\Program Files\JetBrains\IntelliJ IDEA 2023.2.5\lib\idea_rt.jar=50984:C:\Program Files\JetBrains\IntelliJ IDEA 2023.2.5\bin -Dfile.encoding=UTF-8 -Dsun.stdout.encoding=UTF-8 -Dsun.stderr.encoding=UTF-8 
java_command: org.codehaus.classworlds.Launcher -Didea.version=2023.2.5 install
java_class_path (initial): C:\Program Files\JetBrains\IntelliJ IDEA 2023.2.5\plugins\maven\lib\maven3\boot\plexus-classworlds-2.7.0.jar;C:\Program Files\JetBrains\IntelliJ IDEA 2023.2.5\plugins\maven\lib\maven3\boot\plexus-classworlds.license
Launcher Type: SUN_STANDARD

[Global flags]
     intx CICompilerCount                          = 4                                         {product} {ergonomic}
     uint ConcGCThreads                            = 3                                         {product} {ergonomic}
     uint G1ConcRefinementThreads                  = 10                                        {product} {ergonomic}
   size_t G1HeapRegionSize                         = 4194304                                   {product} {ergonomic}
    uintx GCDrainStackTargetSize                   = 64                                        {product} {ergonomic}
   size_t InitialHeapSize                          = 398458880                                 {product} {ergonomic}
   size_t MarkStackSize                            = 4194304                                   {product} {ergonomic}
   size_t MaxHeapSize                              = 6371147776                                {product} {ergonomic}
   size_t MaxNewSize                               = 3821010944                                {product} {ergonomic}
   size_t MinHeapDeltaBytes                        = 4194304                                   {product} {ergonomic}
   size_t MinHeapSize                              = 8388608                                   {product} {ergonomic}
    uintx NonNMethodCodeHeapSize                   = 5839372                                {pd product} {ergonomic}
    uintx NonProfiledCodeHeapSize                  = 122909434                              {pd product} {ergonomic}
    uintx ProfiledCodeHeapSize                     = 122909434                              {pd product} {ergonomic}
    uintx ReservedCodeCacheSize                    = 251658240                              {pd product} {ergonomic}
     bool SegmentedCodeCache                       = true                                      {product} {ergonomic}
   size_t SoftMaxHeapSize                          = 6371147776                             {manageable} {ergonomic}
     bool UseCompressedOops                        = true                           {product lp64_product} {ergonomic}
     bool UseG1GC                                  = true                                      {product} {ergonomic}
     bool UseLargePagesIndividualAllocation        = false                                  {pd product} {ergonomic}

Logging:
Log output configuration:
 #0: stdout all=warning uptime,level,tags foldmultilines=false
 #1: stderr all=off uptime,level,tags foldmultilines=false

Environment Variables:
PATH=C:\Program Files\Common Files\Oracle\Java\javapath;C:\Windows\system32;C:\Windows;C:\Windows\System32\Wbem;C:\Windows\System32\WindowsPowerShell\v1.0\;C:\Windows\System32\OpenSSH\;C:\Program Files (x86)\NVIDIA Corporation\PhysX\Common;C:\Program Files\NVIDIA Corporation\NVIDIA NvDLISR;C:\Program Files\dotnet\;C:\Program Files\Microsoft SQL Server\150\Tools\Binn\;C:\Program Files\Microsoft SQL Server\Client SDK\ODBC\170\Tools\Binn\;C:\Program Files\Git\cmd;C:\Program Files\nodejs\;C:\Program Files\MySQL\MySQL Shell 8.0\bin\;C:\Users\samir\AppData\Local\Microsoft\WindowsApps;C:\Users\samir\AppData\Local\Programs\Microsoft VS Code\bin;C:\Users\samir\.dotnet\tools;C:\Users\samir\AppData\Roaming\npm
USERNAME=samir
OS=Windows_NT
PROCESSOR_IDENTIFIER=Intel64 Family 6 Model 141 Stepping 1, GenuineIntel
TMP=C:\Users\samir\AppData\Local\Temp
TEMP=C:\Users\samir\AppData\Local\Temp




Periodic native trim disabled

---------------  S Y S T E M  ---------------

OS:
 Windows 11 , 64 bit Build 22621 (10.0.22621.3374)
OS uptime: 8 days 2:45 hours
Hyper-V role detected

CPU: total 12 (initial active 12) (6 cores per cpu, 2 threads per core) family 6 model 141 stepping 1 microcode 0x34, cx8, cmov, fxsr, ht, mmx, 3dnowpref, sse, sse2, sse3, ssse3, sse4.1, sse4.2, popcnt, lzcnt, tsc, tscinvbit, avx, avx2, aes, erms, clmul, bmi1, bmi2, adx, avx512f, avx512dq, avx512cd, avx512bw, avx512vl, sha, fma, vzeroupper, avx512_vpopcntdq, avx512_vpclmulqdq, avx512_vaes, avx512_vnni, clflush, clflushopt, clwb, avx512_vbmi2, avx512_vbmi, hv, rdtscp, rdpid, fsrm, gfni, avx512_bitalg, f16c, cet_ibt, cet_ss, avx512_ifma
Processor Information for all 12 processors :
  Max Mhz: 2688, Current Mhz: 2688, Mhz Limit: 2688

Memory: 4k page, system-wide physical 24298M (3728M free)
TotalPageFile size 82082M (AvailPageFile size 5M)
current process WorkingSet (physical memory assigned to process): 257M, peak: 257M
current process commit charge ("private bytes"): 545M, peak: 545M

vm_info: OpenJDK 64-Bit Server VM (21.0.1+12-29) for windows-amd64 JRE (21.0.1+12-29), built on 2023-10-05T13:27:09Z by "mach5one" with MS VC++ 17.1 (VS2022)

END.
