#
# There is insufficient memory for the Java Runtime Environment to continue.
# Native memory allocation (malloc) failed to allocate 640304 bytes for Chunk::new
# Possible reasons:
#   The system is out of physical RAM or swap space
#   The process is running with CompressedOops enabled, and the Java Heap may be blocking the growth of the native heap
# Possible solutions:
#   Reduce memory load on the system
#   Increase physical memory or swap space
#   Check if swap backing store is full
#   Decrease Java heap size (-Xmx/-Xms)
#   Decrease number of Java threads
#   Decrease Java thread stack sizes (-Xss)
#   Set larger code cache with -XX:ReservedCodeCacheSize=
#   JVM is running with Zero Based Compressed Oops mode in which the Java heap is
#     placed in the first 32GB address space. The Java Heap base address is the
#     maximum limit for the native heap growth. Please use -XX:HeapBaseMinAddress
#     to set the Java Heap base and to place the Java Heap above 32GB virtual address.
# This output file may be truncated or incomplete.
#
#  Out of Memory Error (arena.cpp:168), pid=28088, tid=5368
#
# JRE version: OpenJDK Runtime Environment (21.0.1+12) (build 21.0.1+12-29)
# Java VM: OpenJDK 64-Bit Server VM (21.0.1+12-29, mixed mode, sharing, tiered, compressed oops, compressed class ptrs, g1 gc, windows-amd64)
# No core dump will be written. Minidumps are not enabled by default on client versions of Windows
#

---------------  S U M M A R Y ------------

Command Line: -Dmaven.multiModuleProjectDirectory=C:\Users\samir\Downloads\7_webapp-jsf3[layouts]\webapp-jsf3 -Djansi.passthrough=true -Dmaven.home=C:\Program Files\JetBrains\IntelliJ IDEA 2023.2.5\plugins\maven\lib\maven3 -Dclassworlds.conf=C:\Program Files\JetBrains\IntelliJ IDEA 2023.2.5\plugins\maven\lib\maven3\bin\m2.conf -Dmaven.ext.class.path=C:\Program Files\JetBrains\IntelliJ IDEA 2023.2.5\plugins\maven\lib\maven-event-listener.jar -javaagent:C:\Program Files\JetBrains\IntelliJ IDEA 2023.2.5\lib\idea_rt.jar=52891:C:\Program Files\JetBrains\IntelliJ IDEA 2023.2.5\bin -Dfile.encoding=UTF-8 -Dsun.stdout.encoding=UTF-8 -Dsun.stderr.encoding=UTF-8 org.codehaus.classworlds.Launcher -Didea.version=2023.2.5 wildfly:deploy

Host: 11th Gen Intel(R) Core(TM) i5-11400H @ 2.70GHz, 12 cores, 23G,  Windows 11 , 64 bit Build 22621 (10.0.22621.3374)
Time: Sun Apr 28 20:51:41 2024 Hora est. Pacífico, Sudamérica elapsed time: 0.499658 seconds (0d 0h 0m 0s)

---------------  T H R E A D  ---------------

Current thread (0x00000196bb265540):  JavaThread "C2 CompilerThread1" daemon [_thread_in_native, id=5368, stack(0x0000005448300000,0x0000005448400000) (1024K)]


Current CompileTask:
C2:    499 1147   !   4       sun.nio.cs.StreamDecoder::read (78 bytes)

Stack: [0x0000005448300000,0x0000005448400000]
Native frames: (J=compiled Java code, j=interpreted, Vv=VM code, C=native code)
V  [jvm.dll+0x6c9029]
V  [jvm.dll+0x854b81]
V  [jvm.dll+0x856e5e]
V  [jvm.dll+0x857543]
V  [jvm.dll+0x280c06]
V  [jvm.dll+0xc3ead]
V  [jvm.dll+0xc43c3]
V  [jvm.dll+0x3b576c]
V  [jvm.dll+0x1e20b9]
V  [jvm.dll+0x249c22]
V  [jvm.dll+0x2490b1]
V  [jvm.dll+0x1c9ca1]
V  [jvm.dll+0x2586b9]
V  [jvm.dll+0x256c9a]
V  [jvm.dll+0x3ef1b6]
V  [jvm.dll+0x7fd728]
V  [jvm.dll+0x6c777d]
C  [ucrtbase.dll+0x29333]
C  [KERNEL32.DLL+0x1257d]
C  [ntdll.dll+0x5aa48]


---------------  P R O C E S S  ---------------

Threads class SMR info:
_java_thread_list=0x00000196fde1a680, length=14, elements={
0x0000019697ba3480, 0x00000196bb2447b0, 0x00000196bb245580, 0x00000196bb2493a0,
0x00000196bb249d60, 0x00000196bb24f120, 0x00000196bb24fb60, 0x00000196bb259be0,
0x00000196bb2640d0, 0x00000196fd0e1c50, 0x00000196fd200690, 0x00000196fd200d00,
0x00000196bb265540, 0x00000196bb263330
}

Java Threads: ( => current thread )
  0x0000019697ba3480 JavaThread "main"                              [_thread_in_vm, id=33324, stack(0x0000005447000000,0x0000005447100000) (1024K)]
  0x00000196bb2447b0 JavaThread "Reference Handler"          daemon [_thread_blocked, id=16876, stack(0x0000005447800000,0x0000005447900000) (1024K)]
  0x00000196bb245580 JavaThread "Finalizer"                  daemon [_thread_blocked, id=27964, stack(0x0000005447900000,0x0000005447a00000) (1024K)]
  0x00000196bb2493a0 JavaThread "Signal Dispatcher"          daemon [_thread_blocked, id=21132, stack(0x0000005447a00000,0x0000005447b00000) (1024K)]
  0x00000196bb249d60 JavaThread "Attach Listener"            daemon [_thread_blocked, id=33192, stack(0x0000005447b00000,0x0000005447c00000) (1024K)]
  0x00000196bb24f120 JavaThread "Service Thread"             daemon [_thread_blocked, id=38516, stack(0x0000005447c00000,0x0000005447d00000) (1024K)]
  0x00000196bb24fb60 JavaThread "Monitor Deflation Thread"   daemon [_thread_blocked, id=34928, stack(0x0000005447d00000,0x0000005447e00000) (1024K)]
  0x00000196bb259be0 JavaThread "C2 CompilerThread0"         daemon [_thread_in_native, id=17208, stack(0x0000005447e00000,0x0000005447f00000) (1024K)]
  0x00000196bb2640d0 JavaThread "C1 CompilerThread0"         daemon [_thread_blocked, id=32208, stack(0x0000005447f00000,0x0000005448000000) (1024K)]
  0x00000196fd0e1c50 JavaThread "Common-Cleaner"             daemon [_thread_blocked, id=38280, stack(0x0000005448000000,0x0000005448100000) (1024K)]
  0x00000196fd200690 JavaThread "Monitor Ctrl-Break"         daemon [_thread_in_native, id=12724, stack(0x0000005448100000,0x0000005448200000) (1024K)]
  0x00000196fd200d00 JavaThread "Notification Thread"        daemon [_thread_blocked, id=15804, stack(0x0000005448200000,0x0000005448300000) (1024K)]
=>0x00000196bb265540 JavaThread "C2 CompilerThread1"         daemon [_thread_in_native, id=5368, stack(0x0000005448300000,0x0000005448400000) (1024K)]
  0x00000196bb263330 JavaThread "C2 CompilerThread2"         daemon [_thread_in_native, id=22788, stack(0x0000005448400000,0x0000005448500000) (1024K)]
Total: 14

Other Threads:
  0x00000196bb229ba0 VMThread "VM Thread"                           [id=26728, stack(0x0000005447700000,0x0000005447800000) (1024K)]
  0x00000196bb214ab0 WatcherThread "VM Periodic Task Thread"        [id=25956, stack(0x0000005447600000,0x0000005447700000) (1024K)]
  0x0000019699e8e730 WorkerThread "GC Thread#0"                     [id=11248, stack(0x0000005447100000,0x0000005447200000) (1024K)]
  0x00000196fda821c0 WorkerThread "GC Thread#1"                     [id=936, stack(0x0000005448500000,0x0000005448600000) (1024K)]
  0x00000196fda82560 WorkerThread "GC Thread#2"                     [id=25672, stack(0x0000005448600000,0x0000005448700000) (1024K)]
  0x00000196fda82900 WorkerThread "GC Thread#3"                     [id=5216, stack(0x0000005448700000,0x0000005448800000) (1024K)]
  0x00000196fda82ca0 WorkerThread "GC Thread#4"                     [id=39324, stack(0x0000005448800000,0x0000005448900000) (1024K)]
  0x00000196fde18440 WorkerThread "GC Thread#5"                     [id=20336, stack(0x0000005448900000,0x0000005448a00000) (1024K)]
  0x00000196fdc16480 WorkerThread "GC Thread#6"                     [id=8908, stack(0x0000005448a00000,0x0000005448b00000) (1024K)]
  0x00000196fdc16820 WorkerThread "GC Thread#7"                     [id=27720, stack(0x0000005448b00000,0x0000005448c00000) (1024K)]
  0x00000196fdc17450 WorkerThread "GC Thread#8"                     [id=6788, stack(0x0000005448c00000,0x0000005448d00000) (1024K)]
  0x0000019699e9c4f0 ConcurrentGCThread "G1 Main Marker"            [id=41260, stack(0x0000005447200000,0x0000005447300000) (1024K)]
  0x0000019699e9d1a0 WorkerThread "G1 Conc#0"                       [id=16748, stack(0x0000005447300000,0x0000005447400000) (1024K)]
  0x00000196bb0e63d0 ConcurrentGCThread "G1 Refine#0"               [id=14960, stack(0x0000005447400000,0x0000005447500000) (1024K)]
  0x00000196bb0e6b50 ConcurrentGCThread "G1 Service"                [id=30876, stack(0x0000005447500000,0x0000005447600000) (1024K)]
Total: 15

Threads with active compile tasks:
C2 CompilerThread0      508 1211       4       org.codehaus.plexus.util.xml.pull.MXParser::nextImpl (1203 bytes)
C1 CompilerThread0      509 1221       2       jdk.internal.org.objectweb.asm.MethodWriter::visitMethodInsn (191 bytes)
C2 CompilerThread1      509 1147   !   4       sun.nio.cs.StreamDecoder::read (78 bytes)
C2 CompilerThread2      509 1149       4       sun.nio.cs.StreamDecoder::lockedRead (189 bytes)
Total: 4

VM state: not at safepoint (normal execution)

VM Mutex/Monitor currently owned by a thread: None

Heap address: 0x0000000684400000, size: 6076 MB, Compressed Oops mode: Zero based, Oop shift amount: 3

CDS archive(s) mapped at: [0x00000196bc000000-0x00000196bcc90000-0x00000196bcc90000), size 13172736, SharedBaseAddress: 0x00000196bc000000, ArchiveRelocationMode: 1.
Compressed class space mapped at: 0x00000196bd000000-0x00000196fd000000, reserved size: 1073741824
Narrow klass base: 0x00000196bc000000, Narrow klass shift: 0, Narrow klass range: 0x100000000

GC Precious Log:
 CardTable entry size: 512
 Card Set container configuration: InlinePtr #cards 4 size 8 Array Of Cards #cards 32 size 80 Howl #buckets 8 coarsen threshold 7372 Howl Bitmap #cards 1024 size 144 coarsen threshold 921 Card regions per heap region 1 cards per card region 8192
 CPUs: 12 total, 12 available
 Memory: 24298M
 Large Page Support: Disabled
 NUMA Support: Disabled
 Compressed Oops: Enabled (Zero based)
 Heap Region Size: 4M
 Heap Min Capacity: 8M
 Heap Initial Capacity: 380M
 Heap Max Capacity: 6076M
 Pre-touch: Disabled
 Parallel Workers: 10
 Concurrent Workers: 3
 Concurrent Refinement Workers: 10
 Periodic GC: Disabled

Heap:
 garbage-first heap   total 389120K, used 4086K [0x0000000684400000, 0x0000000800000000)
  region size 4096K, 3 young (12288K), 1 survivors (4096K)
 Metaspace       used 6319K, committed 6400K, reserved 1114112K
  class space    used 729K, committed 768K, reserved 1048576K

Heap Regions: E=young(eden), S=young(survivor), O=old, HS=humongous(starts), HC=humongous(continues), CS=collection set, F=free, TAMS=top-at-mark-start, PB=parsable bottom
|   0|0x0000000684400000, 0x0000000684400000, 0x0000000684800000|  0%| F|  |TAMS 0x0000000684400000| PB 0x0000000684400000| Untracked 
|   1|0x0000000684800000, 0x0000000684800000, 0x0000000684c00000|  0%| F|  |TAMS 0x0000000684800000| PB 0x0000000684800000| Untracked 
|   2|0x0000000684c00000, 0x0000000684c00000, 0x0000000685000000|  0%| F|  |TAMS 0x0000000684c00000| PB 0x0000000684c00000| Untracked 
|   3|0x0000000685000000, 0x0000000685000000, 0x0000000685400000|  0%| F|  |TAMS 0x0000000685000000| PB 0x0000000685000000| Untracked 
|   4|0x0000000685400000, 0x0000000685400000, 0x0000000685800000|  0%| F|  |TAMS 0x0000000685400000| PB 0x0000000685400000| Untracked 
|   5|0x0000000685800000, 0x0000000685800000, 0x0000000685c00000|  0%| F|  |TAMS 0x0000000685800000| PB 0x0000000685800000| Untracked 
|   6|0x0000000685c00000, 0x0000000685c00000, 0x0000000686000000|  0%| F|  |TAMS 0x0000000685c00000| PB 0x0000000685c00000| Untracked 
|   7|0x0000000686000000, 0x0000000686000000, 0x0000000686400000|  0%| F|  |TAMS 0x0000000686000000| PB 0x0000000686000000| Untracked 
|   8|0x0000000686400000, 0x0000000686400000, 0x0000000686800000|  0%| F|  |TAMS 0x0000000686400000| PB 0x0000000686400000| Untracked 
|   9|0x0000000686800000, 0x0000000686800000, 0x0000000686c00000|  0%| F|  |TAMS 0x0000000686800000| PB 0x0000000686800000| Untracked 
|  10|0x0000000686c00000, 0x0000000686c00000, 0x0000000687000000|  0%| F|  |TAMS 0x0000000686c00000| PB 0x0000000686c00000| Untracked 
|  11|0x0000000687000000, 0x0000000687000000, 0x0000000687400000|  0%| F|  |TAMS 0x0000000687000000| PB 0x0000000687000000| Untracked 
|  12|0x0000000687400000, 0x0000000687400000, 0x0000000687800000|  0%| F|  |TAMS 0x0000000687400000| PB 0x0000000687400000| Untracked 
|  13|0x0000000687800000, 0x0000000687800000, 0x0000000687c00000|  0%| F|  |TAMS 0x0000000687800000| PB 0x0000000687800000| Untracked 
|  14|0x0000000687c00000, 0x0000000687c00000, 0x0000000688000000|  0%| F|  |TAMS 0x0000000687c00000| PB 0x0000000687c00000| Untracked 
|  15|0x0000000688000000, 0x0000000688000000, 0x0000000688400000|  0%| F|  |TAMS 0x0000000688000000| PB 0x0000000688000000| Untracked 
|  16|0x0000000688400000, 0x0000000688400000, 0x0000000688800000|  0%| F|  |TAMS 0x0000000688400000| PB 0x0000000688400000| Untracked 
|  17|0x0000000688800000, 0x0000000688800000, 0x0000000688c00000|  0%| F|  |TAMS 0x0000000688800000| PB 0x0000000688800000| Untracked 
|  18|0x0000000688c00000, 0x0000000688c00000, 0x0000000689000000|  0%| F|  |TAMS 0x0000000688c00000| PB 0x0000000688c00000| Untracked 
|  19|0x0000000689000000, 0x0000000689000000, 0x0000000689400000|  0%| F|  |TAMS 0x0000000689000000| PB 0x0000000689000000| Untracked 
|  20|0x0000000689400000, 0x0000000689400000, 0x0000000689800000|  0%| F|  |TAMS 0x0000000689400000| PB 0x0000000689400000| Untracked 
|  21|0x0000000689800000, 0x0000000689800000, 0x0000000689c00000|  0%| F|  |TAMS 0x0000000689800000| PB 0x0000000689800000| Untracked 
|  22|0x0000000689c00000, 0x0000000689c00000, 0x000000068a000000|  0%| F|  |TAMS 0x0000000689c00000| PB 0x0000000689c00000| Untracked 
|  23|0x000000068a000000, 0x000000068a000000, 0x000000068a400000|  0%| F|  |TAMS 0x000000068a000000| PB 0x000000068a000000| Untracked 
|  24|0x000000068a400000, 0x000000068a400000, 0x000000068a800000|  0%| F|  |TAMS 0x000000068a400000| PB 0x000000068a400000| Untracked 
|  25|0x000000068a800000, 0x000000068a800000, 0x000000068ac00000|  0%| F|  |TAMS 0x000000068a800000| PB 0x000000068a800000| Untracked 
|  26|0x000000068ac00000, 0x000000068ac00000, 0x000000068b000000|  0%| F|  |TAMS 0x000000068ac00000| PB 0x000000068ac00000| Untracked 
|  27|0x000000068b000000, 0x000000068b000000, 0x000000068b400000|  0%| F|  |TAMS 0x000000068b000000| PB 0x000000068b000000| Untracked 
|  28|0x000000068b400000, 0x000000068b400000, 0x000000068b800000|  0%| F|  |TAMS 0x000000068b400000| PB 0x000000068b400000| Untracked 
|  29|0x000000068b800000, 0x000000068b800000, 0x000000068bc00000|  0%| F|  |TAMS 0x000000068b800000| PB 0x000000068b800000| Untracked 
|  30|0x000000068bc00000, 0x000000068bc00000, 0x000000068c000000|  0%| F|  |TAMS 0x000000068bc00000| PB 0x000000068bc00000| Untracked 
|  31|0x000000068c000000, 0x000000068c000000, 0x000000068c400000|  0%| F|  |TAMS 0x000000068c000000| PB 0x000000068c000000| Untracked 
|  32|0x000000068c400000, 0x000000068c400000, 0x000000068c800000|  0%| F|  |TAMS 0x000000068c400000| PB 0x000000068c400000| Untracked 
|  33|0x000000068c800000, 0x000000068c800000, 0x000000068cc00000|  0%| F|  |TAMS 0x000000068c800000| PB 0x000000068c800000| Untracked 
|  34|0x000000068cc00000, 0x000000068cc00000, 0x000000068d000000|  0%| F|  |TAMS 0x000000068cc00000| PB 0x000000068cc00000| Untracked 
|  35|0x000000068d000000, 0x000000068d000000, 0x000000068d400000|  0%| F|  |TAMS 0x000000068d000000| PB 0x000000068d000000| Untracked 
|  36|0x000000068d400000, 0x000000068d400000, 0x000000068d800000|  0%| F|  |TAMS 0x000000068d400000| PB 0x000000068d400000| Untracked 
|  37|0x000000068d800000, 0x000000068d800000, 0x000000068dc00000|  0%| F|  |TAMS 0x000000068d800000| PB 0x000000068d800000| Untracked 
|  38|0x000000068dc00000, 0x000000068dc00000, 0x000000068e000000|  0%| F|  |TAMS 0x000000068dc00000| PB 0x000000068dc00000| Untracked 
|  39|0x000000068e000000, 0x000000068e000000, 0x000000068e400000|  0%| F|  |TAMS 0x000000068e000000| PB 0x000000068e000000| Untracked 
|  40|0x000000068e400000, 0x000000068e400000, 0x000000068e800000|  0%| F|  |TAMS 0x000000068e400000| PB 0x000000068e400000| Untracked 
|  41|0x000000068e800000, 0x000000068e800000, 0x000000068ec00000|  0%| F|  |TAMS 0x000000068e800000| PB 0x000000068e800000| Untracked 
|  42|0x000000068ec00000, 0x000000068ec00000, 0x000000068f000000|  0%| F|  |TAMS 0x000000068ec00000| PB 0x000000068ec00000| Untracked 
|  43|0x000000068f000000, 0x000000068f000000, 0x000000068f400000|  0%| F|  |TAMS 0x000000068f000000| PB 0x000000068f000000| Untracked 
|  44|0x000000068f400000, 0x000000068f400000, 0x000000068f800000|  0%| F|  |TAMS 0x000000068f400000| PB 0x000000068f400000| Untracked 
|  45|0x000000068f800000, 0x000000068f800000, 0x000000068fc00000|  0%| F|  |TAMS 0x000000068f800000| PB 0x000000068f800000| Untracked 
|  46|0x000000068fc00000, 0x000000068fc00000, 0x0000000690000000|  0%| F|  |TAMS 0x000000068fc00000| PB 0x000000068fc00000| Untracked 
|  47|0x0000000690000000, 0x0000000690000000, 0x0000000690400000|  0%| F|  |TAMS 0x0000000690000000| PB 0x0000000690000000| Untracked 
|  48|0x0000000690400000, 0x0000000690400000, 0x0000000690800000|  0%| F|  |TAMS 0x0000000690400000| PB 0x0000000690400000| Untracked 
|  49|0x0000000690800000, 0x0000000690800000, 0x0000000690c00000|  0%| F|  |TAMS 0x0000000690800000| PB 0x0000000690800000| Untracked 
|  50|0x0000000690c00000, 0x0000000690c00000, 0x0000000691000000|  0%| F|  |TAMS 0x0000000690c00000| PB 0x0000000690c00000| Untracked 
|  51|0x0000000691000000, 0x0000000691000000, 0x0000000691400000|  0%| F|  |TAMS 0x0000000691000000| PB 0x0000000691000000| Untracked 
|  52|0x0000000691400000, 0x0000000691400000, 0x0000000691800000|  0%| F|  |TAMS 0x0000000691400000| PB 0x0000000691400000| Untracked 
|  53|0x0000000691800000, 0x0000000691800000, 0x0000000691c00000|  0%| F|  |TAMS 0x0000000691800000| PB 0x0000000691800000| Untracked 
|  54|0x0000000691c00000, 0x0000000691c00000, 0x0000000692000000|  0%| F|  |TAMS 0x0000000691c00000| PB 0x0000000691c00000| Untracked 
|  55|0x0000000692000000, 0x0000000692000000, 0x0000000692400000|  0%| F|  |TAMS 0x0000000692000000| PB 0x0000000692000000| Untracked 
|  56|0x0000000692400000, 0x0000000692400000, 0x0000000692800000|  0%| F|  |TAMS 0x0000000692400000| PB 0x0000000692400000| Untracked 
|  57|0x0000000692800000, 0x0000000692800000, 0x0000000692c00000|  0%| F|  |TAMS 0x0000000692800000| PB 0x0000000692800000| Untracked 
|  58|0x0000000692c00000, 0x0000000692c00000, 0x0000000693000000|  0%| F|  |TAMS 0x0000000692c00000| PB 0x0000000692c00000| Untracked 
|  59|0x0000000693000000, 0x0000000693000000, 0x0000000693400000|  0%| F|  |TAMS 0x0000000693000000| PB 0x0000000693000000| Untracked 
|  60|0x0000000693400000, 0x0000000693400000, 0x0000000693800000|  0%| F|  |TAMS 0x0000000693400000| PB 0x0000000693400000| Untracked 
|  61|0x0000000693800000, 0x0000000693800000, 0x0000000693c00000|  0%| F|  |TAMS 0x0000000693800000| PB 0x0000000693800000| Untracked 
|  62|0x0000000693c00000, 0x0000000693c00000, 0x0000000694000000|  0%| F|  |TAMS 0x0000000693c00000| PB 0x0000000693c00000| Untracked 
|  63|0x0000000694000000, 0x0000000694000000, 0x0000000694400000|  0%| F|  |TAMS 0x0000000694000000| PB 0x0000000694000000| Untracked 
|  64|0x0000000694400000, 0x0000000694400000, 0x0000000694800000|  0%| F|  |TAMS 0x0000000694400000| PB 0x0000000694400000| Untracked 
|  65|0x0000000694800000, 0x0000000694800000, 0x0000000694c00000|  0%| F|  |TAMS 0x0000000694800000| PB 0x0000000694800000| Untracked 
|  66|0x0000000694c00000, 0x0000000694c00000, 0x0000000695000000|  0%| F|  |TAMS 0x0000000694c00000| PB 0x0000000694c00000| Untracked 
|  67|0x0000000695000000, 0x0000000695000000, 0x0000000695400000|  0%| F|  |TAMS 0x0000000695000000| PB 0x0000000695000000| Untracked 
|  68|0x0000000695400000, 0x0000000695400000, 0x0000000695800000|  0%| F|  |TAMS 0x0000000695400000| PB 0x0000000695400000| Untracked 
|  69|0x0000000695800000, 0x0000000695800000, 0x0000000695c00000|  0%| F|  |TAMS 0x0000000695800000| PB 0x0000000695800000| Untracked 
|  70|0x0000000695c00000, 0x0000000695c00000, 0x0000000696000000|  0%| F|  |TAMS 0x0000000695c00000| PB 0x0000000695c00000| Untracked 
|  71|0x0000000696000000, 0x0000000696000000, 0x0000000696400000|  0%| F|  |TAMS 0x0000000696000000| PB 0x0000000696000000| Untracked 
|  72|0x0000000696400000, 0x0000000696400000, 0x0000000696800000|  0%| F|  |TAMS 0x0000000696400000| PB 0x0000000696400000| Untracked 
|  73|0x0000000696800000, 0x0000000696800000, 0x0000000696c00000|  0%| F|  |TAMS 0x0000000696800000| PB 0x0000000696800000| Untracked 
|  74|0x0000000696c00000, 0x0000000696c00000, 0x0000000697000000|  0%| F|  |TAMS 0x0000000696c00000| PB 0x0000000696c00000| Untracked 
|  75|0x0000000697000000, 0x0000000697000000, 0x0000000697400000|  0%| F|  |TAMS 0x0000000697000000| PB 0x0000000697000000| Untracked 
|  76|0x0000000697400000, 0x0000000697400000, 0x0000000697800000|  0%| F|  |TAMS 0x0000000697400000| PB 0x0000000697400000| Untracked 
|  77|0x0000000697800000, 0x0000000697800000, 0x0000000697c00000|  0%| F|  |TAMS 0x0000000697800000| PB 0x0000000697800000| Untracked 
|  78|0x0000000697c00000, 0x0000000697c00000, 0x0000000698000000|  0%| F|  |TAMS 0x0000000697c00000| PB 0x0000000697c00000| Untracked 
|  79|0x0000000698000000, 0x0000000698000000, 0x0000000698400000|  0%| F|  |TAMS 0x0000000698000000| PB 0x0000000698000000| Untracked 
|  80|0x0000000698400000, 0x0000000698400000, 0x0000000698800000|  0%| F|  |TAMS 0x0000000698400000| PB 0x0000000698400000| Untracked 
|  81|0x0000000698800000, 0x0000000698800000, 0x0000000698c00000|  0%| F|  |TAMS 0x0000000698800000| PB 0x0000000698800000| Untracked 
|  82|0x0000000698c00000, 0x0000000698c00000, 0x0000000699000000|  0%| F|  |TAMS 0x0000000698c00000| PB 0x0000000698c00000| Untracked 
|  83|0x0000000699000000, 0x0000000699000000, 0x0000000699400000|  0%| F|  |TAMS 0x0000000699000000| PB 0x0000000699000000| Untracked 
|  84|0x0000000699400000, 0x0000000699400000, 0x0000000699800000|  0%| F|  |TAMS 0x0000000699400000| PB 0x0000000699400000| Untracked 
|  85|0x0000000699800000, 0x0000000699800000, 0x0000000699c00000|  0%| F|  |TAMS 0x0000000699800000| PB 0x0000000699800000| Untracked 
|  86|0x0000000699c00000, 0x0000000699c00000, 0x000000069a000000|  0%| F|  |TAMS 0x0000000699c00000| PB 0x0000000699c00000| Untracked 
|  87|0x000000069a000000, 0x000000069a000000, 0x000000069a400000|  0%| F|  |TAMS 0x000000069a000000| PB 0x000000069a000000| Untracked 
|  88|0x000000069a400000, 0x000000069a400000, 0x000000069a800000|  0%| F|  |TAMS 0x000000069a400000| PB 0x000000069a400000| Untracked 
|  89|0x000000069a800000, 0x000000069abfdb68, 0x000000069ac00000| 99%| S|CS|TAMS 0x000000069a800000| PB 0x000000069a800000| Complete 
|  90|0x000000069ac00000, 0x000000069ac00000, 0x000000069b000000|  0%| F|  |TAMS 0x000000069ac00000| PB 0x000000069ac00000| Untracked 
|  91|0x000000069b000000, 0x000000069b000000, 0x000000069b400000|  0%| F|  |TAMS 0x000000069b000000| PB 0x000000069b000000| Untracked 
|  92|0x000000069b400000, 0x000000069b400000, 0x000000069b800000|  0%| F|  |TAMS 0x000000069b400000| PB 0x000000069b400000| Untracked 
|  93|0x000000069b800000, 0x000000069bb68460, 0x000000069bc00000| 85%| E|  |TAMS 0x000000069b800000| PB 0x000000069b800000| Complete 
|  94|0x000000069bc00000, 0x000000069c000000, 0x000000069c000000|100%| E|  |TAMS 0x000000069bc00000| PB 0x000000069bc00000| Complete 

Card table byte_map: [0x00000196b2380000,0x00000196b2f60000] _byte_map_base: 0x00000196aef5e000

Marking Bits: (CMBitMap*) 0x0000019699e8ee30
 Bits: [0x00000196b2f60000, 0x00000196b8e50000)

Polling page: 0x0000019697df0000

Metaspace:

Usage:
  Non-class:      5.47 MB used.
      Class:    733.20 KB used.
       Both:      6.19 MB used.

Virtual space:
  Non-class space:       64.00 MB reserved,       5.56 MB (  9%) committed,  1 nodes.
      Class space:        1.00 GB reserved,     768.00 KB ( <1%) committed,  1 nodes.
             Both:        1.06 GB reserved,       6.31 MB ( <1%) committed. 

Chunk freelists:
   Non-Class:  8.98 MB
       Class:  15.25 MB
        Both:  24.23 MB

MaxMetaspaceSize: unlimited
CompressedClassSpaceSize: 1.00 GB
Initial GC threshold: 21.00 MB
Current GC threshold: 21.00 MB
CDS: on
 - commit_granule_bytes: 65536.
 - commit_granule_words: 8192.
 - virtual_space_node_default_size: 8388608.
 - enlarge_chunks_in_place: 1.
 - use_allocation_guard: 0.


Internal statistics:

num_allocs_failed_limit: 0.
num_arena_births: 64.
num_arena_deaths: 0.
num_vsnodes_births: 2.
num_vsnodes_deaths: 0.
num_space_committed: 101.
num_space_uncommitted: 0.
num_chunks_returned_to_freelist: 0.
num_chunks_taken_from_freelist: 230.
num_chunk_merges: 0.
num_chunk_splits: 155.
num_chunks_enlarged: 125.
num_inconsistent_stats: 0.

CodeHeap 'non-profiled nmethods': size=120000Kb used=417Kb max_used=417Kb free=119582Kb
 bounds [0x00000196a9d20000, 0x00000196a9f90000, 0x00000196b1250000]
CodeHeap 'profiled nmethods': size=120000Kb used=2362Kb max_used=2362Kb free=117637Kb
 bounds [0x00000196a2250000, 0x00000196a24c0000, 0x00000196a9780000]
CodeHeap 'non-nmethods': size=5760Kb used=1511Kb max_used=1532Kb free=4248Kb
 bounds [0x00000196a9780000, 0x00000196a99f0000, 0x00000196a9d20000]
 total_blobs=1673 nmethods=1200 adapters=377
 compilation: enabled
              stopped_count=0, restarted_count=0
 full_count=0

Compilation events (20 events):
Event: 0.472 Thread 0x00000196bb2640d0 1190       3       java.lang.StringBuilder::charAt (6 bytes)
Event: 0.472 Thread 0x00000196bb2640d0 nmethod 1190 0x00000196a2495890 code [0x00000196a2495a40, 0x00000196a2495b88]
Event: 0.472 Thread 0x00000196bb2640d0 1191       3       java.lang.AbstractStringBuilder::charAt (36 bytes)
Event: 0.472 Thread 0x00000196bb2640d0 nmethod 1191 0x00000196a2495c10 code [0x00000196a2495de0, 0x00000196a2496120]
Event: 0.479 Thread 0x00000196bb2640d0 1202       1       org.codehaus.plexus.util.xml.pull.MXParser::getDepth (5 bytes)
Event: 0.479 Thread 0x00000196bb2640d0 nmethod 1202 0x00000196a9d81a10 code [0x00000196a9d81ba0, 0x00000196a9d81c68]
Event: 0.480 Thread 0x00000196bb2640d0 1203       2       java.nio.ByteBuffer::flip (7 bytes)
Event: 0.480 Thread 0x00000196bb2640d0 nmethod 1203 0x00000196a2496290 code [0x00000196a2496420, 0x00000196a2496540]
Event: 0.487 Thread 0x00000196bb2640d0 1205       2       java.util.Collections::emptyMap (4 bytes)
Event: 0.487 Thread 0x00000196bb2640d0 nmethod 1205 0x00000196a2496610 code [0x00000196a24967a0, 0x00000196a2496890]
Event: 0.490 Thread 0x00000196bb2640d0 1206 %     3       org.codehaus.plexus.util.InterpolationFilterReader::read @ 3 (48 bytes)
Event: 0.490 Thread 0x00000196bb2640d0 nmethod 1206% 0x00000196a2496910 code [0x00000196a2496ae0, 0x00000196a2496ef0]
Event: 0.490 Thread 0x00000196bb2640d0 1207       3       org.codehaus.plexus.util.InterpolationFilterReader::read (48 bytes)
Event: 0.490 Thread 0x00000196bb2640d0 nmethod 1207 0x00000196a2497090 code [0x00000196a2497260, 0x00000196a2497588]
Event: 0.491 Thread 0x00000196bb2640d0 1208       2       org.codehaus.plexus.util.xml.pull.MXParser::require (443 bytes)
Event: 0.492 Thread 0x00000196bb2640d0 nmethod 1208 0x00000196a2497710 code [0x00000196a2497ce0, 0x00000196a2499438]
Event: 0.497 Thread 0x00000196bb2640d0 1209       2       org.eclipse.sisu.space.URLClassSpace::deferLoadClass (10 bytes)
Event: 0.497 Thread 0x00000196bb2640d0 nmethod 1209 0x00000196a249a190 code [0x00000196a249a340, 0x00000196a249a570]
Event: 0.497 Thread 0x00000196bb2640d0 1210       2       org.eclipse.sisu.space.NamedClass::<init> (15 bytes)
Event: 0.497 Thread 0x00000196bb2640d0 nmethod 1210 0x00000196a249a610 code [0x00000196a249a7c0, 0x00000196a249a990]

GC Heap History (2 events):
Event: 0.460 GC heap before
{Heap before GC invocations=0 (full 0):
 garbage-first heap   total 389120K, used 20480K [0x0000000684400000, 0x0000000800000000)
  region size 4096K, 5 young (20480K), 0 survivors (0K)
 Metaspace       used 6017K, committed 6144K, reserved 1114112K
  class space    used 682K, committed 768K, reserved 1048576K
}
Event: 0.463 GC heap after
{Heap after GC invocations=1 (full 0):
 garbage-first heap   total 389120K, used 4086K [0x0000000684400000, 0x0000000800000000)
  region size 4096K, 1 young (4096K), 1 survivors (4096K)
 Metaspace       used 6017K, committed 6144K, reserved 1114112K
  class space    used 682K, committed 768K, reserved 1048576K
}

Dll operation events (12 events):
Event: 0.005 Loaded shared library C:\Users\samir\.jdks\openjdk-21.0.1\bin\java.dll
Event: 0.032 Loaded shared library C:\Users\samir\.jdks\openjdk-21.0.1\bin\jsvml.dll
Event: 0.057 Loaded shared library C:\Users\samir\.jdks\openjdk-21.0.1\bin\zip.dll
Event: 0.060 Loaded shared library C:\Users\samir\.jdks\openjdk-21.0.1\bin\instrument.dll
Event: 0.064 Loaded shared library C:\Users\samir\.jdks\openjdk-21.0.1\bin\net.dll
Event: 0.065 Loaded shared library C:\Users\samir\.jdks\openjdk-21.0.1\bin\nio.dll
Event: 0.068 Loaded shared library C:\Users\samir\.jdks\openjdk-21.0.1\bin\zip.dll
Event: 0.079 Loaded shared library C:\Program Files\JetBrains\IntelliJ IDEA 2023.2.5\bin\breakgen64.dll
Event: 0.086 Loaded shared library C:\Users\samir\.jdks\openjdk-21.0.1\bin\extnet.dll
Event: 0.155 Loaded shared library C:\Users\samir\.jdks\openjdk-21.0.1\bin\jimage.dll
Event: 0.187 Loaded shared library C:\Users\samir\AppData\Local\Temp\jansi-2.4.0-9fc3f553547b79dd-jansi.dll
Event: 0.195 Loaded shared library C:\Users\samir\.jdks\openjdk-21.0.1\bin\verify.dll

Deoptimization events (20 events):
Event: 0.448 Thread 0x0000019697ba3480 Uncommon trap: trap_request=0xffffff76 fr.pc=0x00000196a9d5c700 relative=0x0000000000000320
Event: 0.448 Thread 0x0000019697ba3480 Uncommon trap: reason=predicate action=maybe_recompile pc=0x00000196a9d5c700 method=java.util.regex.Pattern$BmpCharPropertyGreedy.match(Ljava/util/regex/Matcher;ILjava/lang/CharSequence;)Z @ 12 c2
Event: 0.448 Thread 0x0000019697ba3480 DEOPT PACKING pc=0x00000196a9d5c700 sp=0x00000054470fe1c0
Event: 0.448 Thread 0x0000019697ba3480 DEOPT UNPACKING pc=0x00000196a97d7da2 sp=0x00000054470fe178 mode 2
Event: 0.448 Thread 0x0000019697ba3480 Uncommon trap: trap_request=0xffffff45 fr.pc=0x00000196a9d51ce4 relative=0x00000000000000c4
Event: 0.448 Thread 0x0000019697ba3480 Uncommon trap: reason=unstable_if action=reinterpret pc=0x00000196a9d51ce4 method=org.codehaus.plexus.util.xml.pull.MXParser.more()C @ 8 c2
Event: 0.448 Thread 0x0000019697ba3480 DEOPT PACKING pc=0x00000196a9d51ce4 sp=0x00000054470fe5a0
Event: 0.448 Thread 0x0000019697ba3480 DEOPT UNPACKING pc=0x00000196a97d7da2 sp=0x00000054470fe530 mode 2
Event: 0.457 Thread 0x0000019697ba3480 Uncommon trap: trap_request=0xffffffde fr.pc=0x00000196a9d639e4 relative=0x0000000000000aa4
Event: 0.457 Thread 0x0000019697ba3480 Uncommon trap: reason=class_check action=maybe_recompile pc=0x00000196a9d639e4 method=java.util.HashMap.putVal(ILjava/lang/Object;Ljava/lang/Object;ZZ)Ljava/lang/Object; @ 91 c2
Event: 0.457 Thread 0x0000019697ba3480 DEOPT PACKING pc=0x00000196a9d639e4 sp=0x00000054470fe640
Event: 0.457 Thread 0x0000019697ba3480 DEOPT UNPACKING pc=0x00000196a97d7da2 sp=0x00000054470fe588 mode 2
Event: 0.463 Thread 0x00000196bb2447b0 Uncommon trap: trap_request=0xffffff45 fr.pc=0x00000196a9d803e0 relative=0x0000000000000040
Event: 0.463 Thread 0x00000196bb2447b0 Uncommon trap: reason=unstable_if action=reinterpret pc=0x00000196a9d803e0 method=java.util.concurrent.locks.AbstractQueuedSynchronizer.signalNext(Ljava/util/concurrent/locks/AbstractQueuedSynchronizer$Node;)V @ 1 c2
Event: 0.463 Thread 0x00000196bb2447b0 DEOPT PACKING pc=0x00000196a9d803e0 sp=0x00000054478fefd0
Event: 0.463 Thread 0x00000196bb2447b0 DEOPT UNPACKING pc=0x00000196a97d7da2 sp=0x00000054478fef60 mode 2
Event: 0.472 Thread 0x0000019697ba3480 Uncommon trap: trap_request=0xffffffde fr.pc=0x00000196a9d61fcc relative=0x00000000000005ac
Event: 0.472 Thread 0x0000019697ba3480 Uncommon trap: reason=class_check action=maybe_recompile pc=0x00000196a9d61fcc method=java.util.regex.Matcher.search(I)Z @ 121 c2
Event: 0.472 Thread 0x0000019697ba3480 DEOPT PACKING pc=0x00000196a9d61fcc sp=0x00000054470fe3e0
Event: 0.472 Thread 0x0000019697ba3480 DEOPT UNPACKING pc=0x00000196a97d7da2 sp=0x00000054470fe3c0 mode 2

Classes loaded (20 events):
Event: 0.420 Loading class java/lang/annotation/Documented
Event: 0.420 Loading class java/lang/annotation/Documented done
Event: 0.427 Loading class java/util/concurrent/TimeoutException
Event: 0.427 Loading class java/util/concurrent/TimeoutException done
Event: 0.427 Loading class java/util/concurrent/CancellationException
Event: 0.427 Loading class java/util/concurrent/CancellationException done
Event: 0.427 Loading class sun/misc/Unsafe
Event: 0.427 Loading class sun/misc/Unsafe done
Event: 0.428 Loading class java/lang/invoke/DirectMethodHandle$StaticAccessor
Event: 0.428 Loading class java/lang/invoke/DirectMethodHandle$StaticAccessor done
Event: 0.431 Loading class java/lang/reflect/ParameterizedType
Event: 0.431 Loading class java/lang/reflect/ParameterizedType done
Event: 0.433 Loading class java/lang/reflect/WildcardType
Event: 0.433 Loading class java/lang/reflect/WildcardType done
Event: 0.434 Loading class sun/reflect/generics/tree/TypeVariableSignature
Event: 0.434 Loading class sun/reflect/generics/tree/TypeVariableSignature done
Event: 0.444 Loading class java/lang/annotation/IncompleteAnnotationException
Event: 0.444 Loading class java/lang/annotation/IncompleteAnnotationException done
Event: 0.469 Loading class java/lang/foreign/MemorySegment
Event: 0.469 Loading class java/lang/foreign/MemorySegment done

Classes unloaded (0 events):
No events

Classes redefined (0 events):
No events

Internal exceptions (20 events):
Event: 0.072 Thread 0x0000019697ba3480 Exception <a 'java/lang/NoSuchMethodError'{0x000000069bed6540}: 'void java.lang.invoke.DirectMethodHandle$Holder.invokeStatic(java.lang.Object, java.lang.Object, java.lang.Object)'> (0x000000069bed6540) 
thrown [s\open\src\hotspot\share\interpreter\linkResolver.cpp, line 773]
Event: 0.076 Thread 0x0000019697ba3480 Exception <a 'java/lang/NoSuchMethodError'{0x000000069beeda48}: 'java.lang.Object java.lang.invoke.Invokers$Holder.invokeExact_MT(java.lang.Object, java.lang.Object, java.lang.Object, java.lang.Object, java.lang.Object)'> (0x000000069beeda48) 
thrown [s\open\src\hotspot\share\interpreter\linkResolver.cpp, line 773]
Event: 0.087 Thread 0x00000196fd200690 Exception <a 'java/lang/NoSuchMethodError'{0x000000069bf3bb88}: 'void java.lang.invoke.DirectMethodHandle$Holder.invokeStatic(java.lang.Object, java.lang.Object)'> (0x000000069bf3bb88) 
thrown [s\open\src\hotspot\share\interpreter\linkResolver.cpp, line 773]
Event: 0.098 Thread 0x0000019697ba3480 Exception <a 'java/lang/NoSuchMethodError'{0x000000069bfcc558}: 'int java.lang.invoke.DirectMethodHandle$Holder.invokeSpecial(java.lang.Object, java.lang.Object, java.lang.Object)'> (0x000000069bfcc558) 
thrown [s\open\src\hotspot\share\interpreter\linkResolver.cpp, line 773]
Event: 0.153 Thread 0x0000019697ba3480 Exception <a 'java/lang/NullPointerException'{0x000000069ba1cc20}> (0x000000069ba1cc20) 
thrown [s\open\src\hotspot\share\interpreter\linkResolver.cpp, line 1372]
Event: 0.194 Thread 0x0000019697ba3480 Exception <a 'sun/nio/fs/WindowsException'{0x000000069baa5850}> (0x000000069baa5850) 
thrown [s\open\src\hotspot\share\prims\jni.cpp, line 520]
Event: 0.194 Thread 0x0000019697ba3480 Exception <a 'sun/nio/fs/WindowsException'{0x000000069baa5fa8}> (0x000000069baa5fa8) 
thrown [s\open\src\hotspot\share\prims\jni.cpp, line 520]
Event: 0.194 Thread 0x0000019697ba3480 Exception <a 'sun/nio/fs/WindowsException'{0x000000069baa6528}> (0x000000069baa6528) 
thrown [s\open\src\hotspot\share\prims\jni.cpp, line 520]
Event: 0.194 Thread 0x0000019697ba3480 Exception <a 'sun/nio/fs/WindowsException'{0x000000069baa6a80}> (0x000000069baa6a80) 
thrown [s\open\src\hotspot\share\prims\jni.cpp, line 520]
Event: 0.194 Thread 0x0000019697ba3480 Exception <a 'sun/nio/fs/WindowsException'{0x000000069baa6f88}> (0x000000069baa6f88) 
thrown [s\open\src\hotspot\share\prims\jni.cpp, line 520]
Event: 0.194 Thread 0x0000019697ba3480 Exception <a 'sun/nio/fs/WindowsException'{0x000000069baa7448}> (0x000000069baa7448) 
thrown [s\open\src\hotspot\share\prims\jni.cpp, line 520]
Event: 0.255 Thread 0x0000019697ba3480 Exception <a 'java/lang/NoSuchMethodError'{0x000000069b4c6ff8}: 'java.lang.Object java.lang.invoke.DirectMethodHandle$Holder.invokeSpecialIFC(java.lang.Object, java.lang.Object, java.lang.Object, java.lang.Object)'> (0x000000069b4c6ff8) 
thrown [s\open\src\hotspot\share\interpreter\linkResolver.cpp, line 773]
Event: 0.361 Thread 0x0000019697ba3480 Exception <a 'java/lang/NoSuchMethodError'{0x000000069b237618}: 'void java.lang.invoke.DirectMethodHandle$Holder.invokeSpecial(java.lang.Object, java.lang.Object, java.lang.Object)'> (0x000000069b237618) 
thrown [s\open\src\hotspot\share\interpreter\linkResolver.cpp, line 773]
Event: 0.382 Thread 0x0000019697ba3480 Exception <a 'java/lang/NoSuchMethodError'{0x000000069b379a78}: 'java.lang.Object java.lang.invoke.DirectMethodHandle$Holder.invokeInterface(java.lang.Object, java.lang.Object)'> (0x000000069b379a78) 
thrown [s\open\src\hotspot\share\interpreter\linkResolver.cpp, line 773]
Event: 0.392 Thread 0x0000019697ba3480 Exception <a 'java/lang/NoSuchMethodError'{0x000000069ac0e860}: 'int java.lang.invoke.DirectMethodHandle$Holder.invokeStatic(java.lang.Object, java.lang.Object, java.lang.Object, java.lang.Object)'> (0x000000069ac0e860) 
thrown [s\open\src\hotspot\share\interpreter\linkResolver.cpp, line 773]
Event: 0.392 Thread 0x0000019697ba3480 Exception <a 'java/lang/NoSuchMethodError'{0x000000069ac11ee0}: 'java.lang.Object java.lang.invoke.Invokers$Holder.invokeExact_MT(java.lang.Object, java.lang.Object, java.lang.Object, java.lang.Object, java.lang.Object, java.lang.Object)'> (0x000000069ac11ee0) 
thrown [s\open\src\hotspot\share\interpreter\linkResolver.cpp, line 773]
Event: 0.394 Thread 0x0000019697ba3480 Exception <a 'java/lang/NoSuchMethodError'{0x000000069ac20678}: 'int java.lang.invoke.DirectMethodHandle$Holder.invokeSpecialIFC(java.lang.Object, java.lang.Object, java.lang.Object, java.lang.Object, java.lang.Object)'> (0x000000069ac20678) 
thrown [s\open\src\hotspot\share\interpreter\linkResolver.cpp, line 773]
Event: 0.421 Thread 0x0000019697ba3480 Exception <a 'java/lang/NoSuchMethodError'{0x000000069ada20f0}: 'java.lang.Object java.lang.invoke.DirectMethodHandle$Holder.newInvokeSpecial(java.lang.Object, java.lang.Object, java.lang.Object, java.lang.Object, java.lang.Object)'> (0x000000069ada20f0) 
thrown [s\open\src\hotspot\share\interpreter\linkResolver.cpp, line 773]
Event: 0.438 Thread 0x0000019697ba3480 Exception <a 'java/lang/NoSuchMethodError'{0x000000069ae99bd8}: 'int java.lang.invoke.DirectMethodHandle$Holder.invokeStaticInit(java.lang.Object, java.lang.Object)'> (0x000000069ae99bd8) 
thrown [s\open\src\hotspot\share\interpreter\linkResolver.cpp, line 773]
Event: 0.445 Thread 0x0000019697ba3480 Exception <a 'java/lang/NoClassDefFoundError'{0x000000069aece1d8}: javax/enterprise/inject/Typed> (0x000000069aece1d8) 
thrown [s\open\src\hotspot\share\classfile\systemDictionary.cpp, line 301]

ZGC Phase Switch (0 events):
No events

VM Operations (10 events):
Event: 0.048 Executing VM operation: HandshakeAllThreads (Deoptimize)
Event: 0.049 Executing VM operation: HandshakeAllThreads (Deoptimize) done
Event: 0.153 Executing VM operation: HandshakeAllThreads (Deoptimize)
Event: 0.153 Executing VM operation: HandshakeAllThreads (Deoptimize) done
Event: 0.157 Executing VM operation: HandshakeAllThreads (Deoptimize)
Event: 0.157 Executing VM operation: HandshakeAllThreads (Deoptimize) done
Event: 0.402 Executing VM operation: ICBufferFull
Event: 0.403 Executing VM operation: ICBufferFull done
Event: 0.460 Executing VM operation: G1CollectForAllocation (G1 Evacuation Pause)
Event: 0.463 Executing VM operation: G1CollectForAllocation (G1 Evacuation Pause) done

Events (14 events):
Event: 0.019 Thread 0x0000019697ba3480 Thread added: 0x0000019697ba3480
Event: 0.030 Thread 0x00000196bb2447b0 Thread added: 0x00000196bb2447b0
Event: 0.030 Thread 0x00000196bb245580 Thread added: 0x00000196bb245580
Event: 0.030 Thread 0x00000196bb2493a0 Thread added: 0x00000196bb2493a0
Event: 0.030 Thread 0x00000196bb249d60 Thread added: 0x00000196bb249d60
Event: 0.030 Thread 0x00000196bb24f120 Thread added: 0x00000196bb24f120
Event: 0.030 Thread 0x00000196bb24fb60 Thread added: 0x00000196bb24fb60
Event: 0.030 Thread 0x00000196bb259be0 Thread added: 0x00000196bb259be0
Event: 0.031 Thread 0x00000196bb2640d0 Thread added: 0x00000196bb2640d0
Event: 0.044 Thread 0x00000196fd0e1c50 Thread added: 0x00000196fd0e1c50
Event: 0.079 Thread 0x00000196fd200690 Thread added: 0x00000196fd200690
Event: 0.079 Thread 0x00000196fd200d00 Thread added: 0x00000196fd200d00
Event: 0.103 Thread 0x00000196bb265540 Thread added: 0x00000196bb265540
Event: 0.459 Thread 0x00000196bb263330 Thread added: 0x00000196bb263330


Dynamic libraries:
0x00007ff7a90a0000 - 0x00007ff7a90ae000 	C:\Users\samir\.jdks\openjdk-21.0.1\bin\java.exe
0x00007ffeb51d0000 - 0x00007ffeb53e6000 	C:\Windows\SYSTEM32\ntdll.dll
0x00007ffeb38b0000 - 0x00007ffeb3974000 	C:\Windows\System32\KERNEL32.DLL
0x00007ffeb24f0000 - 0x00007ffeb2897000 	C:\Windows\System32\KERNELBASE.dll
0x00007ffeb2a90000 - 0x00007ffeb2ba1000 	C:\Windows\System32\ucrtbase.dll
0x00007ffeaa8e0000 - 0x00007ffeaa8f8000 	C:\Users\samir\.jdks\openjdk-21.0.1\bin\jli.dll
0x00007ffea8b20000 - 0x00007ffea8b3b000 	C:\Users\samir\.jdks\openjdk-21.0.1\bin\VCRUNTIME140.dll
0x00007ffeb4530000 - 0x00007ffeb46de000 	C:\Windows\System32\USER32.dll
0x00007ffeb2990000 - 0x00007ffeb29b6000 	C:\Windows\System32\win32u.dll
0x00007ffe93080000 - 0x00007ffe93313000 	C:\Windows\WinSxS\amd64_microsoft.windows.common-controls_6595b64144ccf1df_6.0.22621.3235_none_270f74e173860f98\COMCTL32.dll
0x00007ffeb3830000 - 0x00007ffeb3859000 	C:\Windows\System32\GDI32.dll
0x00007ffeb46e0000 - 0x00007ffeb4787000 	C:\Windows\System32\msvcrt.dll
0x00007ffeb2bb0000 - 0x00007ffeb2cc9000 	C:\Windows\System32\gdi32full.dll
0x00007ffeb29f0000 - 0x00007ffeb2a8a000 	C:\Windows\System32\msvcp_win.dll
0x00007ffeb37f0000 - 0x00007ffeb3821000 	C:\Windows\System32\IMM32.DLL
0x00007ffeab050000 - 0x00007ffeab05c000 	C:\Users\samir\.jdks\openjdk-21.0.1\bin\vcruntime140_1.dll
0x00007ffe8c6f0000 - 0x00007ffe8c77e000 	C:\Users\samir\.jdks\openjdk-21.0.1\bin\msvcp140.dll
0x00007ffe4aa70000 - 0x00007ffe4b785000 	C:\Users\samir\.jdks\openjdk-21.0.1\bin\server\jvm.dll
0x00007ffeb3610000 - 0x00007ffeb36c2000 	C:\Windows\System32\ADVAPI32.dll
0x00007ffeb36d0000 - 0x00007ffeb3778000 	C:\Windows\System32\sechost.dll
0x00007ffeb29c0000 - 0x00007ffeb29e8000 	C:\Windows\System32\bcrypt.dll
0x00007ffeb34f0000 - 0x00007ffeb3605000 	C:\Windows\System32\RPCRT4.dll
0x00007ffeb3430000 - 0x00007ffeb34a1000 	C:\Windows\System32\WS2_32.dll
0x00007ffeb1360000 - 0x00007ffeb13ad000 	C:\Windows\SYSTEM32\POWRPROF.dll
0x00007ffea7ae0000 - 0x00007ffea7b14000 	C:\Windows\SYSTEM32\WINMM.dll
0x00007ffea5d30000 - 0x00007ffea5d3a000 	C:\Windows\SYSTEM32\VERSION.dll
0x00007ffeb1340000 - 0x00007ffeb1353000 	C:\Windows\SYSTEM32\UMPDC.dll
0x00007ffeb1600000 - 0x00007ffeb1618000 	C:\Windows\SYSTEM32\kernel.appcore.dll
0x00007ffea23a0000 - 0x00007ffea23aa000 	C:\Users\samir\.jdks\openjdk-21.0.1\bin\jimage.dll
0x00007ffeaf950000 - 0x00007ffeafb83000 	C:\Windows\SYSTEM32\DBGHELP.DLL
0x00007ffeb4ae0000 - 0x00007ffeb4e68000 	C:\Windows\System32\combase.dll
0x00007ffeb4e70000 - 0x00007ffeb4f47000 	C:\Windows\System32\OLEAUT32.dll
0x00007ffea1da0000 - 0x00007ffea1dd2000 	C:\Windows\SYSTEM32\dbgcore.DLL
0x00007ffeb2910000 - 0x00007ffeb2989000 	C:\Windows\System32\bcryptPrimitives.dll
0x00007ffe9c2b0000 - 0x00007ffe9c2bf000 	C:\Users\samir\.jdks\openjdk-21.0.1\bin\instrument.dll
0x00007ffea2320000 - 0x00007ffea233f000 	C:\Users\samir\.jdks\openjdk-21.0.1\bin\java.dll
0x00007ffeb3cd0000 - 0x00007ffeb452c000 	C:\Windows\System32\SHELL32.dll
0x00007ffeb0410000 - 0x00007ffeb0d09000 	C:\Windows\SYSTEM32\windows.storage.dll
0x00007ffeb02d0000 - 0x00007ffeb040e000 	C:\Windows\SYSTEM32\wintypes.dll
0x00007ffeb49e0000 - 0x00007ffeb4ad3000 	C:\Windows\System32\SHCORE.dll
0x00007ffeb3a00000 - 0x00007ffeb3a5e000 	C:\Windows\System32\shlwapi.dll
0x00007ffeb2420000 - 0x00007ffeb2441000 	C:\Windows\SYSTEM32\profapi.dll
0x00007ffe818e0000 - 0x00007ffe819b7000 	C:\Users\samir\.jdks\openjdk-21.0.1\bin\jsvml.dll
0x00007ffe9b090000 - 0x00007ffe9b0a8000 	C:\Users\samir\.jdks\openjdk-21.0.1\bin\zip.dll
0x00007ffea2390000 - 0x00007ffea23a0000 	C:\Users\samir\.jdks\openjdk-21.0.1\bin\net.dll
0x00007ffea9500000 - 0x00007ffea9636000 	C:\Windows\SYSTEM32\WINHTTP.dll
0x00007ffeb1a70000 - 0x00007ffeb1ad9000 	C:\Windows\system32\mswsock.dll
0x00007ffe9b7d0000 - 0x00007ffe9b7e6000 	C:\Users\samir\.jdks\openjdk-21.0.1\bin\nio.dll
0x00007ffe9a690000 - 0x00007ffe9a6aa000 	C:\Program Files\JetBrains\IntelliJ IDEA 2023.2.5\bin\breakgen64.dll
0x00007ffe9c700000 - 0x00007ffe9c707000 	C:\Users\samir\.jdks\openjdk-21.0.1\bin\extnet.dll
0x0000000069ac0000 - 0x0000000069ae4000 	C:\Users\samir\AppData\Local\Temp\jansi-2.4.0-9fc3f553547b79dd-jansi.dll
0x00007ffe9c680000 - 0x00007ffe9c690000 	C:\Users\samir\.jdks\openjdk-21.0.1\bin\verify.dll

dbghelp: loaded successfully - version: 4.0.5 - missing functions: none
symbol engine: initialized successfully - sym options: 0x614 - pdb path: .;C:\Users\samir\.jdks\openjdk-21.0.1\bin;C:\Windows\SYSTEM32;C:\Windows\WinSxS\amd64_microsoft.windows.common-controls_6595b64144ccf1df_6.0.22621.3235_none_270f74e173860f98;C:\Users\samir\.jdks\openjdk-21.0.1\bin\server;C:\Program Files\JetBrains\IntelliJ IDEA 2023.2.5\bin;C:\Users\samir\AppData\Local\Temp

VM Arguments:
jvm_args: -Dmaven.multiModuleProjectDirectory=C:\Users\samir\Downloads\7_webapp-jsf3[layouts]\webapp-jsf3 -Djansi.passthrough=true -Dmaven.home=C:\Program Files\JetBrains\IntelliJ IDEA 2023.2.5\plugins\maven\lib\maven3 -Dclassworlds.conf=C:\Program Files\JetBrains\IntelliJ IDEA 2023.2.5\plugins\maven\lib\maven3\bin\m2.conf -Dmaven.ext.class.path=C:\Program Files\JetBrains\IntelliJ IDEA 2023.2.5\plugins\maven\lib\maven-event-listener.jar -javaagent:C:\Program Files\JetBrains\IntelliJ IDEA 2023.2.5\lib\idea_rt.jar=52891:C:\Program Files\JetBrains\IntelliJ IDEA 2023.2.5\bin -Dfile.encoding=UTF-8 -Dsun.stdout.encoding=UTF-8 -Dsun.stderr.encoding=UTF-8 
java_command: org.codehaus.classworlds.Launcher -Didea.version=2023.2.5 wildfly:deploy
java_class_path (initial): C:\Program Files\JetBrains\IntelliJ IDEA 2023.2.5\plugins\maven\lib\maven3\boot\plexus-classworlds-2.7.0.jar;C:\Program Files\JetBrains\IntelliJ IDEA 2023.2.5\plugins\maven\lib\maven3\boot\plexus-classworlds.license
Launcher Type: SUN_STANDARD

[Global flags]
     intx CICompilerCount                          = 4                                         {product} {ergonomic}
     uint ConcGCThreads                            = 3                                         {product} {ergonomic}
     uint G1ConcRefinementThreads                  = 10                                        {product} {ergonomic}
   size_t G1HeapRegionSize                         = 4194304                                   {product} {ergonomic}
    uintx GCDrainStackTargetSize                   = 64                                        {product} {ergonomic}
   size_t InitialHeapSize                          = 398458880                                 {product} {ergonomic}
   size_t MarkStackSize                            = 4194304                                   {product} {ergonomic}
   size_t MaxHeapSize                              = 6371147776                                {product} {ergonomic}
   size_t MaxNewSize                               = 3821010944                                {product} {ergonomic}
   size_t MinHeapDeltaBytes                        = 4194304                                   {product} {ergonomic}
   size_t MinHeapSize                              = 8388608                                   {product} {ergonomic}
    uintx NonNMethodCodeHeapSize                   = 5839372                                {pd product} {ergonomic}
    uintx NonProfiledCodeHeapSize                  = 122909434                              {pd product} {ergonomic}
    uintx ProfiledCodeHeapSize                     = 122909434                              {pd product} {ergonomic}
    uintx ReservedCodeCacheSize                    = 251658240                              {pd product} {ergonomic}
     bool SegmentedCodeCache                       = true                                      {product} {ergonomic}
   size_t SoftMaxHeapSize                          = 6371147776                             {manageable} {ergonomic}
     bool UseCompressedOops                        = true                           {product lp64_product} {ergonomic}
     bool UseG1GC                                  = true                                      {product} {ergonomic}
     bool UseLargePagesIndividualAllocation        = false                                  {pd product} {ergonomic}

Logging:
Log output configuration:
 #0: stdout all=warning uptime,level,tags foldmultilines=false
 #1: stderr all=off uptime,level,tags foldmultilines=false

Environment Variables:
PATH=C:\Program Files\Common Files\Oracle\Java\javapath;C:\Windows\system32;C:\Windows;C:\Windows\System32\Wbem;C:\Windows\System32\WindowsPowerShell\v1.0\;C:\Windows\System32\OpenSSH\;C:\Program Files (x86)\NVIDIA Corporation\PhysX\Common;C:\Program Files\NVIDIA Corporation\NVIDIA NvDLISR;C:\Program Files\dotnet\;C:\Program Files\Microsoft SQL Server\150\Tools\Binn\;C:\Program Files\Microsoft SQL Server\Client SDK\ODBC\170\Tools\Binn\;C:\Program Files\Git\cmd;C:\Program Files\nodejs\;C:\Program Files\MySQL\MySQL Shell 8.0\bin\;C:\Users\samir\AppData\Local\Microsoft\WindowsApps;C:\Users\samir\AppData\Local\Programs\Microsoft VS Code\bin;C:\Users\samir\.dotnet\tools;C:\Users\samir\AppData\Roaming\npm
USERNAME=samir
OS=Windows_NT
PROCESSOR_IDENTIFIER=Intel64 Family 6 Model 141 Stepping 1, GenuineIntel
TMP=C:\Users\samir\AppData\Local\Temp
TEMP=C:\Users\samir\AppData\Local\Temp




Periodic native trim disabled

---------------  S Y S T E M  ---------------

OS:
 Windows 11 , 64 bit Build 22621 (10.0.22621.3374)
OS uptime: 8 days 5:51 hours
Hyper-V role detected

CPU: total 12 (initial active 12) (6 cores per cpu, 2 threads per core) family 6 model 141 stepping 1 microcode 0x34, cx8, cmov, fxsr, ht, mmx, 3dnowpref, sse, sse2, sse3, ssse3, sse4.1, sse4.2, popcnt, lzcnt, tsc, tscinvbit, avx, avx2, aes, erms, clmul, bmi1, bmi2, adx, avx512f, avx512dq, avx512cd, avx512bw, avx512vl, sha, fma, vzeroupper, avx512_vpopcntdq, avx512_vpclmulqdq, avx512_vaes, avx512_vnni, clflush, clflushopt, clwb, avx512_vbmi2, avx512_vbmi, hv, rdtscp, rdpid, fsrm, gfni, avx512_bitalg, f16c, cet_ibt, cet_ss, avx512_ifma
Processor Information for all 12 processors :
  Max Mhz: 2688, Current Mhz: 2688, Mhz Limit: 2688

Memory: 4k page, system-wide physical 24298M (5256M free)
TotalPageFile size 82082M (AvailPageFile size 6M)
current process WorkingSet (physical memory assigned to process): 91M, peak: 93M
current process commit charge ("private bytes"): 498M, peak: 501M

vm_info: OpenJDK 64-Bit Server VM (21.0.1+12-29) for windows-amd64 JRE (21.0.1+12-29), built on 2023-10-05T13:27:09Z by "mach5one" with MS VC++ 17.1 (VS2022)

END.
