#
# There is insufficient memory for the Java Runtime Environment to continue.
# Native memory allocation (malloc) failed to allocate 32744 bytes for Chunk::new
# Possible reasons:
#   The system is out of physical RAM or swap space
#   The process is running with CompressedOops enabled, and the Java Heap may be blocking the growth of the native heap
# Possible solutions:
#   Reduce memory load on the system
#   Increase physical memory or swap space
#   Check if swap backing store is full
#   Decrease Java heap size (-Xmx/-Xms)
#   Decrease number of Java threads
#   Decrease Java thread stack sizes (-Xss)
#   Set larger code cache with -XX:ReservedCodeCacheSize=
#   JVM is running with Zero Based Compressed Oops mode in which the Java heap is
#     placed in the first 32GB address space. The Java Heap base address is the
#     maximum limit for the native heap growth. Please use -XX:HeapBaseMinAddress
#     to set the Java Heap base and to place the Java Heap above 32GB virtual address.
# This output file may be truncated or incomplete.
#
#  Out of Memory Error (arena.cpp:168), pid=30200, tid=12096
#
# JRE version: OpenJDK Runtime Environment (21.0.1+12) (build 21.0.1+12-29)
# Java VM: OpenJDK 64-Bit Server VM (21.0.1+12-29, mixed mode, sharing, tiered, compressed oops, compressed class ptrs, g1 gc, windows-amd64)
# No core dump will be written. Minidumps are not enabled by default on client versions of Windows
#

---------------  S U M M A R Y ------------

Command Line: -Dmaven.multiModuleProjectDirectory=C:\Users\samir\Downloads\7_webapp-jsf3[layouts]\webapp-jsf3 -Djansi.passthrough=true -Dmaven.home=C:\Program Files\JetBrains\IntelliJ IDEA 2023.2.5\plugins\maven\lib\maven3 -Dclassworlds.conf=C:\Program Files\JetBrains\IntelliJ IDEA 2023.2.5\plugins\maven\lib\maven3\bin\m2.conf -Dmaven.ext.class.path=C:\Program Files\JetBrains\IntelliJ IDEA 2023.2.5\plugins\maven\lib\maven-event-listener.jar -javaagent:C:\Program Files\JetBrains\IntelliJ IDEA 2023.2.5\lib\idea_rt.jar=51165:C:\Program Files\JetBrains\IntelliJ IDEA 2023.2.5\bin -Dfile.encoding=UTF-8 -Dsun.stdout.encoding=UTF-8 -Dsun.stderr.encoding=UTF-8 org.codehaus.classworlds.Launcher -Didea.version=2023.2.5 clean

Host: 11th Gen Intel(R) Core(TM) i5-11400H @ 2.70GHz, 12 cores, 23G,  Windows 11 , 64 bit Build 22621 (10.0.22621.3374)
Time: Sun Apr 28 17:47:34 2024 Hora est. Pacífico, Sudamérica elapsed time: 0.484239 seconds (0d 0h 0m 0s)

---------------  T H R E A D  ---------------

Current thread (0x000001d7e7761d70):  JavaThread "C2 CompilerThread1" daemon [_thread_in_native, id=12096, stack(0x000000742d300000,0x000000742d400000) (1024K)]


Current CompileTask:
C2:    484 1159       4       java.io.InputStreamReader::read (11 bytes)

Stack: [0x000000742d300000,0x000000742d400000]
Native frames: (J=compiled Java code, j=interpreted, Vv=VM code, C=native code)
V  [jvm.dll+0x6c9029]
V  [jvm.dll+0x854b81]
V  [jvm.dll+0x856e5e]
V  [jvm.dll+0x857543]
V  [jvm.dll+0x280c06]
V  [jvm.dll+0xc3ead]
V  [jvm.dll+0xc43c3]
V  [jvm.dll+0x6f4c8e]
V  [jvm.dll+0x1e2186]
V  [jvm.dll+0x249c22]
V  [jvm.dll+0x2490b1]
V  [jvm.dll+0x1c9ca1]
V  [jvm.dll+0x2586b9]
V  [jvm.dll+0x256c9a]
V  [jvm.dll+0x3ef1b6]
V  [jvm.dll+0x7fd728]
V  [jvm.dll+0x6c777d]
C  [ucrtbase.dll+0x29333]
C  [KERNEL32.DLL+0x1257d]
C  [ntdll.dll+0x5aa48]


---------------  P R O C E S S  ---------------

Threads class SMR info:
_java_thread_list=0x000001d7ec941f60, length=14, elements={
0x000001d7c566e6d0, 0x000001d7e7307140, 0x000001d7e7308060, 0x000001d7e730d3b0,
0x000001d7e730e160, 0x000001d7e730f6b0, 0x000001d7e73106e0, 0x000001d7e73131e0,
0x000001d7e7317fe0, 0x000001d7e750f650, 0x000001d7e767d860, 0x000001d7e767ded0,
0x000001d7e7761d70, 0x000001d7e76c5980
}

Java Threads: ( => current thread )
  0x000001d7c566e6d0 JavaThread "main"                              [_thread_in_Java, id=7664, stack(0x000000742c000000,0x000000742c100000) (1024K)]
  0x000001d7e7307140 JavaThread "Reference Handler"          daemon [_thread_blocked, id=37288, stack(0x000000742c800000,0x000000742c900000) (1024K)]
  0x000001d7e7308060 JavaThread "Finalizer"                  daemon [_thread_blocked, id=36288, stack(0x000000742c900000,0x000000742ca00000) (1024K)]
  0x000001d7e730d3b0 JavaThread "Signal Dispatcher"          daemon [_thread_blocked, id=18940, stack(0x000000742ca00000,0x000000742cb00000) (1024K)]
  0x000001d7e730e160 JavaThread "Attach Listener"            daemon [_thread_blocked, id=29864, stack(0x000000742cb00000,0x000000742cc00000) (1024K)]
  0x000001d7e730f6b0 JavaThread "Service Thread"             daemon [_thread_blocked, id=19440, stack(0x000000742cc00000,0x000000742cd00000) (1024K)]
  0x000001d7e73106e0 JavaThread "Monitor Deflation Thread"   daemon [_thread_blocked, id=21776, stack(0x000000742cd00000,0x000000742ce00000) (1024K)]
  0x000001d7e73131e0 JavaThread "C2 CompilerThread0"         daemon [_thread_in_native, id=40540, stack(0x000000742ce00000,0x000000742cf00000) (1024K)]
  0x000001d7e7317fe0 JavaThread "C1 CompilerThread0"         daemon [_thread_blocked, id=30916, stack(0x000000742cf00000,0x000000742d000000) (1024K)]
  0x000001d7e750f650 JavaThread "Common-Cleaner"             daemon [_thread_blocked, id=31968, stack(0x000000742d000000,0x000000742d100000) (1024K)]
  0x000001d7e767d860 JavaThread "Monitor Ctrl-Break"         daemon [_thread_in_native, id=3040, stack(0x000000742d100000,0x000000742d200000) (1024K)]
  0x000001d7e767ded0 JavaThread "Notification Thread"        daemon [_thread_blocked, id=33684, stack(0x000000742d200000,0x000000742d300000) (1024K)]
=>0x000001d7e7761d70 JavaThread "C2 CompilerThread1"         daemon [_thread_in_native, id=12096, stack(0x000000742d300000,0x000000742d400000) (1024K)]
  0x000001d7e76c5980 JavaThread "C2 CompilerThread2"         daemon [_thread_in_native, id=14392, stack(0x000000742dc00000,0x000000742dd00000) (1024K)]
Total: 14

Other Threads:
  0x000001d7e72e8ef0 VMThread "VM Thread"                           [id=41168, stack(0x000000742c700000,0x000000742c800000) (1024K)]
  0x000001d7e72cff50 WatcherThread "VM Periodic Task Thread"        [id=29548, stack(0x000000742c600000,0x000000742c700000) (1024K)]
  0x000001d7c56f20a0 WorkerThread "GC Thread#0"                     [id=38636, stack(0x000000742c100000,0x000000742c200000) (1024K)]
  0x000001d7ec911bb0 WorkerThread "GC Thread#1"                     [id=15636, stack(0x000000742d400000,0x000000742d500000) (1024K)]
  0x000001d7ec911f50 WorkerThread "GC Thread#2"                     [id=3564, stack(0x000000742d500000,0x000000742d600000) (1024K)]
  0x000001d7ec9122f0 WorkerThread "GC Thread#3"                     [id=21856, stack(0x000000742d600000,0x000000742d700000) (1024K)]
  0x000001d7ec912690 WorkerThread "GC Thread#4"                     [id=19820, stack(0x000000742d700000,0x000000742d800000) (1024K)]
  0x000001d7ec913040 WorkerThread "GC Thread#5"                     [id=6740, stack(0x000000742d800000,0x000000742d900000) (1024K)]
  0x000001d7ec9f6b40 WorkerThread "GC Thread#6"                     [id=16544, stack(0x000000742d900000,0x000000742da00000) (1024K)]
  0x000001d7ec9f7b80 WorkerThread "GC Thread#7"                     [id=35212, stack(0x000000742da00000,0x000000742db00000) (1024K)]
  0x000001d7ec9f8330 WorkerThread "GC Thread#8"                     [id=33888, stack(0x000000742db00000,0x000000742dc00000) (1024K)]
  0x000001d7c56fee50 ConcurrentGCThread "G1 Main Marker"            [id=5244, stack(0x000000742c200000,0x000000742c300000) (1024K)]
  0x000001d7c5700f10 WorkerThread "G1 Conc#0"                       [id=15804, stack(0x000000742c300000,0x000000742c400000) (1024K)]
  0x000001d7e71a2db0 ConcurrentGCThread "G1 Refine#0"               [id=41040, stack(0x000000742c400000,0x000000742c500000) (1024K)]
  0x000001d7e71a3920 ConcurrentGCThread "G1 Service"                [id=39432, stack(0x000000742c500000,0x000000742c600000) (1024K)]
Total: 15

Threads with active compile tasks:
C2 CompilerThread0      493 1224       4       org.codehaus.plexus.util.xml.pull.MXParser::nextImpl (1203 bytes)
C2 CompilerThread1      493 1159       4       java.io.InputStreamReader::read (11 bytes)
C2 CompilerThread2      493 1161       4       org.codehaus.plexus.util.xml.XmlReader::read (11 bytes)
Total: 3

VM state: not at safepoint (normal execution)

VM Mutex/Monitor currently owned by a thread: None

Heap address: 0x0000000684400000, size: 6076 MB, Compressed Oops mode: Zero based, Oop shift amount: 3

CDS archive(s) mapped at: [0x000001d780000000-0x000001d780c90000-0x000001d780c90000), size 13172736, SharedBaseAddress: 0x000001d780000000, ArchiveRelocationMode: 1.
Compressed class space mapped at: 0x000001d781000000-0x000001d7c1000000, reserved size: 1073741824
Narrow klass base: 0x000001d780000000, Narrow klass shift: 0, Narrow klass range: 0x100000000

GC Precious Log:
 CardTable entry size: 512
 Card Set container configuration: InlinePtr #cards 4 size 8 Array Of Cards #cards 32 size 80 Howl #buckets 8 coarsen threshold 7372 Howl Bitmap #cards 1024 size 144 coarsen threshold 921 Card regions per heap region 1 cards per card region 8192
 CPUs: 12 total, 12 available
 Memory: 24298M
 Large Page Support: Disabled
 NUMA Support: Disabled
 Compressed Oops: Enabled (Zero based)
 Heap Region Size: 4M
 Heap Min Capacity: 8M
 Heap Initial Capacity: 380M
 Heap Max Capacity: 6076M
 Pre-touch: Disabled
 Parallel Workers: 10
 Concurrent Workers: 3
 Concurrent Refinement Workers: 10
 Periodic GC: Disabled

Heap:
 garbage-first heap   total 389120K, used 4001K [0x0000000684400000, 0x0000000800000000)
  region size 4096K, 3 young (12288K), 1 survivors (4096K)
 Metaspace       used 6314K, committed 6400K, reserved 1114112K
  class space    used 728K, committed 768K, reserved 1048576K

Heap Regions: E=young(eden), S=young(survivor), O=old, HS=humongous(starts), HC=humongous(continues), CS=collection set, F=free, TAMS=top-at-mark-start, PB=parsable bottom
|   0|0x0000000684400000, 0x0000000684400000, 0x0000000684800000|  0%| F|  |TAMS 0x0000000684400000| PB 0x0000000684400000| Untracked 
|   1|0x0000000684800000, 0x0000000684800000, 0x0000000684c00000|  0%| F|  |TAMS 0x0000000684800000| PB 0x0000000684800000| Untracked 
|   2|0x0000000684c00000, 0x0000000684c00000, 0x0000000685000000|  0%| F|  |TAMS 0x0000000684c00000| PB 0x0000000684c00000| Untracked 
|   3|0x0000000685000000, 0x0000000685000000, 0x0000000685400000|  0%| F|  |TAMS 0x0000000685000000| PB 0x0000000685000000| Untracked 
|   4|0x0000000685400000, 0x0000000685400000, 0x0000000685800000|  0%| F|  |TAMS 0x0000000685400000| PB 0x0000000685400000| Untracked 
|   5|0x0000000685800000, 0x0000000685800000, 0x0000000685c00000|  0%| F|  |TAMS 0x0000000685800000| PB 0x0000000685800000| Untracked 
|   6|0x0000000685c00000, 0x0000000685c00000, 0x0000000686000000|  0%| F|  |TAMS 0x0000000685c00000| PB 0x0000000685c00000| Untracked 
|   7|0x0000000686000000, 0x0000000686000000, 0x0000000686400000|  0%| F|  |TAMS 0x0000000686000000| PB 0x0000000686000000| Untracked 
|   8|0x0000000686400000, 0x0000000686400000, 0x0000000686800000|  0%| F|  |TAMS 0x0000000686400000| PB 0x0000000686400000| Untracked 
|   9|0x0000000686800000, 0x0000000686800000, 0x0000000686c00000|  0%| F|  |TAMS 0x0000000686800000| PB 0x0000000686800000| Untracked 
|  10|0x0000000686c00000, 0x0000000686c00000, 0x0000000687000000|  0%| F|  |TAMS 0x0000000686c00000| PB 0x0000000686c00000| Untracked 
|  11|0x0000000687000000, 0x0000000687000000, 0x0000000687400000|  0%| F|  |TAMS 0x0000000687000000| PB 0x0000000687000000| Untracked 
|  12|0x0000000687400000, 0x0000000687400000, 0x0000000687800000|  0%| F|  |TAMS 0x0000000687400000| PB 0x0000000687400000| Untracked 
|  13|0x0000000687800000, 0x0000000687800000, 0x0000000687c00000|  0%| F|  |TAMS 0x0000000687800000| PB 0x0000000687800000| Untracked 
|  14|0x0000000687c00000, 0x0000000687c00000, 0x0000000688000000|  0%| F|  |TAMS 0x0000000687c00000| PB 0x0000000687c00000| Untracked 
|  15|0x0000000688000000, 0x0000000688000000, 0x0000000688400000|  0%| F|  |TAMS 0x0000000688000000| PB 0x0000000688000000| Untracked 
|  16|0x0000000688400000, 0x0000000688400000, 0x0000000688800000|  0%| F|  |TAMS 0x0000000688400000| PB 0x0000000688400000| Untracked 
|  17|0x0000000688800000, 0x0000000688800000, 0x0000000688c00000|  0%| F|  |TAMS 0x0000000688800000| PB 0x0000000688800000| Untracked 
|  18|0x0000000688c00000, 0x0000000688c00000, 0x0000000689000000|  0%| F|  |TAMS 0x0000000688c00000| PB 0x0000000688c00000| Untracked 
|  19|0x0000000689000000, 0x0000000689000000, 0x0000000689400000|  0%| F|  |TAMS 0x0000000689000000| PB 0x0000000689000000| Untracked 
|  20|0x0000000689400000, 0x0000000689400000, 0x0000000689800000|  0%| F|  |TAMS 0x0000000689400000| PB 0x0000000689400000| Untracked 
|  21|0x0000000689800000, 0x0000000689800000, 0x0000000689c00000|  0%| F|  |TAMS 0x0000000689800000| PB 0x0000000689800000| Untracked 
|  22|0x0000000689c00000, 0x0000000689c00000, 0x000000068a000000|  0%| F|  |TAMS 0x0000000689c00000| PB 0x0000000689c00000| Untracked 
|  23|0x000000068a000000, 0x000000068a000000, 0x000000068a400000|  0%| F|  |TAMS 0x000000068a000000| PB 0x000000068a000000| Untracked 
|  24|0x000000068a400000, 0x000000068a400000, 0x000000068a800000|  0%| F|  |TAMS 0x000000068a400000| PB 0x000000068a400000| Untracked 
|  25|0x000000068a800000, 0x000000068a800000, 0x000000068ac00000|  0%| F|  |TAMS 0x000000068a800000| PB 0x000000068a800000| Untracked 
|  26|0x000000068ac00000, 0x000000068ac00000, 0x000000068b000000|  0%| F|  |TAMS 0x000000068ac00000| PB 0x000000068ac00000| Untracked 
|  27|0x000000068b000000, 0x000000068b000000, 0x000000068b400000|  0%| F|  |TAMS 0x000000068b000000| PB 0x000000068b000000| Untracked 
|  28|0x000000068b400000, 0x000000068b400000, 0x000000068b800000|  0%| F|  |TAMS 0x000000068b400000| PB 0x000000068b400000| Untracked 
|  29|0x000000068b800000, 0x000000068b800000, 0x000000068bc00000|  0%| F|  |TAMS 0x000000068b800000| PB 0x000000068b800000| Untracked 
|  30|0x000000068bc00000, 0x000000068bc00000, 0x000000068c000000|  0%| F|  |TAMS 0x000000068bc00000| PB 0x000000068bc00000| Untracked 
|  31|0x000000068c000000, 0x000000068c000000, 0x000000068c400000|  0%| F|  |TAMS 0x000000068c000000| PB 0x000000068c000000| Untracked 
|  32|0x000000068c400000, 0x000000068c400000, 0x000000068c800000|  0%| F|  |TAMS 0x000000068c400000| PB 0x000000068c400000| Untracked 
|  33|0x000000068c800000, 0x000000068c800000, 0x000000068cc00000|  0%| F|  |TAMS 0x000000068c800000| PB 0x000000068c800000| Untracked 
|  34|0x000000068cc00000, 0x000000068cc00000, 0x000000068d000000|  0%| F|  |TAMS 0x000000068cc00000| PB 0x000000068cc00000| Untracked 
|  35|0x000000068d000000, 0x000000068d000000, 0x000000068d400000|  0%| F|  |TAMS 0x000000068d000000| PB 0x000000068d000000| Untracked 
|  36|0x000000068d400000, 0x000000068d400000, 0x000000068d800000|  0%| F|  |TAMS 0x000000068d400000| PB 0x000000068d400000| Untracked 
|  37|0x000000068d800000, 0x000000068d800000, 0x000000068dc00000|  0%| F|  |TAMS 0x000000068d800000| PB 0x000000068d800000| Untracked 
|  38|0x000000068dc00000, 0x000000068dc00000, 0x000000068e000000|  0%| F|  |TAMS 0x000000068dc00000| PB 0x000000068dc00000| Untracked 
|  39|0x000000068e000000, 0x000000068e000000, 0x000000068e400000|  0%| F|  |TAMS 0x000000068e000000| PB 0x000000068e000000| Untracked 
|  40|0x000000068e400000, 0x000000068e400000, 0x000000068e800000|  0%| F|  |TAMS 0x000000068e400000| PB 0x000000068e400000| Untracked 
|  41|0x000000068e800000, 0x000000068e800000, 0x000000068ec00000|  0%| F|  |TAMS 0x000000068e800000| PB 0x000000068e800000| Untracked 
|  42|0x000000068ec00000, 0x000000068ec00000, 0x000000068f000000|  0%| F|  |TAMS 0x000000068ec00000| PB 0x000000068ec00000| Untracked 
|  43|0x000000068f000000, 0x000000068f000000, 0x000000068f400000|  0%| F|  |TAMS 0x000000068f000000| PB 0x000000068f000000| Untracked 
|  44|0x000000068f400000, 0x000000068f400000, 0x000000068f800000|  0%| F|  |TAMS 0x000000068f400000| PB 0x000000068f400000| Untracked 
|  45|0x000000068f800000, 0x000000068f800000, 0x000000068fc00000|  0%| F|  |TAMS 0x000000068f800000| PB 0x000000068f800000| Untracked 
|  46|0x000000068fc00000, 0x000000068fc00000, 0x0000000690000000|  0%| F|  |TAMS 0x000000068fc00000| PB 0x000000068fc00000| Untracked 
|  47|0x0000000690000000, 0x0000000690000000, 0x0000000690400000|  0%| F|  |TAMS 0x0000000690000000| PB 0x0000000690000000| Untracked 
|  48|0x0000000690400000, 0x0000000690400000, 0x0000000690800000|  0%| F|  |TAMS 0x0000000690400000| PB 0x0000000690400000| Untracked 
|  49|0x0000000690800000, 0x0000000690800000, 0x0000000690c00000|  0%| F|  |TAMS 0x0000000690800000| PB 0x0000000690800000| Untracked 
|  50|0x0000000690c00000, 0x0000000690c00000, 0x0000000691000000|  0%| F|  |TAMS 0x0000000690c00000| PB 0x0000000690c00000| Untracked 
|  51|0x0000000691000000, 0x0000000691000000, 0x0000000691400000|  0%| F|  |TAMS 0x0000000691000000| PB 0x0000000691000000| Untracked 
|  52|0x0000000691400000, 0x0000000691400000, 0x0000000691800000|  0%| F|  |TAMS 0x0000000691400000| PB 0x0000000691400000| Untracked 
|  53|0x0000000691800000, 0x0000000691800000, 0x0000000691c00000|  0%| F|  |TAMS 0x0000000691800000| PB 0x0000000691800000| Untracked 
|  54|0x0000000691c00000, 0x0000000691c00000, 0x0000000692000000|  0%| F|  |TAMS 0x0000000691c00000| PB 0x0000000691c00000| Untracked 
|  55|0x0000000692000000, 0x0000000692000000, 0x0000000692400000|  0%| F|  |TAMS 0x0000000692000000| PB 0x0000000692000000| Untracked 
|  56|0x0000000692400000, 0x0000000692400000, 0x0000000692800000|  0%| F|  |TAMS 0x0000000692400000| PB 0x0000000692400000| Untracked 
|  57|0x0000000692800000, 0x0000000692800000, 0x0000000692c00000|  0%| F|  |TAMS 0x0000000692800000| PB 0x0000000692800000| Untracked 
|  58|0x0000000692c00000, 0x0000000692c00000, 0x0000000693000000|  0%| F|  |TAMS 0x0000000692c00000| PB 0x0000000692c00000| Untracked 
|  59|0x0000000693000000, 0x0000000693000000, 0x0000000693400000|  0%| F|  |TAMS 0x0000000693000000| PB 0x0000000693000000| Untracked 
|  60|0x0000000693400000, 0x0000000693400000, 0x0000000693800000|  0%| F|  |TAMS 0x0000000693400000| PB 0x0000000693400000| Untracked 
|  61|0x0000000693800000, 0x0000000693800000, 0x0000000693c00000|  0%| F|  |TAMS 0x0000000693800000| PB 0x0000000693800000| Untracked 
|  62|0x0000000693c00000, 0x0000000693c00000, 0x0000000694000000|  0%| F|  |TAMS 0x0000000693c00000| PB 0x0000000693c00000| Untracked 
|  63|0x0000000694000000, 0x0000000694000000, 0x0000000694400000|  0%| F|  |TAMS 0x0000000694000000| PB 0x0000000694000000| Untracked 
|  64|0x0000000694400000, 0x0000000694400000, 0x0000000694800000|  0%| F|  |TAMS 0x0000000694400000| PB 0x0000000694400000| Untracked 
|  65|0x0000000694800000, 0x0000000694800000, 0x0000000694c00000|  0%| F|  |TAMS 0x0000000694800000| PB 0x0000000694800000| Untracked 
|  66|0x0000000694c00000, 0x0000000694c00000, 0x0000000695000000|  0%| F|  |TAMS 0x0000000694c00000| PB 0x0000000694c00000| Untracked 
|  67|0x0000000695000000, 0x0000000695000000, 0x0000000695400000|  0%| F|  |TAMS 0x0000000695000000| PB 0x0000000695000000| Untracked 
|  68|0x0000000695400000, 0x0000000695400000, 0x0000000695800000|  0%| F|  |TAMS 0x0000000695400000| PB 0x0000000695400000| Untracked 
|  69|0x0000000695800000, 0x0000000695800000, 0x0000000695c00000|  0%| F|  |TAMS 0x0000000695800000| PB 0x0000000695800000| Untracked 
|  70|0x0000000695c00000, 0x0000000695c00000, 0x0000000696000000|  0%| F|  |TAMS 0x0000000695c00000| PB 0x0000000695c00000| Untracked 
|  71|0x0000000696000000, 0x0000000696000000, 0x0000000696400000|  0%| F|  |TAMS 0x0000000696000000| PB 0x0000000696000000| Untracked 
|  72|0x0000000696400000, 0x0000000696400000, 0x0000000696800000|  0%| F|  |TAMS 0x0000000696400000| PB 0x0000000696400000| Untracked 
|  73|0x0000000696800000, 0x0000000696800000, 0x0000000696c00000|  0%| F|  |TAMS 0x0000000696800000| PB 0x0000000696800000| Untracked 
|  74|0x0000000696c00000, 0x0000000696c00000, 0x0000000697000000|  0%| F|  |TAMS 0x0000000696c00000| PB 0x0000000696c00000| Untracked 
|  75|0x0000000697000000, 0x0000000697000000, 0x0000000697400000|  0%| F|  |TAMS 0x0000000697000000| PB 0x0000000697000000| Untracked 
|  76|0x0000000697400000, 0x0000000697400000, 0x0000000697800000|  0%| F|  |TAMS 0x0000000697400000| PB 0x0000000697400000| Untracked 
|  77|0x0000000697800000, 0x0000000697800000, 0x0000000697c00000|  0%| F|  |TAMS 0x0000000697800000| PB 0x0000000697800000| Untracked 
|  78|0x0000000697c00000, 0x0000000697c00000, 0x0000000698000000|  0%| F|  |TAMS 0x0000000697c00000| PB 0x0000000697c00000| Untracked 
|  79|0x0000000698000000, 0x0000000698000000, 0x0000000698400000|  0%| F|  |TAMS 0x0000000698000000| PB 0x0000000698000000| Untracked 
|  80|0x0000000698400000, 0x0000000698400000, 0x0000000698800000|  0%| F|  |TAMS 0x0000000698400000| PB 0x0000000698400000| Untracked 
|  81|0x0000000698800000, 0x0000000698800000, 0x0000000698c00000|  0%| F|  |TAMS 0x0000000698800000| PB 0x0000000698800000| Untracked 
|  82|0x0000000698c00000, 0x0000000698c00000, 0x0000000699000000|  0%| F|  |TAMS 0x0000000698c00000| PB 0x0000000698c00000| Untracked 
|  83|0x0000000699000000, 0x0000000699000000, 0x0000000699400000|  0%| F|  |TAMS 0x0000000699000000| PB 0x0000000699000000| Untracked 
|  84|0x0000000699400000, 0x0000000699400000, 0x0000000699800000|  0%| F|  |TAMS 0x0000000699400000| PB 0x0000000699400000| Untracked 
|  85|0x0000000699800000, 0x0000000699800000, 0x0000000699c00000|  0%| F|  |TAMS 0x0000000699800000| PB 0x0000000699800000| Untracked 
|  86|0x0000000699c00000, 0x0000000699c00000, 0x000000069a000000|  0%| F|  |TAMS 0x0000000699c00000| PB 0x0000000699c00000| Untracked 
|  87|0x000000069a000000, 0x000000069a000000, 0x000000069a400000|  0%| F|  |TAMS 0x000000069a000000| PB 0x000000069a000000| Untracked 
|  88|0x000000069a400000, 0x000000069a400000, 0x000000069a800000|  0%| F|  |TAMS 0x000000069a400000| PB 0x000000069a400000| Untracked 
|  89|0x000000069a800000, 0x000000069abe8500, 0x000000069ac00000| 97%| S|CS|TAMS 0x000000069a800000| PB 0x000000069a800000| Complete 
|  90|0x000000069ac00000, 0x000000069ac00000, 0x000000069b000000|  0%| F|  |TAMS 0x000000069ac00000| PB 0x000000069ac00000| Untracked 
|  91|0x000000069b000000, 0x000000069b000000, 0x000000069b400000|  0%| F|  |TAMS 0x000000069b000000| PB 0x000000069b000000| Untracked 
|  92|0x000000069b400000, 0x000000069b400000, 0x000000069b800000|  0%| F|  |TAMS 0x000000069b400000| PB 0x000000069b400000| Untracked 
|  93|0x000000069b800000, 0x000000069bb68390, 0x000000069bc00000| 85%| E|  |TAMS 0x000000069b800000| PB 0x000000069b800000| Complete 
|  94|0x000000069bc00000, 0x000000069c000000, 0x000000069c000000|100%| E|  |TAMS 0x000000069bc00000| PB 0x000000069bc00000| Complete 

Card table byte_map: [0x000001d7ddbe0000,0x000001d7de7c0000] _byte_map_base: 0x000001d7da7be000

Marking Bits: (CMBitMap*) 0x000001d7c56f27a0
 Bits: [0x000001d7de7c0000, 0x000001d7e46b0000)

Polling page: 0x000001d7c33d0000

Metaspace:

Usage:
  Non-class:      5.47 MB used.
      Class:    730.64 KB used.
       Both:      6.18 MB used.

Virtual space:
  Non-class space:       64.00 MB reserved,       5.50 MB (  9%) committed,  1 nodes.
      Class space:        1.00 GB reserved,     768.00 KB ( <1%) committed,  1 nodes.
             Both:        1.06 GB reserved,       6.25 MB ( <1%) committed. 

Chunk freelists:
   Non-Class:  9.00 MB
       Class:  15.25 MB
        Both:  24.25 MB

MaxMetaspaceSize: unlimited
CompressedClassSpaceSize: 1.00 GB
Initial GC threshold: 21.00 MB
Current GC threshold: 21.00 MB
CDS: on
 - commit_granule_bytes: 65536.
 - commit_granule_words: 8192.
 - virtual_space_node_default_size: 8388608.
 - enlarge_chunks_in_place: 1.
 - use_allocation_guard: 0.


Internal statistics:

num_allocs_failed_limit: 0.
num_arena_births: 64.
num_arena_deaths: 0.
num_vsnodes_births: 2.
num_vsnodes_deaths: 0.
num_space_committed: 100.
num_space_uncommitted: 0.
num_chunks_returned_to_freelist: 0.
num_chunks_taken_from_freelist: 229.
num_chunk_merges: 0.
num_chunk_splits: 154.
num_chunks_enlarged: 125.
num_inconsistent_stats: 0.

CodeHeap 'non-profiled nmethods': size=120000Kb used=402Kb max_used=402Kb free=119597Kb
 bounds [0x000001d7d5580000, 0x000001d7d57f0000, 0x000001d7dcab0000]
CodeHeap 'profiled nmethods': size=120000Kb used=2396Kb max_used=2396Kb free=117603Kb
 bounds [0x000001d7cdab0000, 0x000001d7cdd20000, 0x000001d7d4fe0000]
CodeHeap 'non-nmethods': size=5760Kb used=1505Kb max_used=1531Kb free=4254Kb
 bounds [0x000001d7d4fe0000, 0x000001d7d5250000, 0x000001d7d5580000]
 total_blobs=1682 nmethods=1210 adapters=377
 compilation: enabled
              stopped_count=0, restarted_count=0
 full_count=0

Compilation events (20 events):
Event: 0.456 Thread 0x000001d7e7317fe0 nmethod 1199 0x000001d7cdcfcc10 code [0x000001d7cdcfcee0, 0x000001d7cdcfda90]
Event: 0.457 Thread 0x000001d7e7317fe0 1201       3       java.lang.StringBuilder::charAt (6 bytes)
Event: 0.457 Thread 0x000001d7e7317fe0 nmethod 1201 0x000001d7cdcfdf10 code [0x000001d7cdcfe0c0, 0x000001d7cdcfe208]
Event: 0.457 Thread 0x000001d7e7317fe0 1202       3       java.lang.AbstractStringBuilder::charAt (36 bytes)
Event: 0.458 Thread 0x000001d7e7317fe0 nmethod 1202 0x000001d7cdcfe290 code [0x000001d7cdcfe460, 0x000001d7cdcfe7a0]
Event: 0.464 Thread 0x000001d7e7317fe0 1214       1       org.codehaus.plexus.util.xml.pull.MXParser::getDepth (5 bytes)
Event: 0.464 Thread 0x000001d7e7317fe0 nmethod 1214 0x000001d7d55de510 code [0x000001d7d55de6a0, 0x000001d7d55de768]
Event: 0.464 Thread 0x000001d7e7317fe0 1215       2       java.io.File::<init> (47 bytes)
Event: 0.465 Thread 0x000001d7e7317fe0 nmethod 1215 0x000001d7cdcfe910 code [0x000001d7cdcfeae0, 0x000001d7cdcfeda8]
Event: 0.465 Thread 0x000001d7e7317fe0 1216       2       java.nio.ByteBuffer::flip (7 bytes)
Event: 0.465 Thread 0x000001d7e7317fe0 nmethod 1216 0x000001d7cdcfee90 code [0x000001d7cdcff020, 0x000001d7cdcff140]
Event: 0.473 Thread 0x000001d7e7317fe0 1218       2       java.util.Collections::emptyMap (4 bytes)
Event: 0.473 Thread 0x000001d7e7317fe0 nmethod 1218 0x000001d7cdcff210 code [0x000001d7cdcff3a0, 0x000001d7cdcff490]
Event: 0.475 Thread 0x000001d7e7317fe0 1219 %     3       org.codehaus.plexus.util.InterpolationFilterReader::read @ 3 (48 bytes)
Event: 0.475 Thread 0x000001d7e7317fe0 nmethod 1219% 0x000001d7cdcff510 code [0x000001d7cdcff6e0, 0x000001d7cdcffaf0]
Event: 0.475 Thread 0x000001d7e7317fe0 1220       3       org.codehaus.plexus.util.InterpolationFilterReader::read (48 bytes)
Event: 0.475 Thread 0x000001d7e7317fe0 nmethod 1220 0x000001d7cdcffc90 code [0x000001d7cdcffe60, 0x000001d7cdd00188]
Event: 0.477 Thread 0x000001d7e7317fe0 1221       2       org.codehaus.plexus.util.xml.pull.MXParser::require (443 bytes)
Event: 0.477 Thread 0x000001d7e7317fe0 nmethod 1221 0x000001d7cdd00310 code [0x000001d7cdd008e0, 0x000001d7cdd02038]
Event: 0.482 Thread 0x000001d7e7317fe0 1222       2       org.eclipse.sisu.space.URLClassSpace::deferLoadClass (10 bytes)

GC Heap History (2 events):
Event: 0.446 GC heap before
{Heap before GC invocations=0 (full 0):
 garbage-first heap   total 389120K, used 20480K [0x0000000684400000, 0x0000000800000000)
  region size 4096K, 5 young (20480K), 0 survivors (0K)
 Metaspace       used 6025K, committed 6208K, reserved 1114112K
  class space    used 682K, committed 768K, reserved 1048576K
}
Event: 0.448 GC heap after
{Heap after GC invocations=1 (full 0):
 garbage-first heap   total 389120K, used 4001K [0x0000000684400000, 0x0000000800000000)
  region size 4096K, 1 young (4096K), 1 survivors (4096K)
 Metaspace       used 6025K, committed 6208K, reserved 1114112K
  class space    used 682K, committed 768K, reserved 1048576K
}

Dll operation events (12 events):
Event: 0.005 Loaded shared library C:\Users\samir\.jdks\openjdk-21.0.1\bin\java.dll
Event: 0.031 Loaded shared library C:\Users\samir\.jdks\openjdk-21.0.1\bin\jsvml.dll
Event: 0.057 Loaded shared library C:\Users\samir\.jdks\openjdk-21.0.1\bin\zip.dll
Event: 0.059 Loaded shared library C:\Users\samir\.jdks\openjdk-21.0.1\bin\instrument.dll
Event: 0.063 Loaded shared library C:\Users\samir\.jdks\openjdk-21.0.1\bin\net.dll
Event: 0.064 Loaded shared library C:\Users\samir\.jdks\openjdk-21.0.1\bin\nio.dll
Event: 0.066 Loaded shared library C:\Users\samir\.jdks\openjdk-21.0.1\bin\zip.dll
Event: 0.074 Loaded shared library C:\Program Files\JetBrains\IntelliJ IDEA 2023.2.5\bin\breakgen64.dll
Event: 0.080 Loaded shared library C:\Users\samir\.jdks\openjdk-21.0.1\bin\extnet.dll
Event: 0.142 Loaded shared library C:\Users\samir\.jdks\openjdk-21.0.1\bin\jimage.dll
Event: 0.178 Loaded shared library C:\Users\samir\AppData\Local\Temp\jansi-2.4.0-31fbd2718317540e-jansi.dll
Event: 0.186 Loaded shared library C:\Users\samir\.jdks\openjdk-21.0.1\bin\verify.dll

Deoptimization events (20 events):
Event: 0.434 Thread 0x000001d7c566e6d0 Uncommon trap: trap_request=0xffffff45 fr.pc=0x000001d7d55b21e4 relative=0x00000000000000c4
Event: 0.434 Thread 0x000001d7c566e6d0 Uncommon trap: reason=unstable_if action=reinterpret pc=0x000001d7d55b21e4 method=org.codehaus.plexus.util.xml.pull.MXParser.more()C @ 8 c2
Event: 0.434 Thread 0x000001d7c566e6d0 DEOPT PACKING pc=0x000001d7d55b21e4 sp=0x000000742c0fe3b0
Event: 0.434 Thread 0x000001d7c566e6d0 DEOPT UNPACKING pc=0x000001d7d5037da2 sp=0x000000742c0fe340 mode 2
Event: 0.443 Thread 0x000001d7c566e6d0 Uncommon trap: trap_request=0xffffffde fr.pc=0x000001d7d55c3a64 relative=0x0000000000000aa4
Event: 0.443 Thread 0x000001d7c566e6d0 Uncommon trap: reason=class_check action=maybe_recompile pc=0x000001d7d55c3a64 method=java.util.HashMap.putVal(ILjava/lang/Object;Ljava/lang/Object;ZZ)Ljava/lang/Object; @ 91 c2
Event: 0.443 Thread 0x000001d7c566e6d0 DEOPT PACKING pc=0x000001d7d55c3a64 sp=0x000000742c0fe450
Event: 0.443 Thread 0x000001d7c566e6d0 DEOPT UNPACKING pc=0x000001d7d5037da2 sp=0x000000742c0fe398 mode 2
Event: 0.448 Thread 0x000001d7e7307140 Uncommon trap: trap_request=0xffffff45 fr.pc=0x000001d7d55dc360 relative=0x0000000000000040
Event: 0.448 Thread 0x000001d7e7307140 Uncommon trap: reason=unstable_if action=reinterpret pc=0x000001d7d55dc360 method=java.util.concurrent.locks.AbstractQueuedSynchronizer.signalNext(Ljava/util/concurrent/locks/AbstractQueuedSynchronizer$Node;)V @ 1 c2
Event: 0.448 Thread 0x000001d7e7307140 DEOPT PACKING pc=0x000001d7d55dc360 sp=0x000000742c8fef20
Event: 0.448 Thread 0x000001d7e7307140 DEOPT UNPACKING pc=0x000001d7d5037da2 sp=0x000000742c8feeb0 mode 2
Event: 0.448 Thread 0x000001d7e7307140 Uncommon trap: trap_request=0xffffff45 fr.pc=0x000001d7d55dbbac relative=0x000000000000018c
Event: 0.448 Thread 0x000001d7e7307140 Uncommon trap: reason=unstable_if action=reinterpret pc=0x000001d7d55dbbac method=java.util.concurrent.locks.ReentrantLock$NonfairSync.initialTryLock()Z @ 25 c2
Event: 0.448 Thread 0x000001d7e7307140 DEOPT PACKING pc=0x000001d7d55dbbac sp=0x000000742c8fef00
Event: 0.448 Thread 0x000001d7e7307140 DEOPT UNPACKING pc=0x000001d7d5037da2 sp=0x000000742c8feea0 mode 2
Event: 0.457 Thread 0x000001d7c566e6d0 Uncommon trap: trap_request=0xffffffde fr.pc=0x000001d7d55c11cc relative=0x00000000000005ac
Event: 0.457 Thread 0x000001d7c566e6d0 Uncommon trap: reason=class_check action=maybe_recompile pc=0x000001d7d55c11cc method=java.util.regex.Matcher.search(I)Z @ 121 c2
Event: 0.457 Thread 0x000001d7c566e6d0 DEOPT PACKING pc=0x000001d7d55c11cc sp=0x000000742c0fe1f0
Event: 0.457 Thread 0x000001d7c566e6d0 DEOPT UNPACKING pc=0x000001d7d5037da2 sp=0x000000742c0fe1d0 mode 2

Classes loaded (20 events):
Event: 0.410 Loading class java/lang/annotation/Documented
Event: 0.410 Loading class java/lang/annotation/Documented done
Event: 0.416 Loading class java/util/concurrent/TimeoutException
Event: 0.416 Loading class java/util/concurrent/TimeoutException done
Event: 0.416 Loading class java/util/concurrent/CancellationException
Event: 0.416 Loading class java/util/concurrent/CancellationException done
Event: 0.417 Loading class sun/misc/Unsafe
Event: 0.417 Loading class sun/misc/Unsafe done
Event: 0.417 Loading class java/lang/invoke/DirectMethodHandle$StaticAccessor
Event: 0.417 Loading class java/lang/invoke/DirectMethodHandle$StaticAccessor done
Event: 0.420 Loading class java/lang/reflect/ParameterizedType
Event: 0.420 Loading class java/lang/reflect/ParameterizedType done
Event: 0.422 Loading class java/lang/reflect/WildcardType
Event: 0.422 Loading class java/lang/reflect/WildcardType done
Event: 0.423 Loading class sun/reflect/generics/tree/TypeVariableSignature
Event: 0.423 Loading class sun/reflect/generics/tree/TypeVariableSignature done
Event: 0.431 Loading class java/lang/annotation/IncompleteAnnotationException
Event: 0.431 Loading class java/lang/annotation/IncompleteAnnotationException done
Event: 0.458 Loading class java/lang/foreign/MemorySegment
Event: 0.458 Loading class java/lang/foreign/MemorySegment done

Classes unloaded (0 events):
No events

Classes redefined (0 events):
No events

Internal exceptions (20 events):
Event: 0.070 Thread 0x000001d7c566e6d0 Exception <a 'java/lang/NoSuchMethodError'{0x000000069bed6540}: 'void java.lang.invoke.DirectMethodHandle$Holder.invokeStatic(java.lang.Object, java.lang.Object, java.lang.Object)'> (0x000000069bed6540) 
thrown [s\open\src\hotspot\share\interpreter\linkResolver.cpp, line 773]
Event: 0.073 Thread 0x000001d7c566e6d0 Exception <a 'java/lang/NoSuchMethodError'{0x000000069beeda48}: 'java.lang.Object java.lang.invoke.Invokers$Holder.invokeExact_MT(java.lang.Object, java.lang.Object, java.lang.Object, java.lang.Object, java.lang.Object)'> (0x000000069beeda48) 
thrown [s\open\src\hotspot\share\interpreter\linkResolver.cpp, line 773]
Event: 0.081 Thread 0x000001d7e767d860 Exception <a 'java/lang/NoSuchMethodError'{0x000000069bf3bb88}: 'void java.lang.invoke.DirectMethodHandle$Holder.invokeStatic(java.lang.Object, java.lang.Object)'> (0x000000069bf3bb88) 
thrown [s\open\src\hotspot\share\interpreter\linkResolver.cpp, line 773]
Event: 0.093 Thread 0x000001d7c566e6d0 Exception <a 'java/lang/NoSuchMethodError'{0x000000069bfcc558}: 'int java.lang.invoke.DirectMethodHandle$Holder.invokeSpecial(java.lang.Object, java.lang.Object, java.lang.Object)'> (0x000000069bfcc558) 
thrown [s\open\src\hotspot\share\interpreter\linkResolver.cpp, line 773]
Event: 0.140 Thread 0x000001d7c566e6d0 Exception <a 'java/lang/NullPointerException'{0x000000069ba1ca30}> (0x000000069ba1ca30) 
thrown [s\open\src\hotspot\share\interpreter\linkResolver.cpp, line 1372]
Event: 0.184 Thread 0x000001d7c566e6d0 Exception <a 'sun/nio/fs/WindowsException'{0x000000069baa57b8}> (0x000000069baa57b8) 
thrown [s\open\src\hotspot\share\prims\jni.cpp, line 520]
Event: 0.184 Thread 0x000001d7c566e6d0 Exception <a 'sun/nio/fs/WindowsException'{0x000000069baa5f10}> (0x000000069baa5f10) 
thrown [s\open\src\hotspot\share\prims\jni.cpp, line 520]
Event: 0.184 Thread 0x000001d7c566e6d0 Exception <a 'sun/nio/fs/WindowsException'{0x000000069baa6490}> (0x000000069baa6490) 
thrown [s\open\src\hotspot\share\prims\jni.cpp, line 520]
Event: 0.184 Thread 0x000001d7c566e6d0 Exception <a 'sun/nio/fs/WindowsException'{0x000000069baa69e8}> (0x000000069baa69e8) 
thrown [s\open\src\hotspot\share\prims\jni.cpp, line 520]
Event: 0.184 Thread 0x000001d7c566e6d0 Exception <a 'sun/nio/fs/WindowsException'{0x000000069baa6ef0}> (0x000000069baa6ef0) 
thrown [s\open\src\hotspot\share\prims\jni.cpp, line 520]
Event: 0.184 Thread 0x000001d7c566e6d0 Exception <a 'sun/nio/fs/WindowsException'{0x000000069baa73b0}> (0x000000069baa73b0) 
thrown [s\open\src\hotspot\share\prims\jni.cpp, line 520]
Event: 0.238 Thread 0x000001d7c566e6d0 Exception <a 'java/lang/NoSuchMethodError'{0x000000069b4c70e8}: 'java.lang.Object java.lang.invoke.DirectMethodHandle$Holder.invokeSpecialIFC(java.lang.Object, java.lang.Object, java.lang.Object, java.lang.Object)'> (0x000000069b4c70e8) 
thrown [s\open\src\hotspot\share\interpreter\linkResolver.cpp, line 773]
Event: 0.354 Thread 0x000001d7c566e6d0 Exception <a 'java/lang/NoSuchMethodError'{0x000000069b236548}: 'void java.lang.invoke.DirectMethodHandle$Holder.invokeSpecial(java.lang.Object, java.lang.Object, java.lang.Object)'> (0x000000069b236548) 
thrown [s\open\src\hotspot\share\interpreter\linkResolver.cpp, line 773]
Event: 0.374 Thread 0x000001d7c566e6d0 Exception <a 'java/lang/NoSuchMethodError'{0x000000069b379058}: 'java.lang.Object java.lang.invoke.DirectMethodHandle$Holder.invokeInterface(java.lang.Object, java.lang.Object)'> (0x000000069b379058) 
thrown [s\open\src\hotspot\share\interpreter\linkResolver.cpp, line 773]
Event: 0.382 Thread 0x000001d7c566e6d0 Exception <a 'java/lang/NoSuchMethodError'{0x000000069ac0e2b8}: 'int java.lang.invoke.DirectMethodHandle$Holder.invokeStatic(java.lang.Object, java.lang.Object, java.lang.Object, java.lang.Object)'> (0x000000069ac0e2b8) 
thrown [s\open\src\hotspot\share\interpreter\linkResolver.cpp, line 773]
Event: 0.383 Thread 0x000001d7c566e6d0 Exception <a 'java/lang/NoSuchMethodError'{0x000000069ac11938}: 'java.lang.Object java.lang.invoke.Invokers$Holder.invokeExact_MT(java.lang.Object, java.lang.Object, java.lang.Object, java.lang.Object, java.lang.Object, java.lang.Object)'> (0x000000069ac11938) 
thrown [s\open\src\hotspot\share\interpreter\linkResolver.cpp, line 773]
Event: 0.384 Thread 0x000001d7c566e6d0 Exception <a 'java/lang/NoSuchMethodError'{0x000000069ac200d0}: 'int java.lang.invoke.DirectMethodHandle$Holder.invokeSpecialIFC(java.lang.Object, java.lang.Object, java.lang.Object, java.lang.Object, java.lang.Object)'> (0x000000069ac200d0) 
thrown [s\open\src\hotspot\share\interpreter\linkResolver.cpp, line 773]
Event: 0.410 Thread 0x000001d7c566e6d0 Exception <a 'java/lang/NoSuchMethodError'{0x000000069ada2128}: 'java.lang.Object java.lang.invoke.DirectMethodHandle$Holder.newInvokeSpecial(java.lang.Object, java.lang.Object, java.lang.Object, java.lang.Object, java.lang.Object)'> (0x000000069ada2128) 
thrown [s\open\src\hotspot\share\interpreter\linkResolver.cpp, line 773]
Event: 0.427 Thread 0x000001d7c566e6d0 Exception <a 'java/lang/NoSuchMethodError'{0x000000069ae99c10}: 'int java.lang.invoke.DirectMethodHandle$Holder.invokeStaticInit(java.lang.Object, java.lang.Object)'> (0x000000069ae99c10) 
thrown [s\open\src\hotspot\share\interpreter\linkResolver.cpp, line 773]
Event: 0.431 Thread 0x000001d7c566e6d0 Exception <a 'java/lang/NoClassDefFoundError'{0x000000069aece2a0}: javax/enterprise/inject/Typed> (0x000000069aece2a0) 
thrown [s\open\src\hotspot\share\classfile\systemDictionary.cpp, line 301]

ZGC Phase Switch (0 events):
No events

VM Operations (10 events):
Event: 0.046 Executing VM operation: HandshakeAllThreads (Deoptimize)
Event: 0.046 Executing VM operation: HandshakeAllThreads (Deoptimize) done
Event: 0.140 Executing VM operation: HandshakeAllThreads (Deoptimize)
Event: 0.140 Executing VM operation: HandshakeAllThreads (Deoptimize) done
Event: 0.144 Executing VM operation: HandshakeAllThreads (Deoptimize)
Event: 0.144 Executing VM operation: HandshakeAllThreads (Deoptimize) done
Event: 0.393 Executing VM operation: ICBufferFull
Event: 0.393 Executing VM operation: ICBufferFull done
Event: 0.446 Executing VM operation: G1CollectForAllocation (G1 Evacuation Pause)
Event: 0.448 Executing VM operation: G1CollectForAllocation (G1 Evacuation Pause) done

Events (14 events):
Event: 0.017 Thread 0x000001d7c566e6d0 Thread added: 0x000001d7c566e6d0
Event: 0.028 Thread 0x000001d7e7307140 Thread added: 0x000001d7e7307140
Event: 0.028 Thread 0x000001d7e7308060 Thread added: 0x000001d7e7308060
Event: 0.029 Thread 0x000001d7e730d3b0 Thread added: 0x000001d7e730d3b0
Event: 0.029 Thread 0x000001d7e730e160 Thread added: 0x000001d7e730e160
Event: 0.029 Thread 0x000001d7e730f6b0 Thread added: 0x000001d7e730f6b0
Event: 0.029 Thread 0x000001d7e73106e0 Thread added: 0x000001d7e73106e0
Event: 0.029 Thread 0x000001d7e73131e0 Thread added: 0x000001d7e73131e0
Event: 0.029 Thread 0x000001d7e7317fe0 Thread added: 0x000001d7e7317fe0
Event: 0.042 Thread 0x000001d7e750f650 Thread added: 0x000001d7e750f650
Event: 0.075 Thread 0x000001d7e767d860 Thread added: 0x000001d7e767d860
Event: 0.075 Thread 0x000001d7e767ded0 Thread added: 0x000001d7e767ded0
Event: 0.098 Thread 0x000001d7e7761d70 Thread added: 0x000001d7e7761d70
Event: 0.449 Thread 0x000001d7e76c5980 Thread added: 0x000001d7e76c5980


Dynamic libraries:
0x00007ff7a90a0000 - 0x00007ff7a90ae000 	C:\Users\samir\.jdks\openjdk-21.0.1\bin\java.exe
0x00007ffeb51d0000 - 0x00007ffeb53e6000 	C:\Windows\SYSTEM32\ntdll.dll
0x00007ffeb38b0000 - 0x00007ffeb3974000 	C:\Windows\System32\KERNEL32.DLL
0x00007ffeb24f0000 - 0x00007ffeb2897000 	C:\Windows\System32\KERNELBASE.dll
0x00007ffeb2a90000 - 0x00007ffeb2ba1000 	C:\Windows\System32\ucrtbase.dll
0x00007ffeaa8e0000 - 0x00007ffeaa8f8000 	C:\Users\samir\.jdks\openjdk-21.0.1\bin\jli.dll
0x00007ffea8b20000 - 0x00007ffea8b3b000 	C:\Users\samir\.jdks\openjdk-21.0.1\bin\VCRUNTIME140.dll
0x00007ffeb4530000 - 0x00007ffeb46de000 	C:\Windows\System32\USER32.dll
0x00007ffeb2990000 - 0x00007ffeb29b6000 	C:\Windows\System32\win32u.dll
0x00007ffe93080000 - 0x00007ffe93313000 	C:\Windows\WinSxS\amd64_microsoft.windows.common-controls_6595b64144ccf1df_6.0.22621.3235_none_270f74e173860f98\COMCTL32.dll
0x00007ffeb3830000 - 0x00007ffeb3859000 	C:\Windows\System32\GDI32.dll
0x00007ffeb46e0000 - 0x00007ffeb4787000 	C:\Windows\System32\msvcrt.dll
0x00007ffeb2bb0000 - 0x00007ffeb2cc9000 	C:\Windows\System32\gdi32full.dll
0x00007ffeb29f0000 - 0x00007ffeb2a8a000 	C:\Windows\System32\msvcp_win.dll
0x00007ffeb37f0000 - 0x00007ffeb3821000 	C:\Windows\System32\IMM32.DLL
0x00007ffeab050000 - 0x00007ffeab05c000 	C:\Users\samir\.jdks\openjdk-21.0.1\bin\vcruntime140_1.dll
0x00007ffe8c6f0000 - 0x00007ffe8c77e000 	C:\Users\samir\.jdks\openjdk-21.0.1\bin\msvcp140.dll
0x00007ffe4aa70000 - 0x00007ffe4b785000 	C:\Users\samir\.jdks\openjdk-21.0.1\bin\server\jvm.dll
0x00007ffeb3610000 - 0x00007ffeb36c2000 	C:\Windows\System32\ADVAPI32.dll
0x00007ffeb36d0000 - 0x00007ffeb3778000 	C:\Windows\System32\sechost.dll
0x00007ffeb29c0000 - 0x00007ffeb29e8000 	C:\Windows\System32\bcrypt.dll
0x00007ffeb34f0000 - 0x00007ffeb3605000 	C:\Windows\System32\RPCRT4.dll
0x00007ffeb3430000 - 0x00007ffeb34a1000 	C:\Windows\System32\WS2_32.dll
0x00007ffeb1360000 - 0x00007ffeb13ad000 	C:\Windows\SYSTEM32\POWRPROF.dll
0x00007ffea7ae0000 - 0x00007ffea7b14000 	C:\Windows\SYSTEM32\WINMM.dll
0x00007ffea5d30000 - 0x00007ffea5d3a000 	C:\Windows\SYSTEM32\VERSION.dll
0x00007ffeb1340000 - 0x00007ffeb1353000 	C:\Windows\SYSTEM32\UMPDC.dll
0x00007ffeb1600000 - 0x00007ffeb1618000 	C:\Windows\SYSTEM32\kernel.appcore.dll
0x00007ffea23a0000 - 0x00007ffea23aa000 	C:\Users\samir\.jdks\openjdk-21.0.1\bin\jimage.dll
0x00007ffeaf950000 - 0x00007ffeafb83000 	C:\Windows\SYSTEM32\DBGHELP.DLL
0x00007ffeb4ae0000 - 0x00007ffeb4e68000 	C:\Windows\System32\combase.dll
0x00007ffeb4e70000 - 0x00007ffeb4f47000 	C:\Windows\System32\OLEAUT32.dll
0x00007ffea1da0000 - 0x00007ffea1dd2000 	C:\Windows\SYSTEM32\dbgcore.DLL
0x00007ffeb2910000 - 0x00007ffeb2989000 	C:\Windows\System32\bcryptPrimitives.dll
0x00007ffea8cb0000 - 0x00007ffea8cbf000 	C:\Users\samir\.jdks\openjdk-21.0.1\bin\instrument.dll
0x00007ffea2320000 - 0x00007ffea233f000 	C:\Users\samir\.jdks\openjdk-21.0.1\bin\java.dll
0x00007ffeb3cd0000 - 0x00007ffeb452c000 	C:\Windows\System32\SHELL32.dll
0x00007ffeb0410000 - 0x00007ffeb0d09000 	C:\Windows\SYSTEM32\windows.storage.dll
0x00007ffeb02d0000 - 0x00007ffeb040e000 	C:\Windows\SYSTEM32\wintypes.dll
0x00007ffeb49e0000 - 0x00007ffeb4ad3000 	C:\Windows\System32\SHCORE.dll
0x00007ffeb3a00000 - 0x00007ffeb3a5e000 	C:\Windows\System32\shlwapi.dll
0x00007ffeb2420000 - 0x00007ffeb2441000 	C:\Windows\SYSTEM32\profapi.dll
0x00007ffe818e0000 - 0x00007ffe819b7000 	C:\Users\samir\.jdks\openjdk-21.0.1\bin\jsvml.dll
0x00007ffe9b090000 - 0x00007ffe9b0a8000 	C:\Users\samir\.jdks\openjdk-21.0.1\bin\zip.dll
0x00007ffea2390000 - 0x00007ffea23a0000 	C:\Users\samir\.jdks\openjdk-21.0.1\bin\net.dll
0x00007ffea9500000 - 0x00007ffea9636000 	C:\Windows\SYSTEM32\WINHTTP.dll
0x00007ffeb1a70000 - 0x00007ffeb1ad9000 	C:\Windows\system32\mswsock.dll
0x00007ffe9b7d0000 - 0x00007ffe9b7e6000 	C:\Users\samir\.jdks\openjdk-21.0.1\bin\nio.dll
0x00007ffe991f0000 - 0x00007ffe9920a000 	C:\Program Files\JetBrains\IntelliJ IDEA 2023.2.5\bin\breakgen64.dll
0x00007ffe9c700000 - 0x00007ffe9c707000 	C:\Users\samir\.jdks\openjdk-21.0.1\bin\extnet.dll
0x0000000069ac0000 - 0x0000000069ae4000 	C:\Users\samir\AppData\Local\Temp\jansi-2.4.0-31fbd2718317540e-jansi.dll
0x00007ffe9c680000 - 0x00007ffe9c690000 	C:\Users\samir\.jdks\openjdk-21.0.1\bin\verify.dll

dbghelp: loaded successfully - version: 4.0.5 - missing functions: none
symbol engine: initialized successfully - sym options: 0x614 - pdb path: .;C:\Users\samir\.jdks\openjdk-21.0.1\bin;C:\Windows\SYSTEM32;C:\Windows\WinSxS\amd64_microsoft.windows.common-controls_6595b64144ccf1df_6.0.22621.3235_none_270f74e173860f98;C:\Users\samir\.jdks\openjdk-21.0.1\bin\server;C:\Program Files\JetBrains\IntelliJ IDEA 2023.2.5\bin;C:\Users\samir\AppData\Local\Temp

VM Arguments:
jvm_args: -Dmaven.multiModuleProjectDirectory=C:\Users\samir\Downloads\7_webapp-jsf3[layouts]\webapp-jsf3 -Djansi.passthrough=true -Dmaven.home=C:\Program Files\JetBrains\IntelliJ IDEA 2023.2.5\plugins\maven\lib\maven3 -Dclassworlds.conf=C:\Program Files\JetBrains\IntelliJ IDEA 2023.2.5\plugins\maven\lib\maven3\bin\m2.conf -Dmaven.ext.class.path=C:\Program Files\JetBrains\IntelliJ IDEA 2023.2.5\plugins\maven\lib\maven-event-listener.jar -javaagent:C:\Program Files\JetBrains\IntelliJ IDEA 2023.2.5\lib\idea_rt.jar=51165:C:\Program Files\JetBrains\IntelliJ IDEA 2023.2.5\bin -Dfile.encoding=UTF-8 -Dsun.stdout.encoding=UTF-8 -Dsun.stderr.encoding=UTF-8 
java_command: org.codehaus.classworlds.Launcher -Didea.version=2023.2.5 clean
java_class_path (initial): C:\Program Files\JetBrains\IntelliJ IDEA 2023.2.5\plugins\maven\lib\maven3\boot\plexus-classworlds-2.7.0.jar;C:\Program Files\JetBrains\IntelliJ IDEA 2023.2.5\plugins\maven\lib\maven3\boot\plexus-classworlds.license
Launcher Type: SUN_STANDARD

[Global flags]
     intx CICompilerCount                          = 4                                         {product} {ergonomic}
     uint ConcGCThreads                            = 3                                         {product} {ergonomic}
     uint G1ConcRefinementThreads                  = 10                                        {product} {ergonomic}
   size_t G1HeapRegionSize                         = 4194304                                   {product} {ergonomic}
    uintx GCDrainStackTargetSize                   = 64                                        {product} {ergonomic}
   size_t InitialHeapSize                          = 398458880                                 {product} {ergonomic}
   size_t MarkStackSize                            = 4194304                                   {product} {ergonomic}
   size_t MaxHeapSize                              = 6371147776                                {product} {ergonomic}
   size_t MaxNewSize                               = 3821010944                                {product} {ergonomic}
   size_t MinHeapDeltaBytes                        = 4194304                                   {product} {ergonomic}
   size_t MinHeapSize                              = 8388608                                   {product} {ergonomic}
    uintx NonNMethodCodeHeapSize                   = 5839372                                {pd product} {ergonomic}
    uintx NonProfiledCodeHeapSize                  = 122909434                              {pd product} {ergonomic}
    uintx ProfiledCodeHeapSize                     = 122909434                              {pd product} {ergonomic}
    uintx ReservedCodeCacheSize                    = 251658240                              {pd product} {ergonomic}
     bool SegmentedCodeCache                       = true                                      {product} {ergonomic}
   size_t SoftMaxHeapSize                          = 6371147776                             {manageable} {ergonomic}
     bool UseCompressedOops                        = true                           {product lp64_product} {ergonomic}
     bool UseG1GC                                  = true                                      {product} {ergonomic}
     bool UseLargePagesIndividualAllocation        = false                                  {pd product} {ergonomic}

Logging:
Log output configuration:
 #0: stdout all=warning uptime,level,tags foldmultilines=false
 #1: stderr all=off uptime,level,tags foldmultilines=false

Environment Variables:
PATH=C:\Program Files\Common Files\Oracle\Java\javapath;C:\Windows\system32;C:\Windows;C:\Windows\System32\Wbem;C:\Windows\System32\WindowsPowerShell\v1.0\;C:\Windows\System32\OpenSSH\;C:\Program Files (x86)\NVIDIA Corporation\PhysX\Common;C:\Program Files\NVIDIA Corporation\NVIDIA NvDLISR;C:\Program Files\dotnet\;C:\Program Files\Microsoft SQL Server\150\Tools\Binn\;C:\Program Files\Microsoft SQL Server\Client SDK\ODBC\170\Tools\Binn\;C:\Program Files\Git\cmd;C:\Program Files\nodejs\;C:\Program Files\MySQL\MySQL Shell 8.0\bin\;C:\Users\samir\AppData\Local\Microsoft\WindowsApps;C:\Users\samir\AppData\Local\Programs\Microsoft VS Code\bin;C:\Users\samir\.dotnet\tools;C:\Users\samir\AppData\Roaming\npm
USERNAME=samir
OS=Windows_NT
PROCESSOR_IDENTIFIER=Intel64 Family 6 Model 141 Stepping 1, GenuineIntel
TMP=C:\Users\samir\AppData\Local\Temp
TEMP=C:\Users\samir\AppData\Local\Temp




Periodic native trim disabled

---------------  S Y S T E M  ---------------

OS:
 Windows 11 , 64 bit Build 22621 (10.0.22621.3374)
OS uptime: 8 days 2:47 hours
Hyper-V role detected

CPU: total 12 (initial active 12) (6 cores per cpu, 2 threads per core) family 6 model 141 stepping 1 microcode 0x34, cx8, cmov, fxsr, ht, mmx, 3dnowpref, sse, sse2, sse3, ssse3, sse4.1, sse4.2, popcnt, lzcnt, tsc, tscinvbit, avx, avx2, aes, erms, clmul, bmi1, bmi2, adx, avx512f, avx512dq, avx512cd, avx512bw, avx512vl, sha, fma, vzeroupper, avx512_vpopcntdq, avx512_vpclmulqdq, avx512_vaes, avx512_vnni, clflush, clflushopt, clwb, avx512_vbmi2, avx512_vbmi, hv, rdtscp, rdpid, fsrm, gfni, avx512_bitalg, f16c, cet_ibt, cet_ss, avx512_ifma
Processor Information for all 12 processors :
  Max Mhz: 2688, Current Mhz: 2688, Mhz Limit: 2688

Memory: 4k page, system-wide physical 24298M (3816M free)
TotalPageFile size 82082M (AvailPageFile size 6M)
current process WorkingSet (physical memory assigned to process): 93M, peak: 96M
current process commit charge ("private bytes"): 500M, peak: 503M

vm_info: OpenJDK 64-Bit Server VM (21.0.1+12-29) for windows-amd64 JRE (21.0.1+12-29), built on 2023-10-05T13:27:09Z by "mach5one" with MS VC++ 17.1 (VS2022)

END.
