#
# There is insufficient memory for the Java Runtime Environment to continue.
# Native memory allocation (malloc) failed to allocate 644336 bytes for Chunk::new
# Possible reasons:
#   The system is out of physical RAM or swap space
#   The process is running with CompressedOops enabled, and the Java Heap may be blocking the growth of the native heap
# Possible solutions:
#   Reduce memory load on the system
#   Increase physical memory or swap space
#   Check if swap backing store is full
#   Decrease Java heap size (-Xmx/-Xms)
#   Decrease number of Java threads
#   Decrease Java thread stack sizes (-Xss)
#   Set larger code cache with -XX:ReservedCodeCacheSize=
#   JVM is running with Zero Based Compressed Oops mode in which the Java heap is
#     placed in the first 32GB address space. The Java Heap base address is the
#     maximum limit for the native heap growth. Please use -XX:HeapBaseMinAddress
#     to set the Java Heap base and to place the Java Heap above 32GB virtual address.
# This output file may be truncated or incomplete.
#
#  Out of Memory Error (arena.cpp:168), pid=21564, tid=28552
#
# JRE version: OpenJDK Runtime Environment (21.0.1+12) (build 21.0.1+12-29)
# Java VM: OpenJDK 64-Bit Server VM (21.0.1+12-29, mixed mode, sharing, tiered, compressed oops, compressed class ptrs, g1 gc, windows-amd64)
# No core dump will be written. Minidumps are not enabled by default on client versions of Windows
#

---------------  S U M M A R Y ------------

Command Line: -Dmaven.multiModuleProjectDirectory=C:\Users\samir\Downloads\7_webapp-jsf3[layouts]\webapp-jsf3 -Djansi.passthrough=true -Dmaven.home=C:\Program Files\JetBrains\IntelliJ IDEA 2023.2.5\plugins\maven\lib\maven3 -Dclassworlds.conf=C:\Program Files\JetBrains\IntelliJ IDEA 2023.2.5\plugins\maven\lib\maven3\bin\m2.conf -Dmaven.ext.class.path=C:\Program Files\JetBrains\IntelliJ IDEA 2023.2.5\plugins\maven\lib\maven-event-listener.jar -javaagent:C:\Program Files\JetBrains\IntelliJ IDEA 2023.2.5\lib\idea_rt.jar=51169:C:\Program Files\JetBrains\IntelliJ IDEA 2023.2.5\bin -Dfile.encoding=UTF-8 -Dsun.stdout.encoding=UTF-8 -Dsun.stderr.encoding=UTF-8 org.codehaus.classworlds.Launcher -Didea.version=2023.2.5 clean

Host: 11th Gen Intel(R) Core(TM) i5-11400H @ 2.70GHz, 12 cores, 23G,  Windows 11 , 64 bit Build 22621 (10.0.22621.3374)
Time: Sun Apr 28 17:47:37 2024 Hora est. Pacífico, Sudamérica elapsed time: 0.470806 seconds (0d 0h 0m 0s)

---------------  T H R E A D  ---------------

Current thread (0x0000027be920edc0):  JavaThread "C2 CompilerThread1" daemon [_thread_in_native, id=28552, stack(0x000000d3f4d00000,0x000000d3f4e00000) (1024K)]


Current CompileTask:
C2:    470 1134       4       java.io.InputStreamReader::read (11 bytes)

Stack: [0x000000d3f4d00000,0x000000d3f4e00000]
Native frames: (J=compiled Java code, j=interpreted, Vv=VM code, C=native code)
V  [jvm.dll+0x6c9029]
V  [jvm.dll+0x854b81]
V  [jvm.dll+0x856e5e]
V  [jvm.dll+0x857543]
V  [jvm.dll+0x280c06]
V  [jvm.dll+0xc3ead]
V  [jvm.dll+0xc43c3]
V  [jvm.dll+0x3b5732]
V  [jvm.dll+0x382475]
V  [jvm.dll+0x3818ea]
V  [jvm.dll+0x249ad0]
V  [jvm.dll+0x2490b1]
V  [jvm.dll+0x1c9ca1]
V  [jvm.dll+0x2586b9]
V  [jvm.dll+0x256c9a]
V  [jvm.dll+0x3ef1b6]
V  [jvm.dll+0x7fd728]
V  [jvm.dll+0x6c777d]
C  [ucrtbase.dll+0x29333]
C  [KERNEL32.DLL+0x1257d]
C  [ntdll.dll+0x5aa48]


---------------  P R O C E S S  ---------------

Threads class SMR info:
_java_thread_list=0x0000027be9d39f20, length=14, elements={
0x0000027bffbd3620, 0x0000027ba3aea640, 0x0000027ba3aeb650, 0x0000027ba3aef6b0,
0x0000027ba3af0460, 0x0000027ba3af1360, 0x0000027ba3af2110, 0x0000027ba3b021d0,
0x0000027ba3af75d0, 0x0000027be90be7e0, 0x0000027be91cd950, 0x0000027be91cdfc0,
0x0000027be920edc0, 0x0000027be9279240
}

Java Threads: ( => current thread )
  0x0000027bffbd3620 JavaThread "main"                              [_thread_in_native, id=28912, stack(0x000000d3f3a00000,0x000000d3f3b00000) (1024K)]
  0x0000027ba3aea640 JavaThread "Reference Handler"          daemon [_thread_blocked, id=27176, stack(0x000000d3f4200000,0x000000d3f4300000) (1024K)]
  0x0000027ba3aeb650 JavaThread "Finalizer"                  daemon [_thread_blocked, id=19880, stack(0x000000d3f4300000,0x000000d3f4400000) (1024K)]
  0x0000027ba3aef6b0 JavaThread "Signal Dispatcher"          daemon [_thread_blocked, id=20044, stack(0x000000d3f4400000,0x000000d3f4500000) (1024K)]
  0x0000027ba3af0460 JavaThread "Attach Listener"            daemon [_thread_blocked, id=39284, stack(0x000000d3f4500000,0x000000d3f4600000) (1024K)]
  0x0000027ba3af1360 JavaThread "Service Thread"             daemon [_thread_blocked, id=22248, stack(0x000000d3f4600000,0x000000d3f4700000) (1024K)]
  0x0000027ba3af2110 JavaThread "Monitor Deflation Thread"   daemon [_thread_blocked, id=23044, stack(0x000000d3f4700000,0x000000d3f4800000) (1024K)]
  0x0000027ba3b021d0 JavaThread "C2 CompilerThread0"         daemon [_thread_in_native, id=31564, stack(0x000000d3f4800000,0x000000d3f4900000) (1024K)]
  0x0000027ba3af75d0 JavaThread "C1 CompilerThread0"         daemon [_thread_blocked, id=34684, stack(0x000000d3f4900000,0x000000d3f4a00000) (1024K)]
  0x0000027be90be7e0 JavaThread "Common-Cleaner"             daemon [_thread_blocked, id=39556, stack(0x000000d3f4a00000,0x000000d3f4b00000) (1024K)]
  0x0000027be91cd950 JavaThread "Monitor Ctrl-Break"         daemon [_thread_in_native, id=24208, stack(0x000000d3f4b00000,0x000000d3f4c00000) (1024K)]
  0x0000027be91cdfc0 JavaThread "Notification Thread"        daemon [_thread_blocked, id=16216, stack(0x000000d3f4c00000,0x000000d3f4d00000) (1024K)]
=>0x0000027be920edc0 JavaThread "C2 CompilerThread1"         daemon [_thread_in_native, id=28552, stack(0x000000d3f4d00000,0x000000d3f4e00000) (1024K)]
  0x0000027be9279240 JavaThread "C2 CompilerThread2"         daemon [_thread_in_native, id=4424, stack(0x000000d3f5600000,0x000000d3f5700000) (1024K)]
Total: 14

Other Threads:
  0x0000027ba3accd00 VMThread "VM Thread"                           [id=17532, stack(0x000000d3f4100000,0x000000d3f4200000) (1024K)]
  0x0000027ba3ab5870 WatcherThread "VM Periodic Task Thread"        [id=22716, stack(0x000000d3f4000000,0x000000d3f4100000) (1024K)]
  0x0000027b81ecd300 WorkerThread "GC Thread#0"                     [id=16936, stack(0x000000d3f3b00000,0x000000d3f3c00000) (1024K)]
  0x0000027be9ca45e0 WorkerThread "GC Thread#1"                     [id=24440, stack(0x000000d3f4e00000,0x000000d3f4f00000) (1024K)]
  0x0000027be9ca4980 WorkerThread "GC Thread#2"                     [id=22680, stack(0x000000d3f4f00000,0x000000d3f5000000) (1024K)]
  0x0000027be9679850 WorkerThread "GC Thread#3"                     [id=5028, stack(0x000000d3f5000000,0x000000d3f5100000) (1024K)]
  0x0000027be9679bf0 WorkerThread "GC Thread#4"                     [id=7384, stack(0x000000d3f5100000,0x000000d3f5200000) (1024K)]
  0x0000027be9679f90 WorkerThread "GC Thread#5"                     [id=17952, stack(0x000000d3f5200000,0x000000d3f5300000) (1024K)]
  0x0000027be9e931c0 WorkerThread "GC Thread#6"                     [id=884, stack(0x000000d3f5300000,0x000000d3f5400000) (1024K)]
  0x0000027be967a330 WorkerThread "GC Thread#7"                     [id=33772, stack(0x000000d3f5400000,0x000000d3f5500000) (1024K)]
  0x0000027be9b7ea70 WorkerThread "GC Thread#8"                     [id=35480, stack(0x000000d3f5500000,0x000000d3f5600000) (1024K)]
  0x0000027b81eda0b0 ConcurrentGCThread "G1 Main Marker"            [id=22760, stack(0x000000d3f3c00000,0x000000d3f3d00000) (1024K)]
  0x0000027b81edbd70 WorkerThread "G1 Conc#0"                       [id=19600, stack(0x000000d3f3d00000,0x000000d3f3e00000) (1024K)]
  0x0000027ba39848a0 ConcurrentGCThread "G1 Refine#0"               [id=4016, stack(0x000000d3f3e00000,0x000000d3f3f00000) (1024K)]
  0x0000027ba3985410 ConcurrentGCThread "G1 Service"                [id=25864, stack(0x000000d3f3f00000,0x000000d3f4000000) (1024K)]
Total: 15

Threads with active compile tasks:
C2 CompilerThread0      479 1132   !   4       sun.nio.cs.StreamDecoder::read (78 bytes)
C2 CompilerThread1      479 1134       4       java.io.InputStreamReader::read (11 bytes)
C2 CompilerThread2      479 1136       4       org.codehaus.plexus.util.xml.XmlReader::read (11 bytes)
Total: 3

VM state: not at safepoint (normal execution)

VM Mutex/Monitor currently owned by a thread: None

Heap address: 0x0000000684400000, size: 6076 MB, Compressed Oops mode: Zero based, Oop shift amount: 3

CDS archive(s) mapped at: [0x0000027ba4000000-0x0000027ba4c90000-0x0000027ba4c90000), size 13172736, SharedBaseAddress: 0x0000027ba4000000, ArchiveRelocationMode: 1.
Compressed class space mapped at: 0x0000027ba5000000-0x0000027be5000000, reserved size: 1073741824
Narrow klass base: 0x0000027ba4000000, Narrow klass shift: 0, Narrow klass range: 0x100000000

GC Precious Log:
 CardTable entry size: 512
 Card Set container configuration: InlinePtr #cards 4 size 8 Array Of Cards #cards 32 size 80 Howl #buckets 8 coarsen threshold 7372 Howl Bitmap #cards 1024 size 144 coarsen threshold 921 Card regions per heap region 1 cards per card region 8192
 CPUs: 12 total, 12 available
 Memory: 24298M
 Large Page Support: Disabled
 NUMA Support: Disabled
 Compressed Oops: Enabled (Zero based)
 Heap Region Size: 4M
 Heap Min Capacity: 8M
 Heap Initial Capacity: 380M
 Heap Max Capacity: 6076M
 Pre-touch: Disabled
 Parallel Workers: 10
 Concurrent Workers: 3
 Concurrent Refinement Workers: 10
 Periodic GC: Disabled

Heap:
 garbage-first heap   total 389120K, used 8002K [0x0000000684400000, 0x0000000800000000)
  region size 4096K, 3 young (12288K), 1 survivors (4096K)
 Metaspace       used 6143K, committed 6336K, reserved 1114112K
  class space    used 701K, committed 768K, reserved 1048576K

Heap Regions: E=young(eden), S=young(survivor), O=old, HS=humongous(starts), HC=humongous(continues), CS=collection set, F=free, TAMS=top-at-mark-start, PB=parsable bottom
|   0|0x0000000684400000, 0x0000000684400000, 0x0000000684800000|  0%| F|  |TAMS 0x0000000684400000| PB 0x0000000684400000| Untracked 
|   1|0x0000000684800000, 0x0000000684800000, 0x0000000684c00000|  0%| F|  |TAMS 0x0000000684800000| PB 0x0000000684800000| Untracked 
|   2|0x0000000684c00000, 0x0000000684c00000, 0x0000000685000000|  0%| F|  |TAMS 0x0000000684c00000| PB 0x0000000684c00000| Untracked 
|   3|0x0000000685000000, 0x0000000685000000, 0x0000000685400000|  0%| F|  |TAMS 0x0000000685000000| PB 0x0000000685000000| Untracked 
|   4|0x0000000685400000, 0x0000000685400000, 0x0000000685800000|  0%| F|  |TAMS 0x0000000685400000| PB 0x0000000685400000| Untracked 
|   5|0x0000000685800000, 0x0000000685800000, 0x0000000685c00000|  0%| F|  |TAMS 0x0000000685800000| PB 0x0000000685800000| Untracked 
|   6|0x0000000685c00000, 0x0000000685c00000, 0x0000000686000000|  0%| F|  |TAMS 0x0000000685c00000| PB 0x0000000685c00000| Untracked 
|   7|0x0000000686000000, 0x0000000686000000, 0x0000000686400000|  0%| F|  |TAMS 0x0000000686000000| PB 0x0000000686000000| Untracked 
|   8|0x0000000686400000, 0x0000000686400000, 0x0000000686800000|  0%| F|  |TAMS 0x0000000686400000| PB 0x0000000686400000| Untracked 
|   9|0x0000000686800000, 0x0000000686800000, 0x0000000686c00000|  0%| F|  |TAMS 0x0000000686800000| PB 0x0000000686800000| Untracked 
|  10|0x0000000686c00000, 0x0000000686c00000, 0x0000000687000000|  0%| F|  |TAMS 0x0000000686c00000| PB 0x0000000686c00000| Untracked 
|  11|0x0000000687000000, 0x0000000687000000, 0x0000000687400000|  0%| F|  |TAMS 0x0000000687000000| PB 0x0000000687000000| Untracked 
|  12|0x0000000687400000, 0x0000000687400000, 0x0000000687800000|  0%| F|  |TAMS 0x0000000687400000| PB 0x0000000687400000| Untracked 
|  13|0x0000000687800000, 0x0000000687800000, 0x0000000687c00000|  0%| F|  |TAMS 0x0000000687800000| PB 0x0000000687800000| Untracked 
|  14|0x0000000687c00000, 0x0000000687c00000, 0x0000000688000000|  0%| F|  |TAMS 0x0000000687c00000| PB 0x0000000687c00000| Untracked 
|  15|0x0000000688000000, 0x0000000688000000, 0x0000000688400000|  0%| F|  |TAMS 0x0000000688000000| PB 0x0000000688000000| Untracked 
|  16|0x0000000688400000, 0x0000000688400000, 0x0000000688800000|  0%| F|  |TAMS 0x0000000688400000| PB 0x0000000688400000| Untracked 
|  17|0x0000000688800000, 0x0000000688800000, 0x0000000688c00000|  0%| F|  |TAMS 0x0000000688800000| PB 0x0000000688800000| Untracked 
|  18|0x0000000688c00000, 0x0000000688c00000, 0x0000000689000000|  0%| F|  |TAMS 0x0000000688c00000| PB 0x0000000688c00000| Untracked 
|  19|0x0000000689000000, 0x0000000689000000, 0x0000000689400000|  0%| F|  |TAMS 0x0000000689000000| PB 0x0000000689000000| Untracked 
|  20|0x0000000689400000, 0x0000000689400000, 0x0000000689800000|  0%| F|  |TAMS 0x0000000689400000| PB 0x0000000689400000| Untracked 
|  21|0x0000000689800000, 0x0000000689800000, 0x0000000689c00000|  0%| F|  |TAMS 0x0000000689800000| PB 0x0000000689800000| Untracked 
|  22|0x0000000689c00000, 0x0000000689c00000, 0x000000068a000000|  0%| F|  |TAMS 0x0000000689c00000| PB 0x0000000689c00000| Untracked 
|  23|0x000000068a000000, 0x000000068a000000, 0x000000068a400000|  0%| F|  |TAMS 0x000000068a000000| PB 0x000000068a000000| Untracked 
|  24|0x000000068a400000, 0x000000068a400000, 0x000000068a800000|  0%| F|  |TAMS 0x000000068a400000| PB 0x000000068a400000| Untracked 
|  25|0x000000068a800000, 0x000000068a800000, 0x000000068ac00000|  0%| F|  |TAMS 0x000000068a800000| PB 0x000000068a800000| Untracked 
|  26|0x000000068ac00000, 0x000000068ac00000, 0x000000068b000000|  0%| F|  |TAMS 0x000000068ac00000| PB 0x000000068ac00000| Untracked 
|  27|0x000000068b000000, 0x000000068b000000, 0x000000068b400000|  0%| F|  |TAMS 0x000000068b000000| PB 0x000000068b000000| Untracked 
|  28|0x000000068b400000, 0x000000068b400000, 0x000000068b800000|  0%| F|  |TAMS 0x000000068b400000| PB 0x000000068b400000| Untracked 
|  29|0x000000068b800000, 0x000000068b800000, 0x000000068bc00000|  0%| F|  |TAMS 0x000000068b800000| PB 0x000000068b800000| Untracked 
|  30|0x000000068bc00000, 0x000000068bc00000, 0x000000068c000000|  0%| F|  |TAMS 0x000000068bc00000| PB 0x000000068bc00000| Untracked 
|  31|0x000000068c000000, 0x000000068c000000, 0x000000068c400000|  0%| F|  |TAMS 0x000000068c000000| PB 0x000000068c000000| Untracked 
|  32|0x000000068c400000, 0x000000068c400000, 0x000000068c800000|  0%| F|  |TAMS 0x000000068c400000| PB 0x000000068c400000| Untracked 
|  33|0x000000068c800000, 0x000000068c800000, 0x000000068cc00000|  0%| F|  |TAMS 0x000000068c800000| PB 0x000000068c800000| Untracked 
|  34|0x000000068cc00000, 0x000000068cc00000, 0x000000068d000000|  0%| F|  |TAMS 0x000000068cc00000| PB 0x000000068cc00000| Untracked 
|  35|0x000000068d000000, 0x000000068d000000, 0x000000068d400000|  0%| F|  |TAMS 0x000000068d000000| PB 0x000000068d000000| Untracked 
|  36|0x000000068d400000, 0x000000068d400000, 0x000000068d800000|  0%| F|  |TAMS 0x000000068d400000| PB 0x000000068d400000| Untracked 
|  37|0x000000068d800000, 0x000000068d800000, 0x000000068dc00000|  0%| F|  |TAMS 0x000000068d800000| PB 0x000000068d800000| Untracked 
|  38|0x000000068dc00000, 0x000000068dc00000, 0x000000068e000000|  0%| F|  |TAMS 0x000000068dc00000| PB 0x000000068dc00000| Untracked 
|  39|0x000000068e000000, 0x000000068e000000, 0x000000068e400000|  0%| F|  |TAMS 0x000000068e000000| PB 0x000000068e000000| Untracked 
|  40|0x000000068e400000, 0x000000068e400000, 0x000000068e800000|  0%| F|  |TAMS 0x000000068e400000| PB 0x000000068e400000| Untracked 
|  41|0x000000068e800000, 0x000000068e800000, 0x000000068ec00000|  0%| F|  |TAMS 0x000000068e800000| PB 0x000000068e800000| Untracked 
|  42|0x000000068ec00000, 0x000000068ec00000, 0x000000068f000000|  0%| F|  |TAMS 0x000000068ec00000| PB 0x000000068ec00000| Untracked 
|  43|0x000000068f000000, 0x000000068f000000, 0x000000068f400000|  0%| F|  |TAMS 0x000000068f000000| PB 0x000000068f000000| Untracked 
|  44|0x000000068f400000, 0x000000068f400000, 0x000000068f800000|  0%| F|  |TAMS 0x000000068f400000| PB 0x000000068f400000| Untracked 
|  45|0x000000068f800000, 0x000000068f800000, 0x000000068fc00000|  0%| F|  |TAMS 0x000000068f800000| PB 0x000000068f800000| Untracked 
|  46|0x000000068fc00000, 0x000000068fc00000, 0x0000000690000000|  0%| F|  |TAMS 0x000000068fc00000| PB 0x000000068fc00000| Untracked 
|  47|0x0000000690000000, 0x0000000690000000, 0x0000000690400000|  0%| F|  |TAMS 0x0000000690000000| PB 0x0000000690000000| Untracked 
|  48|0x0000000690400000, 0x0000000690400000, 0x0000000690800000|  0%| F|  |TAMS 0x0000000690400000| PB 0x0000000690400000| Untracked 
|  49|0x0000000690800000, 0x0000000690800000, 0x0000000690c00000|  0%| F|  |TAMS 0x0000000690800000| PB 0x0000000690800000| Untracked 
|  50|0x0000000690c00000, 0x0000000690c00000, 0x0000000691000000|  0%| F|  |TAMS 0x0000000690c00000| PB 0x0000000690c00000| Untracked 
|  51|0x0000000691000000, 0x0000000691000000, 0x0000000691400000|  0%| F|  |TAMS 0x0000000691000000| PB 0x0000000691000000| Untracked 
|  52|0x0000000691400000, 0x0000000691400000, 0x0000000691800000|  0%| F|  |TAMS 0x0000000691400000| PB 0x0000000691400000| Untracked 
|  53|0x0000000691800000, 0x0000000691800000, 0x0000000691c00000|  0%| F|  |TAMS 0x0000000691800000| PB 0x0000000691800000| Untracked 
|  54|0x0000000691c00000, 0x0000000691c00000, 0x0000000692000000|  0%| F|  |TAMS 0x0000000691c00000| PB 0x0000000691c00000| Untracked 
|  55|0x0000000692000000, 0x0000000692000000, 0x0000000692400000|  0%| F|  |TAMS 0x0000000692000000| PB 0x0000000692000000| Untracked 
|  56|0x0000000692400000, 0x0000000692400000, 0x0000000692800000|  0%| F|  |TAMS 0x0000000692400000| PB 0x0000000692400000| Untracked 
|  57|0x0000000692800000, 0x0000000692800000, 0x0000000692c00000|  0%| F|  |TAMS 0x0000000692800000| PB 0x0000000692800000| Untracked 
|  58|0x0000000692c00000, 0x0000000692c00000, 0x0000000693000000|  0%| F|  |TAMS 0x0000000692c00000| PB 0x0000000692c00000| Untracked 
|  59|0x0000000693000000, 0x0000000693000000, 0x0000000693400000|  0%| F|  |TAMS 0x0000000693000000| PB 0x0000000693000000| Untracked 
|  60|0x0000000693400000, 0x0000000693400000, 0x0000000693800000|  0%| F|  |TAMS 0x0000000693400000| PB 0x0000000693400000| Untracked 
|  61|0x0000000693800000, 0x0000000693800000, 0x0000000693c00000|  0%| F|  |TAMS 0x0000000693800000| PB 0x0000000693800000| Untracked 
|  62|0x0000000693c00000, 0x0000000693c00000, 0x0000000694000000|  0%| F|  |TAMS 0x0000000693c00000| PB 0x0000000693c00000| Untracked 
|  63|0x0000000694000000, 0x0000000694000000, 0x0000000694400000|  0%| F|  |TAMS 0x0000000694000000| PB 0x0000000694000000| Untracked 
|  64|0x0000000694400000, 0x0000000694400000, 0x0000000694800000|  0%| F|  |TAMS 0x0000000694400000| PB 0x0000000694400000| Untracked 
|  65|0x0000000694800000, 0x0000000694800000, 0x0000000694c00000|  0%| F|  |TAMS 0x0000000694800000| PB 0x0000000694800000| Untracked 
|  66|0x0000000694c00000, 0x0000000694c00000, 0x0000000695000000|  0%| F|  |TAMS 0x0000000694c00000| PB 0x0000000694c00000| Untracked 
|  67|0x0000000695000000, 0x0000000695000000, 0x0000000695400000|  0%| F|  |TAMS 0x0000000695000000| PB 0x0000000695000000| Untracked 
|  68|0x0000000695400000, 0x0000000695400000, 0x0000000695800000|  0%| F|  |TAMS 0x0000000695400000| PB 0x0000000695400000| Untracked 
|  69|0x0000000695800000, 0x0000000695800000, 0x0000000695c00000|  0%| F|  |TAMS 0x0000000695800000| PB 0x0000000695800000| Untracked 
|  70|0x0000000695c00000, 0x0000000695c00000, 0x0000000696000000|  0%| F|  |TAMS 0x0000000695c00000| PB 0x0000000695c00000| Untracked 
|  71|0x0000000696000000, 0x0000000696000000, 0x0000000696400000|  0%| F|  |TAMS 0x0000000696000000| PB 0x0000000696000000| Untracked 
|  72|0x0000000696400000, 0x0000000696400000, 0x0000000696800000|  0%| F|  |TAMS 0x0000000696400000| PB 0x0000000696400000| Untracked 
|  73|0x0000000696800000, 0x0000000696800000, 0x0000000696c00000|  0%| F|  |TAMS 0x0000000696800000| PB 0x0000000696800000| Untracked 
|  74|0x0000000696c00000, 0x0000000696c00000, 0x0000000697000000|  0%| F|  |TAMS 0x0000000696c00000| PB 0x0000000696c00000| Untracked 
|  75|0x0000000697000000, 0x0000000697000000, 0x0000000697400000|  0%| F|  |TAMS 0x0000000697000000| PB 0x0000000697000000| Untracked 
|  76|0x0000000697400000, 0x0000000697400000, 0x0000000697800000|  0%| F|  |TAMS 0x0000000697400000| PB 0x0000000697400000| Untracked 
|  77|0x0000000697800000, 0x0000000697800000, 0x0000000697c00000|  0%| F|  |TAMS 0x0000000697800000| PB 0x0000000697800000| Untracked 
|  78|0x0000000697c00000, 0x0000000697c00000, 0x0000000698000000|  0%| F|  |TAMS 0x0000000697c00000| PB 0x0000000697c00000| Untracked 
|  79|0x0000000698000000, 0x0000000698000000, 0x0000000698400000|  0%| F|  |TAMS 0x0000000698000000| PB 0x0000000698000000| Untracked 
|  80|0x0000000698400000, 0x0000000698400000, 0x0000000698800000|  0%| F|  |TAMS 0x0000000698400000| PB 0x0000000698400000| Untracked 
|  81|0x0000000698800000, 0x0000000698800000, 0x0000000698c00000|  0%| F|  |TAMS 0x0000000698800000| PB 0x0000000698800000| Untracked 
|  82|0x0000000698c00000, 0x0000000698c00000, 0x0000000699000000|  0%| F|  |TAMS 0x0000000698c00000| PB 0x0000000698c00000| Untracked 
|  83|0x0000000699000000, 0x0000000699000000, 0x0000000699400000|  0%| F|  |TAMS 0x0000000699000000| PB 0x0000000699000000| Untracked 
|  84|0x0000000699400000, 0x0000000699400000, 0x0000000699800000|  0%| F|  |TAMS 0x0000000699400000| PB 0x0000000699400000| Untracked 
|  85|0x0000000699800000, 0x0000000699800000, 0x0000000699c00000|  0%| F|  |TAMS 0x0000000699800000| PB 0x0000000699800000| Untracked 
|  86|0x0000000699c00000, 0x0000000699c00000, 0x000000069a000000|  0%| F|  |TAMS 0x0000000699c00000| PB 0x0000000699c00000| Untracked 
|  87|0x000000069a000000, 0x000000069a000000, 0x000000069a400000|  0%| F|  |TAMS 0x000000069a000000| PB 0x000000069a000000| Untracked 
|  88|0x000000069a400000, 0x000000069a400000, 0x000000069a800000|  0%| F|  |TAMS 0x000000069a400000| PB 0x000000069a400000| Untracked 
|  89|0x000000069a800000, 0x000000069abd0ba8, 0x000000069ac00000| 95%| S|CS|TAMS 0x000000069a800000| PB 0x000000069a800000| Complete 
|  90|0x000000069ac00000, 0x000000069ac00000, 0x000000069b000000|  0%| F|  |TAMS 0x000000069ac00000| PB 0x000000069ac00000| Untracked 
|  91|0x000000069b000000, 0x000000069b000000, 0x000000069b400000|  0%| F|  |TAMS 0x000000069b000000| PB 0x000000069b000000| Untracked 
|  92|0x000000069b400000, 0x000000069b400000, 0x000000069b800000|  0%| F|  |TAMS 0x000000069b400000| PB 0x000000069b400000| Untracked 
|  93|0x000000069b800000, 0x000000069b84ec40, 0x000000069bc00000|  7%| E|  |TAMS 0x000000069b800000| PB 0x000000069b800000| Complete 
|  94|0x000000069bc00000, 0x000000069c000000, 0x000000069c000000|100%| E|CS|TAMS 0x000000069bc00000| PB 0x000000069bc00000| Complete 

Card table byte_map: [0x0000027b9a3c0000,0x0000027b9afa0000] _byte_map_base: 0x0000027b96f9e000

Marking Bits: (CMBitMap*) 0x0000027b81ecda00
 Bits: [0x0000027b9afa0000, 0x0000027ba0e90000)

Polling page: 0x0000027b81610000

Metaspace:

Usage:
  Non-class:      5.32 MB used.
      Class:    704.39 KB used.
       Both:      6.01 MB used.

Virtual space:
  Non-class space:       64.00 MB reserved,       5.44 MB (  8%) committed,  1 nodes.
      Class space:        1.00 GB reserved,     768.00 KB ( <1%) committed,  1 nodes.
             Both:        1.06 GB reserved,       6.19 MB ( <1%) committed. 

Chunk freelists:
   Non-Class:  9.09 MB
       Class:  15.27 MB
        Both:  24.36 MB

MaxMetaspaceSize: unlimited
CompressedClassSpaceSize: 1.00 GB
Initial GC threshold: 21.00 MB
Current GC threshold: 21.00 MB
CDS: on
 - commit_granule_bytes: 65536.
 - commit_granule_words: 8192.
 - virtual_space_node_default_size: 8388608.
 - enlarge_chunks_in_place: 1.
 - use_allocation_guard: 0.


Internal statistics:

num_allocs_failed_limit: 0.
num_arena_births: 64.
num_arena_deaths: 0.
num_vsnodes_births: 2.
num_vsnodes_deaths: 0.
num_space_committed: 99.
num_space_uncommitted: 0.
num_chunks_returned_to_freelist: 0.
num_chunks_taken_from_freelist: 226.
num_chunk_merges: 0.
num_chunk_splits: 151.
num_chunks_enlarged: 121.
num_inconsistent_stats: 0.

CodeHeap 'non-profiled nmethods': size=120000Kb used=396Kb max_used=396Kb free=119604Kb
 bounds [0x0000027b91d60000, 0x0000027b91fd0000, 0x0000027b99290000]
CodeHeap 'profiled nmethods': size=120000Kb used=2318Kb max_used=2318Kb free=117681Kb
 bounds [0x0000027b8a290000, 0x0000027b8a500000, 0x0000027b917c0000]
CodeHeap 'non-nmethods': size=5760Kb used=1504Kb max_used=1523Kb free=4255Kb
 bounds [0x0000027b917c0000, 0x0000027b91a30000, 0x0000027b91d60000]
 total_blobs=1643 nmethods=1171 adapters=377
 compilation: enabled
              stopped_count=0, restarted_count=0
 full_count=0

Compilation events (20 events):
Event: 0.460 Thread 0x0000027ba3af75d0 1166       3       jdk.internal.loader.URLClassPath$JarLoader$2::getCodeSigners (8 bytes)
Event: 0.460 Thread 0x0000027ba3af75d0 nmethod 1166 0x0000027b8a4c7110 code [0x0000027b8a4c72c0, 0x0000027b8a4c74a0]
Event: 0.460 Thread 0x0000027ba3af75d0 1167   !   3       java.util.jar.JarFile$JarFileEntry::getCodeSigners (77 bytes)
Event: 0.460 Thread 0x0000027ba3af75d0 nmethod 1167 0x0000027b8a4c7590 code [0x0000027b8a4c77a0, 0x0000027b8a4c7d38]
Event: 0.460 Thread 0x0000027ba3af75d0 1168       3       java.lang.ClassLoader::defineClass (43 bytes)
Event: 0.460 Thread 0x0000027ba3af75d0 nmethod 1168 0x0000027b8a4c7f10 code [0x0000027b8a4c8120, 0x0000027b8a4c8650]
Event: 0.462 Thread 0x0000027ba3af75d0 1176       3       java.util.HashMap::isEmpty (13 bytes)
Event: 0.463 Thread 0x0000027ba3af75d0 nmethod 1176 0x0000027b8a4c8890 code [0x0000027b8a4c8a20, 0x0000027b8a4c8b90]
Event: 0.463 Thread 0x0000027ba3af75d0 1177       3       org.codehaus.plexus.util.xml.pull.MXParser::getName (84 bytes)
Event: 0.463 Thread 0x0000027ba3af75d0 nmethod 1177 0x0000027b8a4c8c10 code [0x0000027b8a4c8de0, 0x0000027b8a4c91a0]
Event: 0.463 Thread 0x0000027ba3af75d0 1178       3       org.eclipse.sisu.plexus.PlexusXmlScanner::TEXT (10 bytes)
Event: 0.464 Thread 0x0000027ba3af75d0 nmethod 1178 0x0000027b8a4c9310 code [0x0000027b8a4c9500, 0x0000027b8a4c98c0]
Event: 0.464 Thread 0x0000027ba3af75d0 1179       3       org.codehaus.plexus.util.xml.pull.MXParser::nextText (103 bytes)
Event: 0.464 Thread 0x0000027ba3af75d0 nmethod 1179 0x0000027b8a4c9a90 code [0x0000027b8a4c9d60, 0x0000027b8a4ca950]
Event: 0.465 Thread 0x0000027ba3af75d0 1180   !   3       java.lang.String::<init> (893 bytes)
Event: 0.468 Thread 0x0000027ba3af75d0 nmethod 1180 0x0000027b8a4cad90 code [0x0000027b8a4cb640, 0x0000027b8a4d0e20]
Event: 0.468 Thread 0x0000027ba3af75d0 1181       2       java.lang.AbstractStringBuilder::isLatin1 (19 bytes)
Event: 0.468 Thread 0x0000027ba3af75d0 nmethod 1181 0x0000027b8a4d2810 code [0x0000027b8a4d29a0, 0x0000027b8a4d2ac0]
Event: 0.468 Thread 0x0000027ba3af75d0 1182       3       java.lang.StringBuilder::charAt (6 bytes)
Event: 0.468 Thread 0x0000027ba3af75d0 nmethod 1182 0x0000027b8a4d2b90 code [0x0000027b8a4d2d40, 0x0000027b8a4d2e88]

GC Heap History (2 events):
Event: 0.453 GC heap before
{Heap before GC invocations=0 (full 0):
 garbage-first heap   total 389120K, used 20480K [0x0000000684400000, 0x0000000800000000)
  region size 4096K, 5 young (20480K), 0 survivors (0K)
 Metaspace       used 6019K, committed 6144K, reserved 1114112K
  class space    used 682K, committed 768K, reserved 1048576K
}
Event: 0.455 GC heap after
{Heap after GC invocations=1 (full 0):
 garbage-first heap   total 389120K, used 3906K [0x0000000684400000, 0x0000000800000000)
  region size 4096K, 1 young (4096K), 1 survivors (4096K)
 Metaspace       used 6019K, committed 6144K, reserved 1114112K
  class space    used 682K, committed 768K, reserved 1048576K
}

Dll operation events (12 events):
Event: 0.005 Loaded shared library C:\Users\samir\.jdks\openjdk-21.0.1\bin\java.dll
Event: 0.032 Loaded shared library C:\Users\samir\.jdks\openjdk-21.0.1\bin\jsvml.dll
Event: 0.056 Loaded shared library C:\Users\samir\.jdks\openjdk-21.0.1\bin\zip.dll
Event: 0.058 Loaded shared library C:\Users\samir\.jdks\openjdk-21.0.1\bin\instrument.dll
Event: 0.062 Loaded shared library C:\Users\samir\.jdks\openjdk-21.0.1\bin\net.dll
Event: 0.063 Loaded shared library C:\Users\samir\.jdks\openjdk-21.0.1\bin\nio.dll
Event: 0.065 Loaded shared library C:\Users\samir\.jdks\openjdk-21.0.1\bin\zip.dll
Event: 0.076 Loaded shared library C:\Program Files\JetBrains\IntelliJ IDEA 2023.2.5\bin\breakgen64.dll
Event: 0.083 Loaded shared library C:\Users\samir\.jdks\openjdk-21.0.1\bin\extnet.dll
Event: 0.152 Loaded shared library C:\Users\samir\.jdks\openjdk-21.0.1\bin\jimage.dll
Event: 0.191 Loaded shared library C:\Users\samir\AppData\Local\Temp\jansi-2.4.0-af75bca111571f5-jansi.dll
Event: 0.199 Loaded shared library C:\Users\samir\.jdks\openjdk-21.0.1\bin\verify.dll

Deoptimization events (20 events):
Event: 0.442 Thread 0x0000027bffbd3620 DEOPT PACKING pc=0x0000027b91d90be4 sp=0x000000d3f3afe380
Event: 0.442 Thread 0x0000027bffbd3620 DEOPT UNPACKING pc=0x0000027b91817da2 sp=0x000000d3f3afe310 mode 2
Event: 0.450 Thread 0x0000027bffbd3620 Uncommon trap: trap_request=0xffffffde fr.pc=0x0000027b91da18e4 relative=0x0000000000000aa4
Event: 0.450 Thread 0x0000027bffbd3620 Uncommon trap: reason=class_check action=maybe_recompile pc=0x0000027b91da18e4 method=java.util.HashMap.putVal(ILjava/lang/Object;Ljava/lang/Object;ZZ)Ljava/lang/Object; @ 91 c2
Event: 0.450 Thread 0x0000027bffbd3620 DEOPT PACKING pc=0x0000027b91da18e4 sp=0x000000d3f3afe420
Event: 0.450 Thread 0x0000027bffbd3620 DEOPT UNPACKING pc=0x0000027b91817da2 sp=0x000000d3f3afe368 mode 2
Event: 0.455 Thread 0x0000027ba3aea640 Uncommon trap: trap_request=0xffffff45 fr.pc=0x0000027b91dc0a60 relative=0x0000000000000040
Event: 0.455 Thread 0x0000027ba3aea640 Uncommon trap: reason=unstable_if action=reinterpret pc=0x0000027b91dc0a60 method=java.util.concurrent.locks.AbstractQueuedSynchronizer.signalNext(Ljava/util/concurrent/locks/AbstractQueuedSynchronizer$Node;)V @ 1 c2
Event: 0.455 Thread 0x0000027ba3aea640 DEOPT PACKING pc=0x0000027b91dc0a60 sp=0x000000d3f42fefd0
Event: 0.455 Thread 0x0000027ba3aea640 DEOPT UNPACKING pc=0x0000027b91817da2 sp=0x000000d3f42fef60 mode 2
Event: 0.456 Thread 0x0000027ba3aea640 Uncommon trap: trap_request=0xffffff45 fr.pc=0x0000027b91dc02a0 relative=0x0000000000000180
Event: 0.456 Thread 0x0000027ba3aea640 Uncommon trap: reason=unstable_if action=reinterpret pc=0x0000027b91dc02a0 method=java.util.concurrent.locks.ReentrantLock$NonfairSync.initialTryLock()Z @ 25 c2
Event: 0.456 Thread 0x0000027ba3aea640 DEOPT PACKING pc=0x0000027b91dc02a0 sp=0x000000d3f42fefb0
Event: 0.456 Thread 0x0000027ba3aea640 DEOPT UNPACKING pc=0x0000027b91817da2 sp=0x000000d3f42fef50 mode 2
Event: 0.465 Thread 0x0000027bffbd3620 DEOPT PACKING pc=0x0000027b8a310b38 sp=0x000000d3f3afdfd0
Event: 0.465 Thread 0x0000027bffbd3620 DEOPT UNPACKING pc=0x0000027b918188e2 sp=0x000000d3f3afd5a8 mode 0
Event: 0.465 Thread 0x0000027bffbd3620 Uncommon trap: trap_request=0xffffffde fr.pc=0x0000027b91d9fecc relative=0x00000000000005ac
Event: 0.465 Thread 0x0000027bffbd3620 Uncommon trap: reason=class_check action=maybe_recompile pc=0x0000027b91d9fecc method=java.util.regex.Matcher.search(I)Z @ 121 c2
Event: 0.465 Thread 0x0000027bffbd3620 DEOPT PACKING pc=0x0000027b91d9fecc sp=0x000000d3f3afe1c0
Event: 0.465 Thread 0x0000027bffbd3620 DEOPT UNPACKING pc=0x0000027b91817da2 sp=0x000000d3f3afe1a0 mode 2

Classes loaded (20 events):
Event: 0.417 Loading class java/lang/annotation/Documented
Event: 0.417 Loading class java/lang/annotation/Documented done
Event: 0.423 Loading class java/util/concurrent/TimeoutException
Event: 0.423 Loading class java/util/concurrent/TimeoutException done
Event: 0.423 Loading class java/util/concurrent/CancellationException
Event: 0.424 Loading class java/util/concurrent/CancellationException done
Event: 0.424 Loading class sun/misc/Unsafe
Event: 0.424 Loading class sun/misc/Unsafe done
Event: 0.425 Loading class java/lang/invoke/DirectMethodHandle$StaticAccessor
Event: 0.425 Loading class java/lang/invoke/DirectMethodHandle$StaticAccessor done
Event: 0.427 Loading class java/lang/reflect/ParameterizedType
Event: 0.427 Loading class java/lang/reflect/ParameterizedType done
Event: 0.429 Loading class java/lang/reflect/WildcardType
Event: 0.429 Loading class java/lang/reflect/WildcardType done
Event: 0.431 Loading class sun/reflect/generics/tree/TypeVariableSignature
Event: 0.431 Loading class sun/reflect/generics/tree/TypeVariableSignature done
Event: 0.439 Loading class java/lang/annotation/IncompleteAnnotationException
Event: 0.439 Loading class java/lang/annotation/IncompleteAnnotationException done
Event: 0.465 Loading class java/lang/foreign/MemorySegment
Event: 0.466 Loading class java/lang/foreign/MemorySegment done

Classes unloaded (0 events):
No events

Classes redefined (0 events):
No events

Internal exceptions (20 events):
Event: 0.069 Thread 0x0000027bffbd3620 Exception <a 'java/lang/NoSuchMethodError'{0x000000069bed6540}: 'void java.lang.invoke.DirectMethodHandle$Holder.invokeStatic(java.lang.Object, java.lang.Object, java.lang.Object)'> (0x000000069bed6540) 
thrown [s\open\src\hotspot\share\interpreter\linkResolver.cpp, line 773]
Event: 0.073 Thread 0x0000027bffbd3620 Exception <a 'java/lang/NoSuchMethodError'{0x000000069beeda48}: 'java.lang.Object java.lang.invoke.Invokers$Holder.invokeExact_MT(java.lang.Object, java.lang.Object, java.lang.Object, java.lang.Object, java.lang.Object)'> (0x000000069beeda48) 
thrown [s\open\src\hotspot\share\interpreter\linkResolver.cpp, line 773]
Event: 0.084 Thread 0x0000027be91cd950 Exception <a 'java/lang/NoSuchMethodError'{0x000000069bf3bb88}: 'void java.lang.invoke.DirectMethodHandle$Holder.invokeStatic(java.lang.Object, java.lang.Object)'> (0x000000069bf3bb88) 
thrown [s\open\src\hotspot\share\interpreter\linkResolver.cpp, line 773]
Event: 0.094 Thread 0x0000027bffbd3620 Exception <a 'java/lang/NoSuchMethodError'{0x000000069bfcc558}: 'int java.lang.invoke.DirectMethodHandle$Holder.invokeSpecial(java.lang.Object, java.lang.Object, java.lang.Object)'> (0x000000069bfcc558) 
thrown [s\open\src\hotspot\share\interpreter\linkResolver.cpp, line 773]
Event: 0.149 Thread 0x0000027bffbd3620 Exception <a 'java/lang/NullPointerException'{0x000000069ba1e5f8}> (0x000000069ba1e5f8) 
thrown [s\open\src\hotspot\share\interpreter\linkResolver.cpp, line 1372]
Event: 0.198 Thread 0x0000027bffbd3620 Exception <a 'sun/nio/fs/WindowsException'{0x000000069baa6348}> (0x000000069baa6348) 
thrown [s\open\src\hotspot\share\prims\jni.cpp, line 520]
Event: 0.198 Thread 0x0000027bffbd3620 Exception <a 'sun/nio/fs/WindowsException'{0x000000069baa6aa0}> (0x000000069baa6aa0) 
thrown [s\open\src\hotspot\share\prims\jni.cpp, line 520]
Event: 0.198 Thread 0x0000027bffbd3620 Exception <a 'sun/nio/fs/WindowsException'{0x000000069baa7020}> (0x000000069baa7020) 
thrown [s\open\src\hotspot\share\prims\jni.cpp, line 520]
Event: 0.198 Thread 0x0000027bffbd3620 Exception <a 'sun/nio/fs/WindowsException'{0x000000069baa7578}> (0x000000069baa7578) 
thrown [s\open\src\hotspot\share\prims\jni.cpp, line 520]
Event: 0.198 Thread 0x0000027bffbd3620 Exception <a 'sun/nio/fs/WindowsException'{0x000000069baa7a80}> (0x000000069baa7a80) 
thrown [s\open\src\hotspot\share\prims\jni.cpp, line 520]
Event: 0.198 Thread 0x0000027bffbd3620 Exception <a 'sun/nio/fs/WindowsException'{0x000000069baa7f40}> (0x000000069baa7f40) 
thrown [s\open\src\hotspot\share\prims\jni.cpp, line 520]
Event: 0.254 Thread 0x0000027bffbd3620 Exception <a 'java/lang/NoSuchMethodError'{0x000000069b4c68b8}: 'java.lang.Object java.lang.invoke.DirectMethodHandle$Holder.invokeSpecialIFC(java.lang.Object, java.lang.Object, java.lang.Object, java.lang.Object)'> (0x000000069b4c68b8) 
thrown [s\open\src\hotspot\share\interpreter\linkResolver.cpp, line 773]
Event: 0.362 Thread 0x0000027bffbd3620 Exception <a 'java/lang/NoSuchMethodError'{0x000000069b233bd8}: 'void java.lang.invoke.DirectMethodHandle$Holder.invokeSpecial(java.lang.Object, java.lang.Object, java.lang.Object)'> (0x000000069b233bd8) 
thrown [s\open\src\hotspot\share\interpreter\linkResolver.cpp, line 773]
Event: 0.380 Thread 0x0000027bffbd3620 Exception <a 'java/lang/NoSuchMethodError'{0x000000069b376468}: 'java.lang.Object java.lang.invoke.DirectMethodHandle$Holder.invokeInterface(java.lang.Object, java.lang.Object)'> (0x000000069b376468) 
thrown [s\open\src\hotspot\share\interpreter\linkResolver.cpp, line 773]
Event: 0.389 Thread 0x0000027bffbd3620 Exception <a 'java/lang/NoSuchMethodError'{0x000000069ac0a730}: 'int java.lang.invoke.DirectMethodHandle$Holder.invokeStatic(java.lang.Object, java.lang.Object, java.lang.Object, java.lang.Object)'> (0x000000069ac0a730) 
thrown [s\open\src\hotspot\share\interpreter\linkResolver.cpp, line 773]
Event: 0.390 Thread 0x0000027bffbd3620 Exception <a 'java/lang/NoSuchMethodError'{0x000000069ac0ddb0}: 'java.lang.Object java.lang.invoke.Invokers$Holder.invokeExact_MT(java.lang.Object, java.lang.Object, java.lang.Object, java.lang.Object, java.lang.Object, java.lang.Object)'> (0x000000069ac0ddb0) 
thrown [s\open\src\hotspot\share\interpreter\linkResolver.cpp, line 773]
Event: 0.391 Thread 0x0000027bffbd3620 Exception <a 'java/lang/NoSuchMethodError'{0x000000069ac1c548}: 'int java.lang.invoke.DirectMethodHandle$Holder.invokeSpecialIFC(java.lang.Object, java.lang.Object, java.lang.Object, java.lang.Object, java.lang.Object)'> (0x000000069ac1c548) 
thrown [s\open\src\hotspot\share\interpreter\linkResolver.cpp, line 773]
Event: 0.417 Thread 0x0000027bffbd3620 Exception <a 'java/lang/NoSuchMethodError'{0x000000069ad9d0c8}: 'java.lang.Object java.lang.invoke.DirectMethodHandle$Holder.newInvokeSpecial(java.lang.Object, java.lang.Object, java.lang.Object, java.lang.Object, java.lang.Object)'> (0x000000069ad9d0c8) 
thrown [s\open\src\hotspot\share\interpreter\linkResolver.cpp, line 773]
Event: 0.435 Thread 0x0000027bffbd3620 Exception <a 'java/lang/NoSuchMethodError'{0x000000069ae94fe0}: 'int java.lang.invoke.DirectMethodHandle$Holder.invokeStaticInit(java.lang.Object, java.lang.Object)'> (0x000000069ae94fe0) 
thrown [s\open\src\hotspot\share\interpreter\linkResolver.cpp, line 773]
Event: 0.439 Thread 0x0000027bffbd3620 Exception <a 'java/lang/NoClassDefFoundError'{0x000000069aec95e0}: javax/enterprise/inject/Typed> (0x000000069aec95e0) 
thrown [s\open\src\hotspot\share\classfile\systemDictionary.cpp, line 301]

ZGC Phase Switch (0 events):
No events

VM Operations (10 events):
Event: 0.048 Executing VM operation: HandshakeAllThreads (Deoptimize)
Event: 0.048 Executing VM operation: HandshakeAllThreads (Deoptimize) done
Event: 0.148 Executing VM operation: HandshakeAllThreads (Deoptimize)
Event: 0.148 Executing VM operation: HandshakeAllThreads (Deoptimize) done
Event: 0.154 Executing VM operation: HandshakeAllThreads (Deoptimize)
Event: 0.154 Executing VM operation: HandshakeAllThreads (Deoptimize) done
Event: 0.419 Executing VM operation: ICBufferFull
Event: 0.419 Executing VM operation: ICBufferFull done
Event: 0.453 Executing VM operation: G1CollectForAllocation (G1 Evacuation Pause)
Event: 0.455 Executing VM operation: G1CollectForAllocation (G1 Evacuation Pause) done

Events (14 events):
Event: 0.017 Thread 0x0000027bffbd3620 Thread added: 0x0000027bffbd3620
Event: 0.029 Thread 0x0000027ba3aea640 Thread added: 0x0000027ba3aea640
Event: 0.029 Thread 0x0000027ba3aeb650 Thread added: 0x0000027ba3aeb650
Event: 0.029 Thread 0x0000027ba3aef6b0 Thread added: 0x0000027ba3aef6b0
Event: 0.029 Thread 0x0000027ba3af0460 Thread added: 0x0000027ba3af0460
Event: 0.030 Thread 0x0000027ba3af1360 Thread added: 0x0000027ba3af1360
Event: 0.030 Thread 0x0000027ba3af2110 Thread added: 0x0000027ba3af2110
Event: 0.030 Thread 0x0000027ba3b021d0 Thread added: 0x0000027ba3b021d0
Event: 0.030 Thread 0x0000027ba3af75d0 Thread added: 0x0000027ba3af75d0
Event: 0.044 Thread 0x0000027be90be7e0 Thread added: 0x0000027be90be7e0
Event: 0.076 Thread 0x0000027be91cd950 Thread added: 0x0000027be91cd950
Event: 0.076 Thread 0x0000027be91cdfc0 Thread added: 0x0000027be91cdfc0
Event: 0.099 Thread 0x0000027be920edc0 Thread added: 0x0000027be920edc0
Event: 0.456 Thread 0x0000027be9279240 Thread added: 0x0000027be9279240


Dynamic libraries:
0x00007ff7a90a0000 - 0x00007ff7a90ae000 	C:\Users\samir\.jdks\openjdk-21.0.1\bin\java.exe
0x00007ffeb51d0000 - 0x00007ffeb53e6000 	C:\Windows\SYSTEM32\ntdll.dll
0x00007ffeb38b0000 - 0x00007ffeb3974000 	C:\Windows\System32\KERNEL32.DLL
0x00007ffeb24f0000 - 0x00007ffeb2897000 	C:\Windows\System32\KERNELBASE.dll
0x00007ffeb2a90000 - 0x00007ffeb2ba1000 	C:\Windows\System32\ucrtbase.dll
0x00007ffea8b20000 - 0x00007ffea8b3b000 	C:\Users\samir\.jdks\openjdk-21.0.1\bin\VCRUNTIME140.dll
0x00007ffeaa8e0000 - 0x00007ffeaa8f8000 	C:\Users\samir\.jdks\openjdk-21.0.1\bin\jli.dll
0x00007ffeb4530000 - 0x00007ffeb46de000 	C:\Windows\System32\USER32.dll
0x00007ffeb2990000 - 0x00007ffeb29b6000 	C:\Windows\System32\win32u.dll
0x00007ffe93080000 - 0x00007ffe93313000 	C:\Windows\WinSxS\amd64_microsoft.windows.common-controls_6595b64144ccf1df_6.0.22621.3235_none_270f74e173860f98\COMCTL32.dll
0x00007ffeb3830000 - 0x00007ffeb3859000 	C:\Windows\System32\GDI32.dll
0x00007ffeb46e0000 - 0x00007ffeb4787000 	C:\Windows\System32\msvcrt.dll
0x00007ffeb2bb0000 - 0x00007ffeb2cc9000 	C:\Windows\System32\gdi32full.dll
0x00007ffeb29f0000 - 0x00007ffeb2a8a000 	C:\Windows\System32\msvcp_win.dll
0x00007ffeb37f0000 - 0x00007ffeb3821000 	C:\Windows\System32\IMM32.DLL
0x00007ffeab050000 - 0x00007ffeab05c000 	C:\Users\samir\.jdks\openjdk-21.0.1\bin\vcruntime140_1.dll
0x00007ffe8c6f0000 - 0x00007ffe8c77e000 	C:\Users\samir\.jdks\openjdk-21.0.1\bin\msvcp140.dll
0x00007ffe4aa70000 - 0x00007ffe4b785000 	C:\Users\samir\.jdks\openjdk-21.0.1\bin\server\jvm.dll
0x00007ffeb3610000 - 0x00007ffeb36c2000 	C:\Windows\System32\ADVAPI32.dll
0x00007ffeb36d0000 - 0x00007ffeb3778000 	C:\Windows\System32\sechost.dll
0x00007ffeb29c0000 - 0x00007ffeb29e8000 	C:\Windows\System32\bcrypt.dll
0x00007ffeb34f0000 - 0x00007ffeb3605000 	C:\Windows\System32\RPCRT4.dll
0x00007ffeb3430000 - 0x00007ffeb34a1000 	C:\Windows\System32\WS2_32.dll
0x00007ffeb1360000 - 0x00007ffeb13ad000 	C:\Windows\SYSTEM32\POWRPROF.dll
0x00007ffea7ae0000 - 0x00007ffea7b14000 	C:\Windows\SYSTEM32\WINMM.dll
0x00007ffea5d30000 - 0x00007ffea5d3a000 	C:\Windows\SYSTEM32\VERSION.dll
0x00007ffeb1340000 - 0x00007ffeb1353000 	C:\Windows\SYSTEM32\UMPDC.dll
0x00007ffeb1600000 - 0x00007ffeb1618000 	C:\Windows\SYSTEM32\kernel.appcore.dll
0x00007ffea23a0000 - 0x00007ffea23aa000 	C:\Users\samir\.jdks\openjdk-21.0.1\bin\jimage.dll
0x00007ffeaf950000 - 0x00007ffeafb83000 	C:\Windows\SYSTEM32\DBGHELP.DLL
0x00007ffeb4ae0000 - 0x00007ffeb4e68000 	C:\Windows\System32\combase.dll
0x00007ffeb4e70000 - 0x00007ffeb4f47000 	C:\Windows\System32\OLEAUT32.dll
0x00007ffea1da0000 - 0x00007ffea1dd2000 	C:\Windows\SYSTEM32\dbgcore.DLL
0x00007ffeb2910000 - 0x00007ffeb2989000 	C:\Windows\System32\bcryptPrimitives.dll
0x00007ffea8cb0000 - 0x00007ffea8cbf000 	C:\Users\samir\.jdks\openjdk-21.0.1\bin\instrument.dll
0x00007ffea2320000 - 0x00007ffea233f000 	C:\Users\samir\.jdks\openjdk-21.0.1\bin\java.dll
0x00007ffeb3cd0000 - 0x00007ffeb452c000 	C:\Windows\System32\SHELL32.dll
0x00007ffeb0410000 - 0x00007ffeb0d09000 	C:\Windows\SYSTEM32\windows.storage.dll
0x00007ffeb02d0000 - 0x00007ffeb040e000 	C:\Windows\SYSTEM32\wintypes.dll
0x00007ffeb49e0000 - 0x00007ffeb4ad3000 	C:\Windows\System32\SHCORE.dll
0x00007ffeb3a00000 - 0x00007ffeb3a5e000 	C:\Windows\System32\shlwapi.dll
0x00007ffeb2420000 - 0x00007ffeb2441000 	C:\Windows\SYSTEM32\profapi.dll
0x00007ffe818e0000 - 0x00007ffe819b7000 	C:\Users\samir\.jdks\openjdk-21.0.1\bin\jsvml.dll
0x00007ffe9b090000 - 0x00007ffe9b0a8000 	C:\Users\samir\.jdks\openjdk-21.0.1\bin\zip.dll
0x00007ffea2390000 - 0x00007ffea23a0000 	C:\Users\samir\.jdks\openjdk-21.0.1\bin\net.dll
0x00007ffea9500000 - 0x00007ffea9636000 	C:\Windows\SYSTEM32\WINHTTP.dll
0x00007ffeb1a70000 - 0x00007ffeb1ad9000 	C:\Windows\system32\mswsock.dll
0x00007ffe9b7d0000 - 0x00007ffe9b7e6000 	C:\Users\samir\.jdks\openjdk-21.0.1\bin\nio.dll
0x00007ffe991f0000 - 0x00007ffe9920a000 	C:\Program Files\JetBrains\IntelliJ IDEA 2023.2.5\bin\breakgen64.dll
0x00007ffe9c700000 - 0x00007ffe9c707000 	C:\Users\samir\.jdks\openjdk-21.0.1\bin\extnet.dll
0x0000000069ac0000 - 0x0000000069ae4000 	C:\Users\samir\AppData\Local\Temp\jansi-2.4.0-af75bca111571f5-jansi.dll
0x00007ffe9c680000 - 0x00007ffe9c690000 	C:\Users\samir\.jdks\openjdk-21.0.1\bin\verify.dll

dbghelp: loaded successfully - version: 4.0.5 - missing functions: none
symbol engine: initialized successfully - sym options: 0x614 - pdb path: .;C:\Users\samir\.jdks\openjdk-21.0.1\bin;C:\Windows\SYSTEM32;C:\Windows\WinSxS\amd64_microsoft.windows.common-controls_6595b64144ccf1df_6.0.22621.3235_none_270f74e173860f98;C:\Users\samir\.jdks\openjdk-21.0.1\bin\server;C:\Program Files\JetBrains\IntelliJ IDEA 2023.2.5\bin;C:\Users\samir\AppData\Local\Temp

VM Arguments:
jvm_args: -Dmaven.multiModuleProjectDirectory=C:\Users\samir\Downloads\7_webapp-jsf3[layouts]\webapp-jsf3 -Djansi.passthrough=true -Dmaven.home=C:\Program Files\JetBrains\IntelliJ IDEA 2023.2.5\plugins\maven\lib\maven3 -Dclassworlds.conf=C:\Program Files\JetBrains\IntelliJ IDEA 2023.2.5\plugins\maven\lib\maven3\bin\m2.conf -Dmaven.ext.class.path=C:\Program Files\JetBrains\IntelliJ IDEA 2023.2.5\plugins\maven\lib\maven-event-listener.jar -javaagent:C:\Program Files\JetBrains\IntelliJ IDEA 2023.2.5\lib\idea_rt.jar=51169:C:\Program Files\JetBrains\IntelliJ IDEA 2023.2.5\bin -Dfile.encoding=UTF-8 -Dsun.stdout.encoding=UTF-8 -Dsun.stderr.encoding=UTF-8 
java_command: org.codehaus.classworlds.Launcher -Didea.version=2023.2.5 clean
java_class_path (initial): C:\Program Files\JetBrains\IntelliJ IDEA 2023.2.5\plugins\maven\lib\maven3\boot\plexus-classworlds-2.7.0.jar;C:\Program Files\JetBrains\IntelliJ IDEA 2023.2.5\plugins\maven\lib\maven3\boot\plexus-classworlds.license
Launcher Type: SUN_STANDARD

[Global flags]
     intx CICompilerCount                          = 4                                         {product} {ergonomic}
     uint ConcGCThreads                            = 3                                         {product} {ergonomic}
     uint G1ConcRefinementThreads                  = 10                                        {product} {ergonomic}
   size_t G1HeapRegionSize                         = 4194304                                   {product} {ergonomic}
    uintx GCDrainStackTargetSize                   = 64                                        {product} {ergonomic}
   size_t InitialHeapSize                          = 398458880                                 {product} {ergonomic}
   size_t MarkStackSize                            = 4194304                                   {product} {ergonomic}
   size_t MaxHeapSize                              = 6371147776                                {product} {ergonomic}
   size_t MaxNewSize                               = 3821010944                                {product} {ergonomic}
   size_t MinHeapDeltaBytes                        = 4194304                                   {product} {ergonomic}
   size_t MinHeapSize                              = 8388608                                   {product} {ergonomic}
    uintx NonNMethodCodeHeapSize                   = 5839372                                {pd product} {ergonomic}
    uintx NonProfiledCodeHeapSize                  = 122909434                              {pd product} {ergonomic}
    uintx ProfiledCodeHeapSize                     = 122909434                              {pd product} {ergonomic}
    uintx ReservedCodeCacheSize                    = 251658240                              {pd product} {ergonomic}
     bool SegmentedCodeCache                       = true                                      {product} {ergonomic}
   size_t SoftMaxHeapSize                          = 6371147776                             {manageable} {ergonomic}
     bool UseCompressedOops                        = true                           {product lp64_product} {ergonomic}
     bool UseG1GC                                  = true                                      {product} {ergonomic}
     bool UseLargePagesIndividualAllocation        = false                                  {pd product} {ergonomic}

Logging:
Log output configuration:
 #0: stdout all=warning uptime,level,tags foldmultilines=false
 #1: stderr all=off uptime,level,tags foldmultilines=false

Environment Variables:
PATH=C:\Program Files\Common Files\Oracle\Java\javapath;C:\Windows\system32;C:\Windows;C:\Windows\System32\Wbem;C:\Windows\System32\WindowsPowerShell\v1.0\;C:\Windows\System32\OpenSSH\;C:\Program Files (x86)\NVIDIA Corporation\PhysX\Common;C:\Program Files\NVIDIA Corporation\NVIDIA NvDLISR;C:\Program Files\dotnet\;C:\Program Files\Microsoft SQL Server\150\Tools\Binn\;C:\Program Files\Microsoft SQL Server\Client SDK\ODBC\170\Tools\Binn\;C:\Program Files\Git\cmd;C:\Program Files\nodejs\;C:\Program Files\MySQL\MySQL Shell 8.0\bin\;C:\Users\samir\AppData\Local\Microsoft\WindowsApps;C:\Users\samir\AppData\Local\Programs\Microsoft VS Code\bin;C:\Users\samir\.dotnet\tools;C:\Users\samir\AppData\Roaming\npm
USERNAME=samir
OS=Windows_NT
PROCESSOR_IDENTIFIER=Intel64 Family 6 Model 141 Stepping 1, GenuineIntel
TMP=C:\Users\samir\AppData\Local\Temp
TEMP=C:\Users\samir\AppData\Local\Temp




Periodic native trim disabled

---------------  S Y S T E M  ---------------

OS:
 Windows 11 , 64 bit Build 22621 (10.0.22621.3374)
OS uptime: 8 days 2:47 hours
Hyper-V role detected

CPU: total 12 (initial active 12) (6 cores per cpu, 2 threads per core) family 6 model 141 stepping 1 microcode 0x34, cx8, cmov, fxsr, ht, mmx, 3dnowpref, sse, sse2, sse3, ssse3, sse4.1, sse4.2, popcnt, lzcnt, tsc, tscinvbit, avx, avx2, aes, erms, clmul, bmi1, bmi2, adx, avx512f, avx512dq, avx512cd, avx512bw, avx512vl, sha, fma, vzeroupper, avx512_vpopcntdq, avx512_vpclmulqdq, avx512_vaes, avx512_vnni, clflush, clflushopt, clwb, avx512_vbmi2, avx512_vbmi, hv, rdtscp, rdpid, fsrm, gfni, avx512_bitalg, f16c, cet_ibt, cet_ss, avx512_ifma
Processor Information for all 12 processors :
  Max Mhz: 2688, Current Mhz: 2688, Mhz Limit: 2688

Memory: 4k page, system-wide physical 24298M (3798M free)
TotalPageFile size 82082M (AvailPageFile size 5M)
current process WorkingSet (physical memory assigned to process): 89M, peak: 89M
current process commit charge ("private bytes"): 496M, peak: 496M

vm_info: OpenJDK 64-Bit Server VM (21.0.1+12-29) for windows-amd64 JRE (21.0.1+12-29), built on 2023-10-05T13:27:09Z by "mach5one" with MS VC++ 17.1 (VS2022)

END.
